[0.064s] Invoking command in '/home/jsc/ros2_ws/build/jsc_bot_description': CMAKE_PREFIX_PATH=${CMAKE_PREFIX_PATH}:/home/jsc/ros2_ws/install/robot_sensor_distance:/home/jsc/ros2_ws/install/robot_nav2:/home/jsc/ros2_ws/install/robot_distancia:/home/jsc/ros2_ws/install/robot_controller:/home/jsc/ros2_ws/install/motor_gui_pkg:/home/jsc/Aros2duino/install/aros2duino:/opt/ros/humble /usr/bin/cmake /home/jsc/ros2_ws/src/jsc_bot_description -DCMAKE_INSTALL_PREFIX=/home/jsc/ros2_ws/install/jsc_bot_description
[0.673s] -- Found ament_cmake: 1.3.10 (/opt/ros/humble/share/ament_cmake/cmake)
[0.674s] -- Override CMake install command with custom implementation using symlinks instead of copying resources
[0.674s] -- Found ament_lint_auto: 0.12.11 (/opt/ros/humble/share/ament_lint_auto/cmake)
[0.674s] -- Added test 'flake8' to check Python code syntax and style conventions
[0.674s] -- Added test 'lint_cmake' to check CMake code style
[0.674s] -- Added test 'pep257' to check Python code against some of the docstring style conventions in PEP 257
[0.674s] -- Added test 'xmllint' to check XML markup files
[0.674s] -- Configuring done
[0.674s] -- Generating done
[0.675s] -- Build files have been written to: /home/jsc/ros2_ws/build/jsc_bot_description
[0.713s] Invoked command in '/home/jsc/ros2_ws/build/jsc_bot_description' returned '0': CMAKE_PREFIX_PATH=${CMAKE_PREFIX_PATH}:/home/jsc/ros2_ws/install/robot_sensor_distance:/home/jsc/ros2_ws/install/robot_nav2:/home/jsc/ros2_ws/install/robot_distancia:/home/jsc/ros2_ws/install/robot_controller:/home/jsc/ros2_ws/install/motor_gui_pkg:/home/jsc/Aros2duino/install/aros2duino:/opt/ros/humble /usr/bin/cmake /home/jsc/ros2_ws/src/jsc_bot_description -DCMAKE_INSTALL_PREFIX=/home/jsc/ros2_ws/install/jsc_bot_description
[0.714s] Invoking command in '/home/jsc/ros2_ws/build/jsc_bot_description': CMAKE_PREFIX_PATH=${CMAKE_PREFIX_PATH}:/home/jsc/ros2_ws/install/robot_sensor_distance:/home/jsc/ros2_ws/install/robot_nav2:/home/jsc/ros2_ws/install/robot_distancia:/home/jsc/ros2_ws/install/robot_controller:/home/jsc/ros2_ws/install/motor_gui_pkg:/home/jsc/Aros2duino/install/aros2duino:/opt/ros/humble /usr/bin/cmake --build /home/jsc/ros2_ws/build/jsc_bot_description -- -j12 -l12
[0.773s] Invoked command in '/home/jsc/ros2_ws/build/jsc_bot_description' returned '0': CMAKE_PREFIX_PATH=${CMAKE_PREFIX_PATH}:/home/jsc/ros2_ws/install/robot_sensor_distance:/home/jsc/ros2_ws/install/robot_nav2:/home/jsc/ros2_ws/install/robot_distancia:/home/jsc/ros2_ws/install/robot_controller:/home/jsc/ros2_ws/install/motor_gui_pkg:/home/jsc/Aros2duino/install/aros2duino:/opt/ros/humble /usr/bin/cmake --build /home/jsc/ros2_ws/build/jsc_bot_description -- -j12 -l12
[0.830s] Invoking command in '/home/jsc/ros2_ws/build/jsc_bot_description': CMAKE_PREFIX_PATH=${CMAKE_PREFIX_PATH}:/home/jsc/ros2_ws/install/robot_sensor_distance:/home/jsc/ros2_ws/install/robot_nav2:/home/jsc/ros2_ws/install/robot_distancia:/home/jsc/ros2_ws/install/robot_controller:/home/jsc/ros2_ws/install/motor_gui_pkg:/home/jsc/Aros2duino/install/aros2duino:/opt/ros/humble /usr/bin/cmake --install /home/jsc/ros2_ws/build/jsc_bot_description
[0.855s] -- Install configuration: ""
[0.855s] -- Execute custom install script
[0.855s] -- Up-to-date symlink: /home/jsc/ros2_ws/install/jsc_bot_description/share/jsc_bot_description/src/description/jsc_bot_description.urdf
[0.856s] -- Up-to-date symlink: /home/jsc/ros2_ws/install/jsc_bot_description/share/jsc_bot_description/launch/display.launch.py
[0.856s] -- Up-to-date symlink: /home/jsc/ros2_ws/install/jsc_bot_description/share/jsc_bot_description/rviz/ urdf_config.rviz
[0.856s] -- Up-to-date symlink: /home/jsc/ros2_ws/install/jsc_bot_description/share/ament_index/resource_index/package_run_dependencies/jsc_bot_description
[0.856s] -- Up-to-date symlink: /home/jsc/ros2_ws/install/jsc_bot_description/share/ament_index/resource_index/parent_prefix_path/jsc_bot_description
[0.856s] -- Up-to-date symlink: /home/jsc/ros2_ws/install/jsc_bot_description/share/jsc_bot_description/environment/ament_prefix_path.sh
[0.856s] -- Up-to-date symlink: /home/jsc/ros2_ws/install/jsc_bot_description/share/jsc_bot_description/environment/ament_prefix_path.dsv
[0.856s] -- Up-to-date symlink: /home/jsc/ros2_ws/install/jsc_bot_description/share/jsc_bot_description/environment/path.sh
[0.856s] -- Up-to-date symlink: /home/jsc/ros2_ws/install/jsc_bot_description/share/jsc_bot_description/environment/path.dsv
[0.857s] -- Up-to-date symlink: /home/jsc/ros2_ws/install/jsc_bot_description/share/jsc_bot_description/local_setup.bash
[0.857s] -- Up-to-date symlink: /home/jsc/ros2_ws/install/jsc_bot_description/share/jsc_bot_description/local_setup.sh
[0.857s] -- Up-to-date symlink: /home/jsc/ros2_ws/install/jsc_bot_description/share/jsc_bot_description/local_setup.zsh
[0.857s] -- Up-to-date symlink: /home/jsc/ros2_ws/install/jsc_bot_description/share/jsc_bot_description/local_setup.dsv
[0.857s] -- Symlinking: /home/jsc/ros2_ws/install/jsc_bot_description/share/jsc_bot_description/package.dsv
[0.868s] -- Up-to-date symlink: /home/jsc/ros2_ws/install/jsc_bot_description/share/ament_index/resource_index/packages/jsc_bot_description
[0.868s] -- Up-to-date symlink: /home/jsc/ros2_ws/install/jsc_bot_description/share/jsc_bot_description/cmake/jsc_bot_descriptionConfig.cmake
[0.869s] -- Up-to-date symlink: /home/jsc/ros2_ws/install/jsc_bot_description/share/jsc_bot_description/cmake/jsc_bot_descriptionConfig-version.cmake
[0.869s] -- Up-to-date symlink: /home/jsc/ros2_ws/install/jsc_bot_description/share/jsc_bot_description/package.xml
[0.899s] Invoked command in '/home/jsc/ros2_ws/build/jsc_bot_description' returned '0': CMAKE_PREFIX_PATH=${CMAKE_PREFIX_PATH}:/home/jsc/ros2_ws/install/robot_sensor_distance:/home/jsc/ros2_ws/install/robot_nav2:/home/jsc/ros2_ws/install/robot_distancia:/home/jsc/ros2_ws/install/robot_controller:/home/jsc/ros2_ws/install/motor_gui_pkg:/home/jsc/Aros2duino/install/aros2duino:/opt/ros/humble /usr/bin/cmake --install /home/jsc/ros2_ws/build/jsc_bot_description
