-- Found ament_cmake: 1.3.10 (/opt/ros/humble/share/ament_cmake/cmake)
-- Override CMake install command with custom implementation using symlinks instead of copying resources
-- Found controller_manager: 2.43.1 (/opt/ros/humble/share/controller_manager/cmake)
-- Found rosidl_generator_c: 3.1.5 (/opt/ros/humble/share/rosidl_generator_c/cmake)
-- Found rosidl_adapter: 3.1.5 (/opt/ros/humble/share/rosidl_adapter/cmake)
-- Found rosidl_generator_cpp: 3.1.5 (/opt/ros/humble/share/rosidl_generator_cpp/cmake)
-- Using all available rosidl_typesupport_c: rosidl_typesupport_fastrtps_c;rosidl_typesupport_introspection_c
-- Using all available rosidl_typesupport_cpp: rosidl_typesupport_fastrtps_cpp;rosidl_typesupport_introspection_cpp
-- Found rmw_implementation_cmake: 6.1.2 (/opt/ros/humble/share/rmw_implementation_cmake/cmake)
-- Found rmw_fastrtps_cpp: 6.2.7 (/opt/ros/humble/share/rmw_fastrtps_cpp/cmake)
-- Found TinyXML2 via Config file: TinyXML2_DIR-NOTFOUND
-- Found TinyXML2 via Config file: TinyXML2_DIR-NOTFOUND
-- Found TinyXML2 via Config file: TinyXML2_DIR-NOTFOUND
-- Found TinyXML2 via Config file: TinyXML2_DIR-NOTFOUND
-- Using RMW implementation 'rmw_fastrtps_cpp' as default
-- Configuring done
-- Generating done
-- Build files have been written to: /home/jsc/ros2_ws/build/jsc_mecanum_control
[35m[1mConsolidate compiler generated dependencies of target jsc_mecanum_control_node[0m
[ 50%] [32m[1mLinking CXX executable jsc_mecanum_control_node[0m
[100%] Built target jsc_mecanum_control_node
-- Install configuration: ""
-- Execute custom install script
-- Symlinking: /home/jsc/ros2_ws/install/jsc_mecanum_control/lib/jsc_mecanum_control/jsc_mecanum_control_node
-- Symlinking: /home/jsc/ros2_ws/install/jsc_mecanum_control/share/ament_index/resource_index/package_run_dependencies/jsc_mecanum_control
-- Symlinking: /home/jsc/ros2_ws/install/jsc_mecanum_control/share/ament_index/resource_index/parent_prefix_path/jsc_mecanum_control
-- Symlinking: /home/jsc/ros2_ws/install/jsc_mecanum_control/share/jsc_mecanum_control/environment/ament_prefix_path.sh
-- Symlinking: /home/jsc/ros2_ws/install/jsc_mecanum_control/share/jsc_mecanum_control/environment/ament_prefix_path.dsv
-- Symlinking: /home/jsc/ros2_ws/install/jsc_mecanum_control/share/jsc_mecanum_control/environment/path.sh
-- Symlinking: /home/jsc/ros2_ws/install/jsc_mecanum_control/share/jsc_mecanum_control/environment/path.dsv
-- Symlinking: /home/jsc/ros2_ws/install/jsc_mecanum_control/share/jsc_mecanum_control/local_setup.bash
-- Symlinking: /home/jsc/ros2_ws/install/jsc_mecanum_control/share/jsc_mecanum_control/local_setup.sh
-- Symlinking: /home/jsc/ros2_ws/install/jsc_mecanum_control/share/jsc_mecanum_control/local_setup.zsh
-- Symlinking: /home/jsc/ros2_ws/install/jsc_mecanum_control/share/jsc_mecanum_control/local_setup.dsv
-- Symlinking: /home/jsc/ros2_ws/install/jsc_mecanum_control/share/jsc_mecanum_control/package.dsv
-- Symlinking: /home/jsc/ros2_ws/install/jsc_mecanum_control/share/ament_index/resource_index/packages/jsc_mecanum_control
-- Symlinking: /home/jsc/ros2_ws/install/jsc_mecanum_control/share/jsc_mecanum_control/cmake/jsc_mecanum_controlConfig.cmake
-- Symlinking: /home/jsc/ros2_ws/install/jsc_mecanum_control/share/jsc_mecanum_control/cmake/jsc_mecanum_controlConfig-version.cmake
-- Symlinking: /home/jsc/ros2_ws/install/jsc_mecanum_control/share/jsc_mecanum_control/package.xml
