[2.561s] Invoking command in '/home/jsc/ros2_ws/src/robot_sensor_distance': PYTHONPATH=/home/jsc/ros2_ws/build/robot_sensor_distance/prefix_override:/usr/lib/python3/dist-packages/colcon_core/task/python/colcon_distutils_commands:/home/jsc/ros2_ws/install/robot_sensor_distance/lib/python3.10/site-packages:${PYTHONPATH} /usr/bin/python3 -W ignore:setup.py install is deprecated setup.py egg_info --egg-base ../../build/robot_sensor_distance build --build-base /home/jsc/ros2_ws/build/robot_sensor_distance/build install --record /home/jsc/ros2_ws/build/robot_sensor_distance/install.log --single-version-externally-managed install_data
[3.142s] running egg_info
[3.143s] creating ../../build/robot_sensor_distance/robot_sensor_distance.egg-info
[3.143s] writing ../../build/robot_sensor_distance/robot_sensor_distance.egg-info/PKG-INFO
[3.144s] writing dependency_links to ../../build/robot_sensor_distance/robot_sensor_distance.egg-info/dependency_links.txt
[3.144s] writing entry points to ../../build/robot_sensor_distance/robot_sensor_distance.egg-info/entry_points.txt
[3.144s] writing requirements to ../../build/robot_sensor_distance/robot_sensor_distance.egg-info/requires.txt
[3.144s] writing top-level names to ../../build/robot_sensor_distance/robot_sensor_distance.egg-info/top_level.txt
[3.144s] writing manifest file '../../build/robot_sensor_distance/robot_sensor_distance.egg-info/SOURCES.txt'
[3.148s] reading manifest file '../../build/robot_sensor_distance/robot_sensor_distance.egg-info/SOURCES.txt'
[3.148s] adding license file 'LICENSE'
[3.149s] writing manifest file '../../build/robot_sensor_distance/robot_sensor_distance.egg-info/SOURCES.txt'
[3.149s] running build
[3.149s] running build_py
[3.149s] creating /home/jsc/ros2_ws/build/robot_sensor_distance/build
[3.149s] creating /home/jsc/ros2_ws/build/robot_sensor_distance/build/lib
[3.150s] creating /home/jsc/ros2_ws/build/robot_sensor_distance/build/lib/robot_sensor_distance
[3.152s] copying robot_sensor_distance/sensor_distance.py -> /home/jsc/ros2_ws/build/robot_sensor_distance/build/lib/robot_sensor_distance
[3.153s] copying robot_sensor_distance/__init__.py -> /home/jsc/ros2_ws/build/robot_sensor_distance/build/lib/robot_sensor_distance
[3.153s] running install
[3.153s] running install_lib
[3.153s] creating /home/jsc/ros2_ws/install/robot_sensor_distance/lib/python3.10/site-packages/robot_sensor_distance
[3.153s] copying /home/jsc/ros2_ws/build/robot_sensor_distance/build/lib/robot_sensor_distance/sensor_distance.py -> /home/jsc/ros2_ws/install/robot_sensor_distance/lib/python3.10/site-packages/robot_sensor_distance
[3.154s] copying /home/jsc/ros2_ws/build/robot_sensor_distance/build/lib/robot_sensor_distance/__init__.py -> /home/jsc/ros2_ws/install/robot_sensor_distance/lib/python3.10/site-packages/robot_sensor_distance
[3.154s] byte-compiling /home/jsc/ros2_ws/install/robot_sensor_distance/lib/python3.10/site-packages/robot_sensor_distance/sensor_distance.py to sensor_distance.cpython-310.pyc
[3.155s] byte-compiling /home/jsc/ros2_ws/install/robot_sensor_distance/lib/python3.10/site-packages/robot_sensor_distance/__init__.py to __init__.cpython-310.pyc
[3.155s] running install_data
[3.155s] creating /home/jsc/ros2_ws/install/robot_sensor_distance/share/ament_index
[3.155s] creating /home/jsc/ros2_ws/install/robot_sensor_distance/share/ament_index/resource_index
[3.156s] creating /home/jsc/ros2_ws/install/robot_sensor_distance/share/ament_index/resource_index/packages
[3.156s] copying resource/robot_sensor_distance -> /home/jsc/ros2_ws/install/robot_sensor_distance/share/ament_index/resource_index/packages
[3.156s] copying package.xml -> /home/jsc/ros2_ws/install/robot_sensor_distance/share/robot_sensor_distance
[3.156s] running install_egg_info
[3.170s] Copying ../../build/robot_sensor_distance/robot_sensor_distance.egg-info to /home/jsc/ros2_ws/install/robot_sensor_distance/lib/python3.10/site-packages/robot_sensor_distance-0.0.0-py3.10.egg-info
[3.170s] running install_scripts
[3.200s] Installing distancia script to /home/jsc/ros2_ws/install/robot_sensor_distance/lib/robot_sensor_distance
[3.201s] writing list of installed files to '/home/jsc/ros2_ws/build/robot_sensor_distance/install.log'
[3.263s] Invoked command in '/home/jsc/ros2_ws/src/robot_sensor_distance' returned '0': PYTHONPATH=/home/jsc/ros2_ws/build/robot_sensor_distance/prefix_override:/usr/lib/python3/dist-packages/colcon_core/task/python/colcon_distutils_commands:/home/jsc/ros2_ws/install/robot_sensor_distance/lib/python3.10/site-packages:${PYTHONPATH} /usr/bin/python3 -W ignore:setup.py install is deprecated setup.py egg_info --egg-base ../../build/robot_sensor_distance build --build-base /home/jsc/ros2_ws/build/robot_sensor_distance/build install --record /home/jsc/ros2_ws/build/robot_sensor_distance/install.log --single-version-externally-managed install_data
