[0.049s] Invoking command in '/home/jsc/ros2_ws/build/a_control': CMAKE_PREFIX_PATH=${CMAKE_PREFIX_PATH}:/home/jsc/ros2_ws/install/robot_sensor_distance:/home/jsc/ros2_ws/install/robot_nav2:/home/jsc/ros2_ws/install/robot_distancia:/home/jsc/ros2_ws/install/robot_controller:/home/jsc/ros2_ws/install/motor_gui_pkg:/home/jsc/Aros2duino/install/aros2duino:/opt/ros/humble /usr/bin/cmake /home/jsc/ros2_ws/src/a_control -DCMAKE_INSTALL_PREFIX=/home/jsc/ros2_ws/install/a_control
[0.611s] -- The C compiler identification is GNU 11.4.0
[0.611s] -- The CXX compiler identification is GNU 11.4.0
[0.611s] -- Detecting C compiler ABI info
[0.611s] -- Detecting C compiler ABI info - done
[0.611s] -- Check for working C compiler: /usr/bin/cc - skipped
[0.611s] -- Detecting C compile features
[0.611s] -- Detecting C compile features - done
[0.611s] -- Detecting CXX compiler ABI info
[0.652s] -- Detecting CXX compiler ABI info - done
[0.665s] -- Check for working CXX compiler: /usr/bin/c++ - skipped
[0.665s] -- Detecting CXX compile features
[0.666s] -- Detecting CXX compile features - done
[0.671s] -- Found ament_cmake: 1.3.10 (/opt/ros/humble/share/ament_cmake/cmake)
[0.970s] -- Found Python3: /usr/bin/python3 (found version "3.10.12") found components: Interpreter 
[1.144s] -- Found ament_lint_auto: 0.12.11 (/opt/ros/humble/share/ament_lint_auto/cmake)
[1.293s] -- Added test 'flake8' to check Python code syntax and style conventions
[1.295s] -- Added test 'lint_cmake' to check CMake code style
[1.296s] -- Added test 'pep257' to check Python code against some of the docstring style conventions in PEP 257
[1.302s] -- Added test 'xmllint' to check XML markup files
[1.304s] -- Configuring done
[1.313s] -- Generating done
[1.316s] -- Build files have been written to: /home/jsc/ros2_ws/build/a_control
[1.344s] Invoked command in '/home/jsc/ros2_ws/build/a_control' returned '0': CMAKE_PREFIX_PATH=${CMAKE_PREFIX_PATH}:/home/jsc/ros2_ws/install/robot_sensor_distance:/home/jsc/ros2_ws/install/robot_nav2:/home/jsc/ros2_ws/install/robot_distancia:/home/jsc/ros2_ws/install/robot_controller:/home/jsc/ros2_ws/install/motor_gui_pkg:/home/jsc/Aros2duino/install/aros2duino:/opt/ros/humble /usr/bin/cmake /home/jsc/ros2_ws/src/a_control -DCMAKE_INSTALL_PREFIX=/home/jsc/ros2_ws/install/a_control
[1.345s] Invoking command in '/home/jsc/ros2_ws/build/a_control': CMAKE_PREFIX_PATH=${CMAKE_PREFIX_PATH}:/home/jsc/ros2_ws/install/robot_sensor_distance:/home/jsc/ros2_ws/install/robot_nav2:/home/jsc/ros2_ws/install/robot_distancia:/home/jsc/ros2_ws/install/robot_controller:/home/jsc/ros2_ws/install/motor_gui_pkg:/home/jsc/Aros2duino/install/aros2duino:/opt/ros/humble /usr/bin/cmake --build /home/jsc/ros2_ws/build/a_control -- -j12 -l12
[1.396s] Invoked command in '/home/jsc/ros2_ws/build/a_control' returned '0': CMAKE_PREFIX_PATH=${CMAKE_PREFIX_PATH}:/home/jsc/ros2_ws/install/robot_sensor_distance:/home/jsc/ros2_ws/install/robot_nav2:/home/jsc/ros2_ws/install/robot_distancia:/home/jsc/ros2_ws/install/robot_controller:/home/jsc/ros2_ws/install/motor_gui_pkg:/home/jsc/Aros2duino/install/aros2duino:/opt/ros/humble /usr/bin/cmake --build /home/jsc/ros2_ws/build/a_control -- -j12 -l12
[1.444s] Invoking command in '/home/jsc/ros2_ws/build/a_control': CMAKE_PREFIX_PATH=${CMAKE_PREFIX_PATH}:/home/jsc/ros2_ws/install/robot_sensor_distance:/home/jsc/ros2_ws/install/robot_nav2:/home/jsc/ros2_ws/install/robot_distancia:/home/jsc/ros2_ws/install/robot_controller:/home/jsc/ros2_ws/install/motor_gui_pkg:/home/jsc/Aros2duino/install/aros2duino:/opt/ros/humble /usr/bin/cmake --install /home/jsc/ros2_ws/build/a_control
[1.457s] -- Install configuration: ""
[1.458s] -- Installing: /home/jsc/ros2_ws/install/a_control/share/a_control//scripts
[1.458s] -- Installing: /home/jsc/ros2_ws/install/a_control/share/a_control//scripts/robot_control.py
[1.458s] -- Installing: /home/jsc/ros2_ws/install/a_control/share/a_control//scripts/robot_control_navigation.py
[1.458s] -- Installing: /home/jsc/ros2_ws/install/a_control/share/a_control//launch
[1.458s] -- Installing: /home/jsc/ros2_ws/install/a_control/share/a_control//launch/omni_control_navigation.launch.py
[1.458s] -- Installing: /home/jsc/ros2_ws/install/a_control/share/a_control//launch/omni_control.launch.py
[1.458s] -- Installing: /home/jsc/ros2_ws/install/a_control/lib/a_control/robot_control.py
[1.458s] -- Installing: /home/jsc/ros2_ws/install/a_control/lib/a_control/robot_control_navigation.py
[1.458s] -- Installing: /home/jsc/ros2_ws/install/a_control/lib/a_control/omni_control.launch.py
[1.460s] -- Installing: /home/jsc/ros2_ws/install/a_control/lib/a_control/omni_control_navigation.launch.py
[1.462s] -- Installing: /home/jsc/ros2_ws/install/a_control/share/ament_index/resource_index/package_run_dependencies/a_control
[1.463s] -- Installing: /home/jsc/ros2_ws/install/a_control/share/ament_index/resource_index/parent_prefix_path/a_control
[1.463s] -- Installing: /home/jsc/ros2_ws/install/a_control/share/a_control/environment/ament_prefix_path.sh
[1.464s] -- Installing: /home/jsc/ros2_ws/install/a_control/share/a_control/environment/ament_prefix_path.dsv
[1.464s] -- Installing: /home/jsc/ros2_ws/install/a_control/share/a_control/environment/path.sh
[1.464s] -- Installing: /home/jsc/ros2_ws/install/a_control/share/a_control/environment/path.dsv
[1.465s] -- Installing: /home/jsc/ros2_ws/install/a_control/share/a_control/local_setup.bash
[1.466s] -- Installing: /home/jsc/ros2_ws/install/a_control/share/a_control/local_setup.sh
[1.467s] -- Installing: /home/jsc/ros2_ws/install/a_control/share/a_control/local_setup.zsh
[1.467s] -- Installing: /home/jsc/ros2_ws/install/a_control/share/a_control/local_setup.dsv
[1.467s] -- Installing: /home/jsc/ros2_ws/install/a_control/share/a_control/package.dsv
[1.467s] -- Installing: /home/jsc/ros2_ws/install/a_control/share/ament_index/resource_index/packages/a_control
[1.467s] -- Installing: /home/jsc/ros2_ws/install/a_control/share/a_control/cmake/a_controlConfig.cmake
[1.468s] -- Installing: /home/jsc/ros2_ws/install/a_control/share/a_control/cmake/a_controlConfig-version.cmake
[1.468s] -- Installing: /home/jsc/ros2_ws/install/a_control/share/a_control/package.xml
[1.476s] Invoked command in '/home/jsc/ros2_ws/build/a_control' returned '0': CMAKE_PREFIX_PATH=${CMAKE_PREFIX_PATH}:/home/jsc/ros2_ws/install/robot_sensor_distance:/home/jsc/ros2_ws/install/robot_nav2:/home/jsc/ros2_ws/install/robot_distancia:/home/jsc/ros2_ws/install/robot_controller:/home/jsc/ros2_ws/install/motor_gui_pkg:/home/jsc/Aros2duino/install/aros2duino:/opt/ros/humble /usr/bin/cmake --install /home/jsc/ros2_ws/build/a_control
