[2.632s] Invoking command in '/home/jsc/ros2_ws/build/robot_sensor_distance': PYTHONPATH=/home/jsc/ros2_ws/build/robot_sensor_distance/prefix_override:/usr/lib/python3/dist-packages/colcon_core/task/python/colcon_distutils_commands:/home/jsc/ros2_ws/install/robot_sensor_distance/lib/python3.10/site-packages:${PYTHONPATH} /usr/bin/python3 -W ignore:setup.py install is deprecated setup.py develop --uninstall --editable --build-directory /home/jsc/ros2_ws/build/robot_sensor_distance/build
[3.089s] running develop
[3.369s] Removing /home/jsc/ros2_ws/install/robot_sensor_distance/lib/python3.10/site-packages/robot-sensor-distance.egg-link (link to .)
[3.404s] Invoked command in '/home/jsc/ros2_ws/build/robot_sensor_distance' returned '0': PYTHONPATH=/home/jsc/ros2_ws/build/robot_sensor_distance/prefix_override:/usr/lib/python3/dist-packages/colcon_core/task/python/colcon_distutils_commands:/home/jsc/ros2_ws/install/robot_sensor_distance/lib/python3.10/site-packages:${PYTHONPATH} /usr/bin/python3 -W ignore:setup.py install is deprecated setup.py develop --uninstall --editable --build-directory /home/jsc/ros2_ws/build/robot_sensor_distance/build
[3.406s] Invoking command in '/home/jsc/ros2_ws/src/robot_sensor_distance': PYTHONPATH=/home/jsc/ros2_ws/build/robot_sensor_distance/prefix_override:/usr/lib/python3/dist-packages/colcon_core/task/python/colcon_distutils_commands:/home/jsc/ros2_ws/install/robot_sensor_distance/lib/python3.10/site-packages:${PYTHONPATH} /usr/bin/python3 -W ignore:setup.py install is deprecated setup.py egg_info --egg-base ../../build/robot_sensor_distance build --build-base /home/jsc/ros2_ws/build/robot_sensor_distance/build install --record /home/jsc/ros2_ws/build/robot_sensor_distance/install.log --single-version-externally-managed install_data --force
[3.759s] running egg_info
[3.760s] writing ../../build/robot_sensor_distance/robot_sensor_distance.egg-info/PKG-INFO
[3.760s] writing dependency_links to ../../build/robot_sensor_distance/robot_sensor_distance.egg-info/dependency_links.txt
[3.760s] writing entry points to ../../build/robot_sensor_distance/robot_sensor_distance.egg-info/entry_points.txt
[3.760s] writing requirements to ../../build/robot_sensor_distance/robot_sensor_distance.egg-info/requires.txt
[3.760s] writing top-level names to ../../build/robot_sensor_distance/robot_sensor_distance.egg-info/top_level.txt
[3.762s] reading manifest file '../../build/robot_sensor_distance/robot_sensor_distance.egg-info/SOURCES.txt'
[3.762s] adding license file 'LICENSE'
[3.763s] writing manifest file '../../build/robot_sensor_distance/robot_sensor_distance.egg-info/SOURCES.txt'
[3.763s] running build
[3.763s] running build_py
[3.764s] running install
[3.764s] running install_lib
[3.765s] creating /home/jsc/ros2_ws/install/robot_sensor_distance/lib/python3.10/site-packages/robot_sensor_distance
[3.766s] copying /home/jsc/ros2_ws/build/robot_sensor_distance/build/lib/robot_sensor_distance/sensor_distance.py -> /home/jsc/ros2_ws/install/robot_sensor_distance/lib/python3.10/site-packages/robot_sensor_distance
[3.766s] copying /home/jsc/ros2_ws/build/robot_sensor_distance/build/lib/robot_sensor_distance/__init__.py -> /home/jsc/ros2_ws/install/robot_sensor_distance/lib/python3.10/site-packages/robot_sensor_distance
[3.766s] byte-compiling /home/jsc/ros2_ws/install/robot_sensor_distance/lib/python3.10/site-packages/robot_sensor_distance/sensor_distance.py to sensor_distance.cpython-310.pyc
[3.767s] byte-compiling /home/jsc/ros2_ws/install/robot_sensor_distance/lib/python3.10/site-packages/robot_sensor_distance/__init__.py to __init__.cpython-310.pyc
[3.767s] running install_data
[3.768s] copying resource/robot_sensor_distance -> /home/jsc/ros2_ws/install/robot_sensor_distance/share/ament_index/resource_index/packages
[3.768s] copying package.xml -> /home/jsc/ros2_ws/install/robot_sensor_distance/share/robot_sensor_distance
[3.768s] running install_egg_info
[3.770s] Copying ../../build/robot_sensor_distance/robot_sensor_distance.egg-info to /home/jsc/ros2_ws/install/robot_sensor_distance/lib/python3.10/site-packages/robot_sensor_distance-0.0.0-py3.10.egg-info
[3.771s] running install_scripts
[3.794s] Installing distancia script to /home/jsc/ros2_ws/install/robot_sensor_distance/lib/robot_sensor_distance
[3.795s] writing list of installed files to '/home/jsc/ros2_ws/build/robot_sensor_distance/install.log'
[3.827s] Invoked command in '/home/jsc/ros2_ws/src/robot_sensor_distance' returned '0': PYTHONPATH=/home/jsc/ros2_ws/build/robot_sensor_distance/prefix_override:/usr/lib/python3/dist-packages/colcon_core/task/python/colcon_distutils_commands:/home/jsc/ros2_ws/install/robot_sensor_distance/lib/python3.10/site-packages:${PYTHONPATH} /usr/bin/python3 -W ignore:setup.py install is deprecated setup.py egg_info --egg-base ../../build/robot_sensor_distance build --build-base /home/jsc/ros2_ws/build/robot_sensor_distance/build install --record /home/jsc/ros2_ws/build/robot_sensor_distance/install.log --single-version-externally-managed install_data --force
