[0.062s] Invoking command in '/home/jsc/ros2_ws/build/a_gazebo': CMAKE_PREFIX_PATH=${CMAKE_PREFIX_PATH}:/home/jsc/ros2_ws/install/robot_sensor_distance:/home/jsc/ros2_ws/install/robot_nav2:/home/jsc/ros2_ws/install/robot_distancia:/home/jsc/ros2_ws/install/robot_controller:/home/jsc/ros2_ws/install/motor_gui_pkg:/home/jsc/Aros2duino/install/aros2duino:/opt/ros/humble /usr/bin/cmake --build /home/jsc/ros2_ws/build/a_gazebo -- -j12 -l12
[0.399s] [33mCMake Warning (dev) at /usr/share/cmake-3.22/Modules/FindPackageHandleStandardArgs.cmake:438 (message):
[0.400s]   The package name passed to `find_package_handle_standard_args` (PkgConfig)
[0.400s]   does not match the name of the calling package (gazebo).  This can lead to
[0.401s]   problems in calling code that expects `find_package` result variables
[0.402s]   (e.g., `_FOUND`) to follow a certain pattern.
[0.402s] Call Stack (most recent call first):
[0.404s]   /usr/share/cmake-3.22/Modules/FindPkgConfig.cmake:99 (find_package_handle_standard_args)
[0.404s]   /usr/lib/x86_64-linux-gnu/cmake/gazebo/gazebo-config.cmake:72 (include)
[0.404s]   CMakeLists.txt:20 (find_package)
[0.404s] This warning is for project developers.  Use -Wno-dev to suppress it.
[0.404s] [0m
[0.405s] -- Found ament_cmake: 1.3.10 (/opt/ros/humble/share/ament_cmake/cmake)
[0.405s] -- Override CMake install command with custom implementation using symlinks instead of copying resources
[0.405s] -- Found DART: /usr/include (Required is at least version "6.6") found components: dart 
[0.406s] -- Found Protobuf: /usr/lib/x86_64-linux-gnu/libprotobuf.so (found version "3.12.4") 
[0.406s] -- Looking for ignition-math6 -- found version 6.15.1
[0.406s] -- Searching for dependencies of ignition-math6
[0.406s] -- Looking for OGRE...
[0.406s] -- Found Ogre Ghadamon (1.9.0)
[0.406s] -- Found OGRE: optimized;/usr/lib/x86_64-linux-gnu/libOgreMain.so;debug;/usr/lib/x86_64-linux-gnu/libOgreMain.so
[0.406s] -- Looking for OGRE_Paging...
[0.407s] -- Found OGRE_Paging: optimized;/usr/lib/x86_64-linux-gnu/libOgrePaging.so;debug;/usr/lib/x86_64-linux-gnu/libOgrePaging.so
[0.407s] -- Looking for OGRE_Terrain...
[0.407s] -- Found OGRE_Terrain: optimized;/usr/lib/x86_64-linux-gnu/libOgreTerrain.so;debug;/usr/lib/x86_64-linux-gnu/libOgreTerrain.so
[0.407s] -- Looking for OGRE_Property...
[0.407s] -- Found OGRE_Property: optimized;/usr/lib/x86_64-linux-gnu/libOgreProperty.so;debug;/usr/lib/x86_64-linux-gnu/libOgreProperty.so
[0.407s] -- Looking for OGRE_RTShaderSystem...
[0.407s] -- Found OGRE_RTShaderSystem: optimized;/usr/lib/x86_64-linux-gnu/libOgreRTShaderSystem.so;debug;/usr/lib/x86_64-linux-gnu/libOgreRTShaderSystem.so
[0.408s] -- Looking for OGRE_Volume...
[0.408s] -- Found OGRE_Volume: optimized;/usr/lib/x86_64-linux-gnu/libOgreVolume.so;debug;/usr/lib/x86_64-linux-gnu/libOgreVolume.so
[0.408s] -- Looking for OGRE_Overlay...
[0.408s] -- Found OGRE_Overlay: optimized;/usr/lib/x86_64-linux-gnu/libOgreOverlay.so;debug;/usr/lib/x86_64-linux-gnu/libOgreOverlay.so
[0.543s] -- Looking for ignition-math6 -- found version 6.15.1
[0.543s] -- Looking for ignition-transport8 -- found version 8.2.1
[0.544s] -- Searching for dependencies of ignition-transport8
[0.558s] -- Found Protobuf: /usr/lib/x86_64-linux-gnu/libprotobuf.so (found suitable version "3.12.4", minimum required is "3") 
[0.572s] -- Config-file not installed for ZeroMQ -- checking for pkg-config
[0.575s] -- Checking for module 'libzmq >= 4'
[0.589s] --   Found libzmq , version 4.3.4
[0.634s] -- Checking for module 'uuid'
[0.649s] --   Found uuid, version 2.37.2
[0.681s] -- Looking for ignition-msgs5 -- found version 5.8.1
[0.682s] -- Searching for dependencies of ignition-msgs5
[0.706s] -- Looking for ignition-math6 -- found version 6.15.1
[0.711s] -- Checking for module 'tinyxml2'
[0.727s] --   Found tinyxml2, version 9.0.0
[0.762s] -- Looking for ignition-msgs5 -- found version 5.8.1
[0.763s] -- Looking for ignition-common3 -- found version 3.14.0
[0.763s] -- Searching for dependencies of ignition-common3
[0.763s] -- Looking for dlfcn.h - found
[0.763s] -- Looking for libdl - found
[0.779s] -- Searching for <ignition-common3> component [graphics]
[0.779s] -- Looking for ignition-common3-graphics -- found version 3.14.0
[0.780s] -- Searching for dependencies of ignition-common3-graphics
[0.781s] -- Looking for ignition-math6 -- found version 6.15.1
[0.782s] -- Looking for ignition-fuel_tools4 -- found version 4.4.0
[0.782s] -- Searching for dependencies of ignition-fuel_tools4
[0.829s] -- Checking for module 'jsoncpp'
[0.842s] --   Found jsoncpp, version 1.9.5
[0.878s] -- Checking for module 'libzip'
[0.891s] --   Found libzip, version 1.7.3
[0.922s] -- Looking for ignition-common3 -- found version 3.14.0
[0.923s] -- Looking for ignition-math6 -- found version 6.15.1
[0.923s] -- Looking for ignition-msgs5 -- found version 5.8.1
[0.924s] -- Found geometry_msgs: 4.2.4 (/opt/ros/humble/share/geometry_msgs/cmake)
[0.943s] -- Found rosidl_generator_c: 3.1.5 (/opt/ros/humble/share/rosidl_generator_c/cmake)
[0.945s] -- Found rosidl_adapter: 3.1.5 (/opt/ros/humble/share/rosidl_adapter/cmake)
[0.952s] -- Found rosidl_generator_cpp: 3.1.5 (/opt/ros/humble/share/rosidl_generator_cpp/cmake)
[0.961s] -- Using all available rosidl_typesupport_c: rosidl_typesupport_fastrtps_c;rosidl_typesupport_introspection_c
[0.974s] -- Using all available rosidl_typesupport_cpp: rosidl_typesupport_fastrtps_cpp;rosidl_typesupport_introspection_cpp
[1.013s] -- Found nav_msgs: 4.2.4 (/opt/ros/humble/share/nav_msgs/cmake)
[1.028s] -- Found rclcpp: 16.0.10 (/opt/ros/humble/share/rclcpp/cmake)
[1.054s] -- Found rmw_implementation_cmake: 6.1.2 (/opt/ros/humble/share/rmw_implementation_cmake/cmake)
[1.056s] -- Found rmw_fastrtps_cpp: 6.2.7 (/opt/ros/humble/share/rmw_fastrtps_cpp/cmake)
[1.163s] -- Using RMW implementation 'rmw_fastrtps_cpp' as default
[1.199s] -- Found sensor_msgs: 4.2.4 (/opt/ros/humble/share/sensor_msgs/cmake)
[1.216s] -- Found tf2: 0.25.8 (/opt/ros/humble/share/tf2/cmake)
[1.287s] -- Configuring done
[1.294s] -- Generating done
[1.295s] -- Build files have been written to: /home/jsc/ros2_ws/build/a_gazebo
[1.852s] Invoked command in '/home/jsc/ros2_ws/build/a_gazebo' returned '0': CMAKE_PREFIX_PATH=${CMAKE_PREFIX_PATH}:/home/jsc/ros2_ws/install/robot_sensor_distance:/home/jsc/ros2_ws/install/robot_nav2:/home/jsc/ros2_ws/install/robot_distancia:/home/jsc/ros2_ws/install/robot_controller:/home/jsc/ros2_ws/install/motor_gui_pkg:/home/jsc/Aros2duino/install/aros2duino:/opt/ros/humble /usr/bin/cmake --build /home/jsc/ros2_ws/build/a_gazebo -- -j12 -l12
[1.888s] Invoking command in '/home/jsc/ros2_ws/build/a_gazebo': CMAKE_PREFIX_PATH=${CMAKE_PREFIX_PATH}:/home/jsc/ros2_ws/install/robot_sensor_distance:/home/jsc/ros2_ws/install/robot_nav2:/home/jsc/ros2_ws/install/robot_distancia:/home/jsc/ros2_ws/install/robot_controller:/home/jsc/ros2_ws/install/motor_gui_pkg:/home/jsc/Aros2duino/install/aros2duino:/opt/ros/humble /usr/bin/cmake --install /home/jsc/ros2_ws/build/a_gazebo
[1.899s] -- Install configuration: ""
[1.900s] -- Execute custom install script
[1.908s] -- Up-to-date symlink: /home/jsc/ros2_ws/install/a_gazebo/share/a_gazebo//launch/bringup_launch.py
[1.909s] -- Up-to-date symlink: /home/jsc/ros2_ws/install/a_gazebo/share/a_gazebo//launch/gazebo_sim_launch_rf2o.py
[1.909s] -- Up-to-date symlink: /home/jsc/ros2_ws/install/a_gazebo/share/a_gazebo//launch/jsc_cart_slam_launch.py
[1.909s] -- Up-to-date symlink: /home/jsc/ros2_ws/install/a_gazebo/share/a_gazebo//launch/robot_state_publisher_launch.py
[1.911s] -- Up-to-date symlink: /home/jsc/ros2_ws/install/a_gazebo/share/a_gazebo//launch/rviz_launch.py
[1.911s] -- Up-to-date symlink: /home/jsc/ros2_ws/install/a_gazebo/share/a_gazebo//rviz/nav2_default_view.rviz
[1.911s] -- Up-to-date symlink: /home/jsc/ros2_ws/install/a_gazebo/share/a_gazebo//maps/mapa1.pgm
[1.912s] -- Up-to-date symlink: /home/jsc/ros2_ws/install/a_gazebo/share/a_gazebo//maps/mapa1.yaml
[1.912s] -- Up-to-date symlink: /home/jsc/ros2_ws/install/a_gazebo/share/a_gazebo//params/nav2_params.yaml
[1.912s] -- Up-to-date symlink: /home/jsc/ros2_ws/install/a_gazebo/lib/a_gazebo/bringup_launch.py
[1.912s] -- Up-to-date symlink: /home/jsc/ros2_ws/install/a_gazebo/lib/a_gazebo/robot_state_publisher_launch.py
[1.912s] -- Up-to-date symlink: /home/jsc/ros2_ws/install/a_gazebo/lib/a_gazebo/rviz_launch.py
[1.912s] -- Up-to-date symlink: /home/jsc/ros2_ws/install/a_gazebo/lib/a_gazebo/jsc_cart_slam_launch.py
[1.912s] -- Up-to-date symlink: /home/jsc/ros2_ws/install/a_gazebo/lib/a_gazebo/gazebo_sim_launch_rf2o.py
[1.912s] -- Up-to-date symlink: /home/jsc/ros2_ws/install/a_gazebo/share/ament_index/resource_index/package_run_dependencies/a_gazebo
[1.913s] -- Up-to-date symlink: /home/jsc/ros2_ws/install/a_gazebo/share/ament_index/resource_index/parent_prefix_path/a_gazebo
[1.913s] -- Up-to-date symlink: /home/jsc/ros2_ws/install/a_gazebo/share/a_gazebo/environment/ament_prefix_path.sh
[1.913s] -- Up-to-date symlink: /home/jsc/ros2_ws/install/a_gazebo/share/a_gazebo/environment/ament_prefix_path.dsv
[1.913s] -- Up-to-date symlink: /home/jsc/ros2_ws/install/a_gazebo/share/a_gazebo/environment/path.sh
[1.913s] -- Up-to-date symlink: /home/jsc/ros2_ws/install/a_gazebo/share/a_gazebo/environment/path.dsv
[1.913s] -- Up-to-date symlink: /home/jsc/ros2_ws/install/a_gazebo/share/a_gazebo/local_setup.bash
[1.913s] -- Up-to-date symlink: /home/jsc/ros2_ws/install/a_gazebo/share/a_gazebo/local_setup.sh
[1.913s] -- Up-to-date symlink: /home/jsc/ros2_ws/install/a_gazebo/share/a_gazebo/local_setup.zsh
[1.914s] -- Up-to-date symlink: /home/jsc/ros2_ws/install/a_gazebo/share/a_gazebo/local_setup.dsv
[1.914s] -- Symlinking: /home/jsc/ros2_ws/install/a_gazebo/share/a_gazebo/package.dsv
[1.922s] -- Up-to-date symlink: /home/jsc/ros2_ws/install/a_gazebo/share/ament_index/resource_index/packages/a_gazebo
[1.922s] -- Up-to-date symlink: /home/jsc/ros2_ws/install/a_gazebo/share/a_gazebo/cmake/ament_cmake_export_include_directories-extras.cmake
[1.922s] -- Up-to-date symlink: /home/jsc/ros2_ws/install/a_gazebo/share/a_gazebo/cmake/ament_cmake_export_dependencies-extras.cmake
[1.922s] -- Up-to-date symlink: /home/jsc/ros2_ws/install/a_gazebo/share/a_gazebo/cmake/a_gazeboConfig.cmake
[1.925s] -- Up-to-date symlink: /home/jsc/ros2_ws/install/a_gazebo/share/a_gazebo/cmake/a_gazeboConfig-version.cmake
[1.926s] -- Up-to-date symlink: /home/jsc/ros2_ws/install/a_gazebo/share/a_gazebo/package.xml
[1.926s] Invoked command in '/home/jsc/ros2_ws/build/a_gazebo' returned '0': CMAKE_PREFIX_PATH=${CMAKE_PREFIX_PATH}:/home/jsc/ros2_ws/install/robot_sensor_distance:/home/jsc/ros2_ws/install/robot_nav2:/home/jsc/ros2_ws/install/robot_distancia:/home/jsc/ros2_ws/install/robot_controller:/home/jsc/ros2_ws/install/motor_gui_pkg:/home/jsc/Aros2duino/install/aros2duino:/opt/ros/humble /usr/bin/cmake --install /home/jsc/ros2_ws/build/a_gazebo
