[0.089s] Invoking command in '/home/jsc/ros2_ws/build/sllidar_ros2': CMAKE_PREFIX_PATH=${CMAKE_PREFIX_PATH}:/home/jsc/ros2_ws/install/robot_sensor_distance:/home/jsc/ros2_ws/install/robot_nav2:/home/jsc/ros2_ws/install/robot_distancia:/home/jsc/ros2_ws/install/robot_controller:/home/jsc/ros2_ws/install/motor_gui_pkg:/home/jsc/Aros2duino/install/aros2duino:/opt/ros/humble /usr/bin/cmake /home/jsc/ros2_ws/src/sllidar_ros2 -DCMAKE_INSTALL_PREFIX=/home/jsc/ros2_ws/install/sllidar_ros2
[0.108s] -- Found ament_cmake: 1.3.10 (/opt/ros/humble/share/ament_cmake/cmake)
[0.359s] -- Override CMake install command with custom implementation using symlinks instead of copying resources
[0.371s] -- Found rclcpp: 16.0.10 (/opt/ros/humble/share/rclcpp/cmake)
[0.428s] -- Found rosidl_generator_c: 3.1.5 (/opt/ros/humble/share/rosidl_generator_c/cmake)
[0.431s] -- Found rosidl_adapter: 3.1.5 (/opt/ros/humble/share/rosidl_adapter/cmake)
[0.442s] -- Found rosidl_generator_cpp: 3.1.5 (/opt/ros/humble/share/rosidl_generator_cpp/cmake)
[0.462s] -- Using all available rosidl_typesupport_c: rosidl_typesupport_fastrtps_c;rosidl_typesupport_introspection_c
[0.488s] -- Using all available rosidl_typesupport_cpp: rosidl_typesupport_fastrtps_cpp;rosidl_typesupport_introspection_cpp
[0.544s] -- Found rmw_implementation_cmake: 6.1.2 (/opt/ros/humble/share/rmw_implementation_cmake/cmake)
[0.544s] -- Found rmw_fastrtps_cpp: 6.2.7 (/opt/ros/humble/share/rmw_fastrtps_cpp/cmake)
[0.694s] -- Using RMW implementation 'rmw_fastrtps_cpp' as default
[0.758s] -- Found sensor_msgs: 4.2.4 (/opt/ros/humble/share/sensor_msgs/cmake)
[0.795s] -- Found std_srvs: 4.2.4 (/opt/ros/humble/share/std_srvs/cmake)
[0.898s] -- Configuring done
[0.917s] -- Generating done
[0.919s] -- Build files have been written to: /home/jsc/ros2_ws/build/sllidar_ros2
[0.930s] Invoked command in '/home/jsc/ros2_ws/build/sllidar_ros2' returned '0': CMAKE_PREFIX_PATH=${CMAKE_PREFIX_PATH}:/home/jsc/ros2_ws/install/robot_sensor_distance:/home/jsc/ros2_ws/install/robot_nav2:/home/jsc/ros2_ws/install/robot_distancia:/home/jsc/ros2_ws/install/robot_controller:/home/jsc/ros2_ws/install/motor_gui_pkg:/home/jsc/Aros2duino/install/aros2duino:/opt/ros/humble /usr/bin/cmake /home/jsc/ros2_ws/src/sllidar_ros2 -DCMAKE_INSTALL_PREFIX=/home/jsc/ros2_ws/install/sllidar_ros2
[0.932s] Invoking command in '/home/jsc/ros2_ws/build/sllidar_ros2': CMAKE_PREFIX_PATH=${CMAKE_PREFIX_PATH}:/home/jsc/ros2_ws/install/robot_sensor_distance:/home/jsc/ros2_ws/install/robot_nav2:/home/jsc/ros2_ws/install/robot_distancia:/home/jsc/ros2_ws/install/robot_controller:/home/jsc/ros2_ws/install/motor_gui_pkg:/home/jsc/Aros2duino/install/aros2duino:/opt/ros/humble /usr/bin/cmake --build /home/jsc/ros2_ws/build/sllidar_ros2 -- -j12 -l12
[0.983s] [35m[1mConsolidate compiler generated dependencies of target sllidar_node[0m
[0.984s] [35m[1mConsolidate compiler generated dependencies of target sllidar_client[0m
[1.014s] [ 10%] Built target sllidar_client
[1.021s] [100%] Built target sllidar_node
[1.035s] Invoked command in '/home/jsc/ros2_ws/build/sllidar_ros2' returned '0': CMAKE_PREFIX_PATH=${CMAKE_PREFIX_PATH}:/home/jsc/ros2_ws/install/robot_sensor_distance:/home/jsc/ros2_ws/install/robot_nav2:/home/jsc/ros2_ws/install/robot_distancia:/home/jsc/ros2_ws/install/robot_controller:/home/jsc/ros2_ws/install/motor_gui_pkg:/home/jsc/Aros2duino/install/aros2duino:/opt/ros/humble /usr/bin/cmake --build /home/jsc/ros2_ws/build/sllidar_ros2 -- -j12 -l12
[1.122s] Invoking command in '/home/jsc/ros2_ws/build/sllidar_ros2': CMAKE_PREFIX_PATH=${CMAKE_PREFIX_PATH}:/home/jsc/ros2_ws/install/robot_sensor_distance:/home/jsc/ros2_ws/install/robot_nav2:/home/jsc/ros2_ws/install/robot_distancia:/home/jsc/ros2_ws/install/robot_controller:/home/jsc/ros2_ws/install/motor_gui_pkg:/home/jsc/Aros2duino/install/aros2duino:/opt/ros/humble /usr/bin/cmake --install /home/jsc/ros2_ws/build/sllidar_ros2
[1.133s] -- Install configuration: ""
[1.133s] -- Execute custom install script
[1.134s] -- Up-to-date symlink: /home/jsc/ros2_ws/install/sllidar_ros2/share/sllidar_ros2/launch/sllidar_a1_launch.py
[1.134s] -- Up-to-date symlink: /home/jsc/ros2_ws/install/sllidar_ros2/share/sllidar_ros2/launch/sllidar_a2m12_launch .py
[1.134s] -- Up-to-date symlink: /home/jsc/ros2_ws/install/sllidar_ros2/share/sllidar_ros2/launch/sllidar_a2m7_launch.py
[1.135s] -- Up-to-date symlink: /home/jsc/ros2_ws/install/sllidar_ros2/share/sllidar_ros2/launch/sllidar_a2m8_launch.py
[1.135s] -- Up-to-date symlink: /home/jsc/ros2_ws/install/sllidar_ros2/share/sllidar_ros2/launch/sllidar_a3_launch.py
[1.135s] -- Up-to-date symlink: /home/jsc/ros2_ws/install/sllidar_ros2/share/sllidar_ros2/launch/sllidar_c1_launch.py
[1.135s] -- Up-to-date symlink: /home/jsc/ros2_ws/install/sllidar_ros2/share/sllidar_ros2/launch/sllidar_s1_launch.py
[1.135s] -- Up-to-date symlink: /home/jsc/ros2_ws/install/sllidar_ros2/share/sllidar_ros2/launch/sllidar_s1_tcp_launch.py
[1.135s] -- Up-to-date symlink: /home/jsc/ros2_ws/install/sllidar_ros2/share/sllidar_ros2/launch/sllidar_s2_launch.py
[1.135s] -- Up-to-date symlink: /home/jsc/ros2_ws/install/sllidar_ros2/share/sllidar_ros2/launch/sllidar_s2_launch_copy.py
[1.135s] -- Up-to-date symlink: /home/jsc/ros2_ws/install/sllidar_ros2/share/sllidar_ros2/launch/sllidar_s2e_launch.py
[1.136s] -- Up-to-date symlink: /home/jsc/ros2_ws/install/sllidar_ros2/share/sllidar_ros2/launch/sllidar_s3_launch.py
[1.136s] -- Up-to-date symlink: /home/jsc/ros2_ws/install/sllidar_ros2/share/sllidar_ros2/launch/sllidar_t1_launch.py
[1.137s] -- Up-to-date symlink: /home/jsc/ros2_ws/install/sllidar_ros2/share/sllidar_ros2/launch/view_sllidar_a1_launch.py
[1.137s] -- Up-to-date symlink: /home/jsc/ros2_ws/install/sllidar_ros2/share/sllidar_ros2/launch/view_sllidar_a2m12_launch.py
[1.137s] -- Up-to-date symlink: /home/jsc/ros2_ws/install/sllidar_ros2/share/sllidar_ros2/launch/view_sllidar_a2m7_launch.py
[1.137s] -- Up-to-date symlink: /home/jsc/ros2_ws/install/sllidar_ros2/share/sllidar_ros2/launch/view_sllidar_a2m8_launch.py
[1.137s] -- Up-to-date symlink: /home/jsc/ros2_ws/install/sllidar_ros2/share/sllidar_ros2/launch/view_sllidar_a3_launch.py
[1.137s] -- Up-to-date symlink: /home/jsc/ros2_ws/install/sllidar_ros2/share/sllidar_ros2/launch/view_sllidar_c1_launch.py
[1.137s] -- Up-to-date symlink: /home/jsc/ros2_ws/install/sllidar_ros2/share/sllidar_ros2/launch/view_sllidar_s1_launch.py
[1.138s] -- Up-to-date symlink: /home/jsc/ros2_ws/install/sllidar_ros2/share/sllidar_ros2/launch/view_sllidar_s1_tcp_launch.py
[1.138s] -- Up-to-date symlink: /home/jsc/ros2_ws/install/sllidar_ros2/share/sllidar_ros2/launch/view_sllidar_s2_launch.py
[1.138s] -- Up-to-date symlink: /home/jsc/ros2_ws/install/sllidar_ros2/share/sllidar_ros2/launch/view_sllidar_s2e_launch.py
[1.138s] -- Up-to-date symlink: /home/jsc/ros2_ws/install/sllidar_ros2/share/sllidar_ros2/launch/view_sllidar_s3_launch.py
[1.138s] -- Up-to-date symlink: /home/jsc/ros2_ws/install/sllidar_ros2/share/sllidar_ros2/launch/view_sllidar_t1_launch.py
[1.138s] -- Up-to-date symlink: /home/jsc/ros2_ws/install/sllidar_ros2/share/sllidar_ros2/rviz/sllidar_ros2.rviz
[1.138s] -- Up-to-date symlink: /home/jsc/ros2_ws/install/sllidar_ros2/lib/sllidar_ros2/sllidar_node
[1.139s] -- Up-to-date symlink: /home/jsc/ros2_ws/install/sllidar_ros2/lib/sllidar_ros2/sllidar_client
[1.139s] -- Up-to-date symlink: /home/jsc/ros2_ws/install/sllidar_ros2/share/ament_index/resource_index/package_run_dependencies/sllidar_ros2
[1.139s] -- Up-to-date symlink: /home/jsc/ros2_ws/install/sllidar_ros2/share/ament_index/resource_index/parent_prefix_path/sllidar_ros2
[1.139s] -- Up-to-date symlink: /home/jsc/ros2_ws/install/sllidar_ros2/share/sllidar_ros2/environment/ament_prefix_path.sh
[1.141s] -- Up-to-date symlink: /home/jsc/ros2_ws/install/sllidar_ros2/share/sllidar_ros2/environment/ament_prefix_path.dsv
[1.141s] -- Up-to-date symlink: /home/jsc/ros2_ws/install/sllidar_ros2/share/sllidar_ros2/environment/path.sh
[1.142s] -- Up-to-date symlink: /home/jsc/ros2_ws/install/sllidar_ros2/share/sllidar_ros2/environment/path.dsv
[1.142s] -- Up-to-date symlink: /home/jsc/ros2_ws/install/sllidar_ros2/share/sllidar_ros2/local_setup.bash
[1.142s] -- Up-to-date symlink: /home/jsc/ros2_ws/install/sllidar_ros2/share/sllidar_ros2/local_setup.sh
[1.142s] -- Up-to-date symlink: /home/jsc/ros2_ws/install/sllidar_ros2/share/sllidar_ros2/local_setup.zsh
[1.142s] -- Up-to-date symlink: /home/jsc/ros2_ws/install/sllidar_ros2/share/sllidar_ros2/local_setup.dsv
[1.143s] -- Symlinking: /home/jsc/ros2_ws/install/sllidar_ros2/share/sllidar_ros2/package.dsv
[1.152s] -- Up-to-date symlink: /home/jsc/ros2_ws/install/sllidar_ros2/share/ament_index/resource_index/packages/sllidar_ros2
[1.153s] -- Up-to-date symlink: /home/jsc/ros2_ws/install/sllidar_ros2/share/sllidar_ros2/cmake/ament_cmake_export_dependencies-extras.cmake
[1.153s] -- Up-to-date symlink: /home/jsc/ros2_ws/install/sllidar_ros2/share/sllidar_ros2/cmake/ament_cmake_export_include_directories-extras.cmake
[1.153s] -- Up-to-date symlink: /home/jsc/ros2_ws/install/sllidar_ros2/share/sllidar_ros2/cmake/sllidar_ros2Config.cmake
[1.153s] -- Up-to-date symlink: /home/jsc/ros2_ws/install/sllidar_ros2/share/sllidar_ros2/cmake/sllidar_ros2Config-version.cmake
[1.154s] -- Up-to-date symlink: /home/jsc/ros2_ws/install/sllidar_ros2/share/sllidar_ros2/package.xml
[1.157s] Invoked command in '/home/jsc/ros2_ws/build/sllidar_ros2' returned '0': CMAKE_PREFIX_PATH=${CMAKE_PREFIX_PATH}:/home/jsc/ros2_ws/install/robot_sensor_distance:/home/jsc/ros2_ws/install/robot_nav2:/home/jsc/ros2_ws/install/robot_distancia:/home/jsc/ros2_ws/install/robot_controller:/home/jsc/ros2_ws/install/motor_gui_pkg:/home/jsc/Aros2duino/install/aros2duino:/opt/ros/humble /usr/bin/cmake --install /home/jsc/ros2_ws/build/sllidar_ros2
