[0.650s] Invoking command in '/home/jsc/ros2_ws/build/rf2o_laser_odometry': CMAKE_PREFIX_PATH=${CMAKE_PREFIX_PATH}:/home/jsc/ros2_ws/install/robot_sensor_distance:/home/jsc/ros2_ws/install/robot_nav2:/home/jsc/ros2_ws/install/robot_distancia:/home/jsc/ros2_ws/install/robot_controller:/home/jsc/ros2_ws/install/motor_gui_pkg:/home/jsc/Aros2duino/install/aros2duino:/opt/ros/humble /usr/bin/cmake /home/jsc/ros2_ws/src/rf2o_laser_odometry -DCMAKE_INSTALL_PREFIX=/home/jsc/ros2_ws/install/rf2o_laser_odometry
[0.681s] -- Found ament_cmake: 1.3.10 (/opt/ros/humble/share/ament_cmake/cmake)
[0.925s] -- Override CMake install command with custom implementation using symlinks instead of copying resources
[0.949s] -- Found rclcpp: 16.0.10 (/opt/ros/humble/share/rclcpp/cmake)
[1.002s] -- Found rosidl_generator_c: 3.1.5 (/opt/ros/humble/share/rosidl_generator_c/cmake)
[1.008s] -- Found rosidl_adapter: 3.1.5 (/opt/ros/humble/share/rosidl_adapter/cmake)
[1.018s] -- Found rosidl_generator_cpp: 3.1.5 (/opt/ros/humble/share/rosidl_generator_cpp/cmake)
[1.038s] -- Using all available rosidl_typesupport_c: rosidl_typesupport_fastrtps_c;rosidl_typesupport_introspection_c
[1.062s] -- Using all available rosidl_typesupport_cpp: rosidl_typesupport_fastrtps_cpp;rosidl_typesupport_introspection_cpp
[1.108s] -- Found rmw_implementation_cmake: 6.1.2 (/opt/ros/humble/share/rmw_implementation_cmake/cmake)
[1.109s] -- Found rmw_fastrtps_cpp: 6.2.7 (/opt/ros/humble/share/rmw_fastrtps_cpp/cmake)
[1.277s] -- Using RMW implementation 'rmw_fastrtps_cpp' as default
[1.336s] -- Found geometry_msgs: 4.2.4 (/opt/ros/humble/share/geometry_msgs/cmake)
[1.353s] -- Found tf2_geometry_msgs: 0.25.8 (/opt/ros/humble/share/tf2_geometry_msgs/cmake)
[1.360s] -- Found eigen3_cmake_module: 0.1.1 (/opt/ros/humble/share/eigen3_cmake_module/cmake)
[1.362s] -- Ensuring Eigen3 include directory is part of orocos-kdl CMake target
[1.497s] -- Found sensor_msgs: 4.2.4 (/opt/ros/humble/share/sensor_msgs/cmake)
[1.516s] -- Found nav_msgs: 4.2.4 (/opt/ros/humble/share/nav_msgs/cmake)
[1.636s] -- Configuring done
[1.661s] -- Generating done
[1.664s] -- Build files have been written to: /home/jsc/ros2_ws/build/rf2o_laser_odometry
[2.583s] Invoked command in '/home/jsc/ros2_ws/build/rf2o_laser_odometry' returned '0': CMAKE_PREFIX_PATH=${CMAKE_PREFIX_PATH}:/home/jsc/ros2_ws/install/robot_sensor_distance:/home/jsc/ros2_ws/install/robot_nav2:/home/jsc/ros2_ws/install/robot_distancia:/home/jsc/ros2_ws/install/robot_controller:/home/jsc/ros2_ws/install/motor_gui_pkg:/home/jsc/Aros2duino/install/aros2duino:/opt/ros/humble /usr/bin/cmake /home/jsc/ros2_ws/src/rf2o_laser_odometry -DCMAKE_INSTALL_PREFIX=/home/jsc/ros2_ws/install/rf2o_laser_odometry
[2.587s] Invoking command in '/home/jsc/ros2_ws/build/rf2o_laser_odometry': CMAKE_PREFIX_PATH=${CMAKE_PREFIX_PATH}:/home/jsc/ros2_ws/install/robot_sensor_distance:/home/jsc/ros2_ws/install/robot_nav2:/home/jsc/ros2_ws/install/robot_distancia:/home/jsc/ros2_ws/install/robot_controller:/home/jsc/ros2_ws/install/motor_gui_pkg:/home/jsc/Aros2duino/install/aros2duino:/opt/ros/humble /usr/bin/cmake --build /home/jsc/ros2_ws/build/rf2o_laser_odometry -- -j12 -l12
[2.674s] [35m[1mConsolidate compiler generated dependencies of target rf2o_laser_odometry_node[0m
[2.678s] [35m[1mConsolidate compiler generated dependencies of target rf2o_laser_odometry[0m
[2.745s] [ 40%] Built target rf2o_laser_odometry
[2.745s] [100%] Built target rf2o_laser_odometry_node
[2.774s] Invoked command in '/home/jsc/ros2_ws/build/rf2o_laser_odometry' returned '0': CMAKE_PREFIX_PATH=${CMAKE_PREFIX_PATH}:/home/jsc/ros2_ws/install/robot_sensor_distance:/home/jsc/ros2_ws/install/robot_nav2:/home/jsc/ros2_ws/install/robot_distancia:/home/jsc/ros2_ws/install/robot_controller:/home/jsc/ros2_ws/install/motor_gui_pkg:/home/jsc/Aros2duino/install/aros2duino:/opt/ros/humble /usr/bin/cmake --build /home/jsc/ros2_ws/build/rf2o_laser_odometry -- -j12 -l12
[2.836s] Invoking command in '/home/jsc/ros2_ws/build/rf2o_laser_odometry': CMAKE_PREFIX_PATH=${CMAKE_PREFIX_PATH}:/home/jsc/ros2_ws/install/robot_sensor_distance:/home/jsc/ros2_ws/install/robot_nav2:/home/jsc/ros2_ws/install/robot_distancia:/home/jsc/ros2_ws/install/robot_controller:/home/jsc/ros2_ws/install/motor_gui_pkg:/home/jsc/Aros2duino/install/aros2duino:/opt/ros/humble /usr/bin/cmake --install /home/jsc/ros2_ws/build/rf2o_laser_odometry
[2.858s] -- Install configuration: ""
[2.858s] -- Execute custom install script
[2.859s] -- Up-to-date symlink: /home/jsc/ros2_ws/install/rf2o_laser_odometry/lib/rf2o_laser_odometry/rf2o_laser_odometry_node
[2.860s] -- Up-to-date symlink: /home/jsc/ros2_ws/install/rf2o_laser_odometry/share/rf2o_laser_odometry/launch/rf2o_laser_odometry.launch.py
[2.863s] -- Up-to-date symlink: /home/jsc/ros2_ws/install/rf2o_laser_odometry/share/ament_index/resource_index/package_run_dependencies/rf2o_laser_odometry
[2.864s] -- Up-to-date symlink: /home/jsc/ros2_ws/install/rf2o_laser_odometry/share/ament_index/resource_index/parent_prefix_path/rf2o_laser_odometry
[2.864s] -- Up-to-date symlink: /home/jsc/ros2_ws/install/rf2o_laser_odometry/share/rf2o_laser_odometry/environment/ament_prefix_path.sh
[2.866s] -- Up-to-date symlink: /home/jsc/ros2_ws/install/rf2o_laser_odometry/share/rf2o_laser_odometry/environment/ament_prefix_path.dsv
[2.866s] -- Up-to-date symlink: /home/jsc/ros2_ws/install/rf2o_laser_odometry/share/rf2o_laser_odometry/environment/path.sh
[2.867s] -- Up-to-date symlink: /home/jsc/ros2_ws/install/rf2o_laser_odometry/share/rf2o_laser_odometry/environment/path.dsv
[2.867s] -- Up-to-date symlink: /home/jsc/ros2_ws/install/rf2o_laser_odometry/share/rf2o_laser_odometry/local_setup.bash
[2.867s] -- Up-to-date symlink: /home/jsc/ros2_ws/install/rf2o_laser_odometry/share/rf2o_laser_odometry/local_setup.sh
[2.867s] -- Up-to-date symlink: /home/jsc/ros2_ws/install/rf2o_laser_odometry/share/rf2o_laser_odometry/local_setup.zsh
[2.868s] -- Up-to-date symlink: /home/jsc/ros2_ws/install/rf2o_laser_odometry/share/rf2o_laser_odometry/local_setup.dsv
[2.868s] -- Symlinking: /home/jsc/ros2_ws/install/rf2o_laser_odometry/share/rf2o_laser_odometry/package.dsv
[2.871s] -- Up-to-date symlink: /home/jsc/ros2_ws/install/rf2o_laser_odometry/share/ament_index/resource_index/packages/rf2o_laser_odometry
[2.871s] -- Up-to-date symlink: /home/jsc/ros2_ws/install/rf2o_laser_odometry/share/rf2o_laser_odometry/cmake/rf2o_laser_odometryConfig.cmake
[2.871s] -- Up-to-date symlink: /home/jsc/ros2_ws/install/rf2o_laser_odometry/share/rf2o_laser_odometry/cmake/rf2o_laser_odometryConfig-version.cmake
[2.871s] -- Up-to-date symlink: /home/jsc/ros2_ws/install/rf2o_laser_odometry/share/rf2o_laser_odometry/package.xml
[2.918s] Invoked command in '/home/jsc/ros2_ws/build/rf2o_laser_odometry' returned '0': CMAKE_PREFIX_PATH=${CMAKE_PREFIX_PATH}:/home/jsc/ros2_ws/install/robot_sensor_distance:/home/jsc/ros2_ws/install/robot_nav2:/home/jsc/ros2_ws/install/robot_distancia:/home/jsc/ros2_ws/install/robot_controller:/home/jsc/ros2_ws/install/motor_gui_pkg:/home/jsc/Aros2duino/install/aros2duino:/opt/ros/humble /usr/bin/cmake --install /home/jsc/ros2_ws/build/rf2o_laser_odometry
