[0.070s] Invoking command in '/home/jsc/ros2_ws/build/jsc_mecanum_description': CMAKE_PREFIX_PATH=${CMAKE_PREFIX_PATH}:/home/jsc/ros2_ws/install/robot_sensor_distance:/home/jsc/ros2_ws/install/robot_nav2:/home/jsc/ros2_ws/install/robot_distancia:/home/jsc/ros2_ws/install/robot_controller:/home/jsc/ros2_ws/install/motor_gui_pkg:/home/jsc/Aros2duino/install/aros2duino:/opt/ros/humble /usr/bin/cmake --build /home/jsc/ros2_ws/build/jsc_mecanum_description -- -j12 -l12
[0.426s] Invoked command in '/home/jsc/ros2_ws/build/jsc_mecanum_description' returned '0': CMAKE_PREFIX_PATH=${CMAKE_PREFIX_PATH}:/home/jsc/ros2_ws/install/robot_sensor_distance:/home/jsc/ros2_ws/install/robot_nav2:/home/jsc/ros2_ws/install/robot_distancia:/home/jsc/ros2_ws/install/robot_controller:/home/jsc/ros2_ws/install/motor_gui_pkg:/home/jsc/Aros2duino/install/aros2duino:/opt/ros/humble /usr/bin/cmake --build /home/jsc/ros2_ws/build/jsc_mecanum_description -- -j12 -l12
[0.470s] Invoking command in '/home/jsc/ros2_ws/build/jsc_mecanum_description': CMAKE_PREFIX_PATH=${CMAKE_PREFIX_PATH}:/home/jsc/ros2_ws/install/robot_sensor_distance:/home/jsc/ros2_ws/install/robot_nav2:/home/jsc/ros2_ws/install/robot_distancia:/home/jsc/ros2_ws/install/robot_controller:/home/jsc/ros2_ws/install/motor_gui_pkg:/home/jsc/Aros2duino/install/aros2duino:/opt/ros/humble /usr/bin/cmake --install /home/jsc/ros2_ws/build/jsc_mecanum_description
[0.481s] -- Install configuration: ""
[0.485s] -- Up-to-date: /home/jsc/ros2_ws/install/jsc_mecanum_description/share/jsc_mecanum_description/config
[0.486s] -- Up-to-date: /home/jsc/ros2_ws/install/jsc_mecanum_description/share/jsc_mecanum_description/config/robot_controller_config.yaml
[0.486s] -- Up-to-date: /home/jsc/ros2_ws/install/jsc_mecanum_description/share/jsc_mecanum_description/config/diff_drive_controller.yaml
[0.487s] -- Up-to-date: /home/jsc/ros2_ws/install/jsc_mecanum_description/share/jsc_mecanum_description/config/slam_toolbox_config.yaml
[0.487s] -- Up-to-date: /home/jsc/ros2_ws/install/jsc_mecanum_description/share/jsc_mecanum_description/launch
[0.487s] -- Up-to-date: /home/jsc/ros2_ws/install/jsc_mecanum_description/share/jsc_mecanum_description/launch/jsc_mecanum_bot_v4_launch_pi.py
[0.487s] -- Up-to-date: /home/jsc/ros2_ws/install/jsc_mecanum_description/share/jsc_mecanum_description/launch/jsc_mecanum_bot_v3_launch.py
[0.487s] -- Up-to-date: /home/jsc/ros2_ws/install/jsc_mecanum_description/share/jsc_mecanum_description/launch/jsc_mecanum_bot_v7_launch.py
[0.487s] -- Up-to-date: /home/jsc/ros2_ws/install/jsc_mecanum_description/share/jsc_mecanum_description/launch/jsc_mecanum_bot_v4_launch.py
[0.487s] -- Up-to-date: /home/jsc/ros2_ws/install/jsc_mecanum_description/share/jsc_mecanum_description/launch/jsc_mecanum_bot_v9_launch.py
[0.488s] -- Up-to-date: /home/jsc/ros2_ws/install/jsc_mecanum_description/share/jsc_mecanum_description/launch/jsc_mecanum_bot_v6_launch.py
[0.489s] -- Up-to-date: /home/jsc/ros2_ws/install/jsc_mecanum_description/share/jsc_mecanum_description/launch/jsc_mecanum_bot_v5_launch.py
[0.489s] -- Up-to-date: /home/jsc/ros2_ws/install/jsc_mecanum_description/share/jsc_mecanum_description/launch/jsc_mecanum_bot_v2_launch.py
[0.489s] -- Up-to-date: /home/jsc/ros2_ws/install/jsc_mecanum_description/share/jsc_mecanum_description/launch/jsc_mecanum_bot_v8_launch_pi.py
[0.489s] -- Up-to-date: /home/jsc/ros2_ws/install/jsc_mecanum_description/share/jsc_mecanum_description/launch/jsc_mecanum_bot_v7_launch_pi.py
[0.489s] -- Up-to-date: /home/jsc/ros2_ws/install/jsc_mecanum_description/share/jsc_mecanum_description/launch/jsc_mecanum_bot_v8_launch.py
[0.490s] -- Up-to-date: /home/jsc/ros2_ws/install/jsc_mecanum_description/share/jsc_mecanum_description/launch/jsc_mecanum_bot_v1_launch.py
[0.490s] -- Up-to-date: /home/jsc/ros2_ws/install/jsc_mecanum_description/share/jsc_mecanum_description/meshes
[0.490s] -- Up-to-date: /home/jsc/ros2_ws/install/jsc_mecanum_description/share/jsc_mecanum_description/meshes/fl_wheel_link.STL
[0.491s] -- Up-to-date: /home/jsc/ros2_ws/install/jsc_mecanum_description/share/jsc_mecanum_description/meshes/rr_wheel_link.STL
[0.492s] -- Up-to-date: /home/jsc/ros2_ws/install/jsc_mecanum_description/share/jsc_mecanum_description/meshes/fr_wheel_link.STL
[0.493s] -- Up-to-date: /home/jsc/ros2_ws/install/jsc_mecanum_description/share/jsc_mecanum_description/meshes/rl_wheel_link.STL
[0.493s] -- Up-to-date: /home/jsc/ros2_ws/install/jsc_mecanum_description/share/jsc_mecanum_description/models
[0.493s] -- Up-to-date: /home/jsc/ros2_ws/install/jsc_mecanum_description/share/jsc_mecanum_description/models/jsc_mecanum_bot_description
[0.493s] -- Up-to-date: /home/jsc/ros2_ws/install/jsc_mecanum_description/share/jsc_mecanum_description/models/jsc_mecanum_bot_description/model.sdf
[0.493s] -- Up-to-date: /home/jsc/ros2_ws/install/jsc_mecanum_description/share/jsc_mecanum_description/models/jsc_mecanum_bot_description/config
[0.493s] -- Up-to-date: /home/jsc/ros2_ws/install/jsc_mecanum_description/share/jsc_mecanum_description/models/jsc_mecanum_bot_description/model.config
[0.494s] -- Up-to-date: /home/jsc/ros2_ws/install/jsc_mecanum_description/share/jsc_mecanum_description/models/jsc_mecanum_bot_description/meshes
[0.494s] -- Up-to-date: /home/jsc/ros2_ws/install/jsc_mecanum_description/share/jsc_mecanum_description/models/jsc_mecanum_bot_description/meshes/fl_wheel_link.STL
[0.495s] -- Up-to-date: /home/jsc/ros2_ws/install/jsc_mecanum_description/share/jsc_mecanum_description/models/jsc_mecanum_bot_description/meshes/rr_wheel_link.STL
[0.496s] -- Up-to-date: /home/jsc/ros2_ws/install/jsc_mecanum_description/share/jsc_mecanum_description/models/jsc_mecanum_bot_description/meshes/fr_wheel_link.STL
[0.497s] -- Up-to-date: /home/jsc/ros2_ws/install/jsc_mecanum_description/share/jsc_mecanum_description/models/jsc_mecanum_bot_description/meshes/rl_wheel_link.STL
[0.498s] -- Up-to-date: /home/jsc/ros2_ws/install/jsc_mecanum_description/share/jsc_mecanum_description/rviz
[0.498s] -- Up-to-date: /home/jsc/ros2_ws/install/jsc_mecanum_description/share/jsc_mecanum_description/rviz/model.rviz
[0.498s] -- Up-to-date: /home/jsc/ros2_ws/install/jsc_mecanum_description/share/jsc_mecanum_description/src
[0.499s] -- Up-to-date: /home/jsc/ros2_ws/install/jsc_mecanum_description/share/jsc_mecanum_description/src/jsc_mecanum_description.urdf
[0.499s] -- Up-to-date: /home/jsc/ros2_ws/install/jsc_mecanum_description/share/jsc_mecanum_description/src/constant_odometry_publisher.py
[0.499s] -- Up-to-date: /home/jsc/ros2_ws/install/jsc_mecanum_description/lib/jsc_mecanum_description
[0.499s] -- Up-to-date: /home/jsc/ros2_ws/install/jsc_mecanum_description/lib/jsc_mecanum_description/constant_odometry_publisher.py
[0.500s] -- Up-to-date: /home/jsc/ros2_ws/install/jsc_mecanum_description/share/ament_index/resource_index/package_run_dependencies/jsc_mecanum_description
[0.500s] -- Up-to-date: /home/jsc/ros2_ws/install/jsc_mecanum_description/share/ament_index/resource_index/parent_prefix_path/jsc_mecanum_description
[0.500s] -- Up-to-date: /home/jsc/ros2_ws/install/jsc_mecanum_description/share/jsc_mecanum_description/environment/ament_prefix_path.sh
[0.500s] -- Up-to-date: /home/jsc/ros2_ws/install/jsc_mecanum_description/share/jsc_mecanum_description/environment/ament_prefix_path.dsv
[0.500s] -- Up-to-date: /home/jsc/ros2_ws/install/jsc_mecanum_description/share/jsc_mecanum_description/environment/path.sh
[0.500s] -- Up-to-date: /home/jsc/ros2_ws/install/jsc_mecanum_description/share/jsc_mecanum_description/environment/path.dsv
[0.500s] -- Up-to-date: /home/jsc/ros2_ws/install/jsc_mecanum_description/share/jsc_mecanum_description/local_setup.bash
[0.500s] -- Up-to-date: /home/jsc/ros2_ws/install/jsc_mecanum_description/share/jsc_mecanum_description/local_setup.sh
[0.500s] -- Up-to-date: /home/jsc/ros2_ws/install/jsc_mecanum_description/share/jsc_mecanum_description/local_setup.zsh
[0.501s] -- Up-to-date: /home/jsc/ros2_ws/install/jsc_mecanum_description/share/jsc_mecanum_description/local_setup.dsv
[0.501s] -- Up-to-date: /home/jsc/ros2_ws/install/jsc_mecanum_description/share/jsc_mecanum_description/package.dsv
[0.501s] -- Up-to-date: /home/jsc/ros2_ws/install/jsc_mecanum_description/share/ament_index/resource_index/packages/jsc_mecanum_description
[0.501s] -- Up-to-date: /home/jsc/ros2_ws/install/jsc_mecanum_description/share/jsc_mecanum_description/cmake/jsc_mecanum_descriptionConfig.cmake
[0.501s] -- Up-to-date: /home/jsc/ros2_ws/install/jsc_mecanum_description/share/jsc_mecanum_description/cmake/jsc_mecanum_descriptionConfig-version.cmake
[0.502s] -- Up-to-date: /home/jsc/ros2_ws/install/jsc_mecanum_description/share/jsc_mecanum_description/package.xml
[0.512s] Invoked command in '/home/jsc/ros2_ws/build/jsc_mecanum_description' returned '0': CMAKE_PREFIX_PATH=${CMAKE_PREFIX_PATH}:/home/jsc/ros2_ws/install/robot_sensor_distance:/home/jsc/ros2_ws/install/robot_nav2:/home/jsc/ros2_ws/install/robot_distancia:/home/jsc/ros2_ws/install/robot_controller:/home/jsc/ros2_ws/install/motor_gui_pkg:/home/jsc/Aros2duino/install/aros2duino:/opt/ros/humble /usr/bin/cmake --install /home/jsc/ros2_ws/build/jsc_mecanum_description
