[0.068s] Invoking command in '/home/jsc/ros2_ws/build/jsc_mecanum_hardware': CMAKE_PREFIX_PATH=${CMAKE_PREFIX_PATH}:/home/jsc/ros2_ws/install/robot_sensor_distance:/home/jsc/ros2_ws/install/robot_nav2:/home/jsc/ros2_ws/install/robot_distancia:/home/jsc/ros2_ws/install/robot_controller:/home/jsc/ros2_ws/install/motor_gui_pkg:/home/jsc/Aros2duino/install/aros2duino:/opt/ros/humble /usr/bin/cmake --build /home/jsc/ros2_ws/build/jsc_mecanum_hardware -- -j12 -l12
[0.414s] [100%] Built target jsc_mecanum_hardware
[0.431s] Invoked command in '/home/jsc/ros2_ws/build/jsc_mecanum_hardware' returned '0': CMAKE_PREFIX_PATH=${CMAKE_PREFIX_PATH}:/home/jsc/ros2_ws/install/robot_sensor_distance:/home/jsc/ros2_ws/install/robot_nav2:/home/jsc/ros2_ws/install/robot_distancia:/home/jsc/ros2_ws/install/robot_controller:/home/jsc/ros2_ws/install/motor_gui_pkg:/home/jsc/Aros2duino/install/aros2duino:/opt/ros/humble /usr/bin/cmake --build /home/jsc/ros2_ws/build/jsc_mecanum_hardware -- -j12 -l12
[0.536s] Invoking command in '/home/jsc/ros2_ws/build/jsc_mecanum_hardware': CMAKE_PREFIX_PATH=${CMAKE_PREFIX_PATH}:/home/jsc/ros2_ws/install/robot_sensor_distance:/home/jsc/ros2_ws/install/robot_nav2:/home/jsc/ros2_ws/install/robot_distancia:/home/jsc/ros2_ws/install/robot_controller:/home/jsc/ros2_ws/install/motor_gui_pkg:/home/jsc/Aros2duino/install/aros2duino:/opt/ros/humble /usr/bin/cmake --install /home/jsc/ros2_ws/build/jsc_mecanum_hardware
[0.554s] -- Install configuration: ""
[0.554s] -- Execute custom install script
[0.554s] -- Up-to-date symlink: /home/jsc/ros2_ws/install/jsc_mecanum_hardware/share/jsc_mecanum_hardware//jsc_mecanum_hardware.xml
[0.554s] -- Up-to-date symlink: /home/jsc/ros2_ws/install/jsc_mecanum_hardware/lib/libjsc_mecanum_hardware.so
[0.554s] -- Up-to-date symlink: /home/jsc/ros2_ws/install/jsc_mecanum_hardware/include/include/jsc_mecanum_hardware/jsc_mecanum_hardware.hpp
[0.554s] -- Up-to-date symlink: /home/jsc/ros2_ws/install/jsc_mecanum_hardware/include/include/jsc_mecanum_hardware/jsc_mecanum_hardware_compiler.h
[0.554s] -- Up-to-date symlink: /home/jsc/ros2_ws/install/jsc_mecanum_hardware/include/include/jsc_mecanum_hardware/jsc_mecanum_serial_port.hpp
[0.554s] -- Up-to-date symlink: /home/jsc/ros2_ws/install/jsc_mecanum_hardware/share/jsc_mecanum_hardware/environment/library_path.sh
[0.554s] -- Up-to-date symlink: /home/jsc/ros2_ws/install/jsc_mecanum_hardware/share/jsc_mecanum_hardware/environment/library_path.dsv
[0.554s] -- Up-to-date symlink: /home/jsc/ros2_ws/install/jsc_mecanum_hardware/share/ament_index/resource_index/package_run_dependencies/jsc_mecanum_hardware
[0.555s] -- Up-to-date symlink: /home/jsc/ros2_ws/install/jsc_mecanum_hardware/share/ament_index/resource_index/parent_prefix_path/jsc_mecanum_hardware
[0.555s] -- Up-to-date symlink: /home/jsc/ros2_ws/install/jsc_mecanum_hardware/share/jsc_mecanum_hardware/environment/ament_prefix_path.sh
[0.556s] -- Up-to-date symlink: /home/jsc/ros2_ws/install/jsc_mecanum_hardware/share/jsc_mecanum_hardware/environment/ament_prefix_path.dsv
[0.556s] -- Up-to-date symlink: /home/jsc/ros2_ws/install/jsc_mecanum_hardware/share/jsc_mecanum_hardware/environment/path.sh
[0.557s] -- Up-to-date symlink: /home/jsc/ros2_ws/install/jsc_mecanum_hardware/share/jsc_mecanum_hardware/environment/path.dsv
[0.557s] -- Up-to-date symlink: /home/jsc/ros2_ws/install/jsc_mecanum_hardware/share/jsc_mecanum_hardware/local_setup.bash
[0.558s] -- Up-to-date symlink: /home/jsc/ros2_ws/install/jsc_mecanum_hardware/share/jsc_mecanum_hardware/local_setup.sh
[0.558s] -- Up-to-date symlink: /home/jsc/ros2_ws/install/jsc_mecanum_hardware/share/jsc_mecanum_hardware/local_setup.zsh
[0.558s] -- Up-to-date symlink: /home/jsc/ros2_ws/install/jsc_mecanum_hardware/share/jsc_mecanum_hardware/local_setup.dsv
[0.558s] -- Symlinking: /home/jsc/ros2_ws/install/jsc_mecanum_hardware/share/jsc_mecanum_hardware/package.dsv
[0.558s] -- Up-to-date symlink: /home/jsc/ros2_ws/install/jsc_mecanum_hardware/share/ament_index/resource_index/packages/jsc_mecanum_hardware
[0.558s] -- Up-to-date symlink: /home/jsc/ros2_ws/install/jsc_mecanum_hardware/share/ament_index/resource_index/hardware_interface__pluginlib__plugin/jsc_mecanum_hardware
[0.558s] -- Up-to-date symlink: /home/jsc/ros2_ws/install/jsc_mecanum_hardware/share/jsc_mecanum_hardware/cmake/ament_cmake_export_include_directories-extras.cmake
[0.558s] -- Up-to-date symlink: /home/jsc/ros2_ws/install/jsc_mecanum_hardware/share/jsc_mecanum_hardware/cmake/ament_cmake_export_libraries-extras.cmake
[0.558s] -- Up-to-date symlink: /home/jsc/ros2_ws/install/jsc_mecanum_hardware/share/jsc_mecanum_hardware/cmake/ament_cmake_export_dependencies-extras.cmake
[0.558s] -- Up-to-date symlink: /home/jsc/ros2_ws/install/jsc_mecanum_hardware/share/jsc_mecanum_hardware/cmake/jsc_mecanum_hardwareConfig.cmake
[0.558s] -- Up-to-date symlink: /home/jsc/ros2_ws/install/jsc_mecanum_hardware/share/jsc_mecanum_hardware/cmake/jsc_mecanum_hardwareConfig-version.cmake
[0.559s] -- Up-to-date symlink: /home/jsc/ros2_ws/install/jsc_mecanum_hardware/share/jsc_mecanum_hardware/package.xml
[0.632s] Invoked command in '/home/jsc/ros2_ws/build/jsc_mecanum_hardware' returned '0': CMAKE_PREFIX_PATH=${CMAKE_PREFIX_PATH}:/home/jsc/ros2_ws/install/robot_sensor_distance:/home/jsc/ros2_ws/install/robot_nav2:/home/jsc/ros2_ws/install/robot_distancia:/home/jsc/ros2_ws/install/robot_controller:/home/jsc/ros2_ws/install/motor_gui_pkg:/home/jsc/Aros2duino/install/aros2duino:/opt/ros/humble /usr/bin/cmake --install /home/jsc/ros2_ws/build/jsc_mecanum_hardware
