[0.044s] Invoking command in '/home/jsc/ros2_ws/build/jsc_mecanum_teleop': CMAKE_PREFIX_PATH=${CMAKE_PREFIX_PATH}:/home/jsc/ros2_ws/install/robot_sensor_distance:/home/jsc/ros2_ws/install/robot_nav2:/home/jsc/ros2_ws/install/robot_distancia:/home/jsc/ros2_ws/install/robot_controller:/home/jsc/ros2_ws/install/motor_gui_pkg:/home/jsc/Aros2duino/install/aros2duino:/opt/ros/humble /usr/bin/cmake /home/jsc/ros2_ws/src/jsc_mecanum_teleop -DCMAKE_INSTALL_PREFIX=/home/jsc/ros2_ws/install/jsc_mecanum_teleop
[1.297s] -- The C compiler identification is GNU 11.4.0
[1.299s] -- The CXX compiler identification is GNU 11.4.0
[1.299s] -- Detecting C compiler ABI info
[1.299s] -- Detecting C compiler ABI info - done
[1.299s] -- Check for working C compiler: /usr/bin/cc - skipped
[1.299s] -- Detecting C compile features
[1.299s] -- Detecting C compile features - done
[1.300s] -- Detecting CXX compiler ABI info
[1.300s] -- Detecting CXX compiler ABI info - done
[1.300s] -- Check for working CXX compiler: /usr/bin/c++ - skipped
[1.300s] -- Detecting CXX compile features
[1.300s] -- Detecting CXX compile features - done
[1.300s] -- Found ament_cmake: 1.3.10 (/opt/ros/humble/share/ament_cmake/cmake)
[1.300s] -- Found Python3: /usr/bin/python3 (found version "3.10.12") found components: Interpreter 
[1.300s] -- Found rclcpp: 16.0.10 (/opt/ros/humble/share/rclcpp/cmake)
[1.300s] -- Found rosidl_generator_c: 3.1.5 (/opt/ros/humble/share/rosidl_generator_c/cmake)
[1.301s] -- Found rosidl_adapter: 3.1.5 (/opt/ros/humble/share/rosidl_adapter/cmake)
[1.301s] -- Found rosidl_generator_cpp: 3.1.5 (/opt/ros/humble/share/rosidl_generator_cpp/cmake)
[1.301s] -- Using all available rosidl_typesupport_c: rosidl_typesupport_fastrtps_c;rosidl_typesupport_introspection_c
[1.306s] -- Using all available rosidl_typesupport_cpp: rosidl_typesupport_fastrtps_cpp;rosidl_typesupport_introspection_cpp
[1.414s] -- Found rmw_implementation_cmake: 6.1.2 (/opt/ros/humble/share/rmw_implementation_cmake/cmake)
[1.422s] -- Found rmw_fastrtps_cpp: 6.2.7 (/opt/ros/humble/share/rmw_fastrtps_cpp/cmake)
[1.572s] -- Found OpenSSL: /usr/lib/x86_64-linux-gnu/libcrypto.so (found version "3.0.2")  
[1.619s] -- Found FastRTPS: /opt/ros/humble/include  
[1.680s] -- Using RMW implementation 'rmw_fastrtps_cpp' as default
[1.699s] -- Looking for pthread.h
[1.788s] -- Looking for pthread.h - found
[1.788s] -- Performing Test CMAKE_HAVE_LIBC_PTHREAD
[1.869s] -- Performing Test CMAKE_HAVE_LIBC_PTHREAD - Success
[1.871s] -- Found Threads: TRUE  
[1.977s] -- Found sensor_msgs: 4.2.4 (/opt/ros/humble/share/sensor_msgs/cmake)
[2.143s] -- Configuring done
[2.159s] -- Generating done
[2.161s] -- Build files have been written to: /home/jsc/ros2_ws/build/jsc_mecanum_teleop
[2.744s] Invoked command in '/home/jsc/ros2_ws/build/jsc_mecanum_teleop' returned '0': CMAKE_PREFIX_PATH=${CMAKE_PREFIX_PATH}:/home/jsc/ros2_ws/install/robot_sensor_distance:/home/jsc/ros2_ws/install/robot_nav2:/home/jsc/ros2_ws/install/robot_distancia:/home/jsc/ros2_ws/install/robot_controller:/home/jsc/ros2_ws/install/motor_gui_pkg:/home/jsc/Aros2duino/install/aros2duino:/opt/ros/humble /usr/bin/cmake /home/jsc/ros2_ws/src/jsc_mecanum_teleop -DCMAKE_INSTALL_PREFIX=/home/jsc/ros2_ws/install/jsc_mecanum_teleop
[2.746s] Invoking command in '/home/jsc/ros2_ws/build/jsc_mecanum_teleop': CMAKE_PREFIX_PATH=${CMAKE_PREFIX_PATH}:/home/jsc/ros2_ws/install/robot_sensor_distance:/home/jsc/ros2_ws/install/robot_nav2:/home/jsc/ros2_ws/install/robot_distancia:/home/jsc/ros2_ws/install/robot_controller:/home/jsc/ros2_ws/install/motor_gui_pkg:/home/jsc/Aros2duino/install/aros2duino:/opt/ros/humble /usr/bin/cmake --build /home/jsc/ros2_ws/build/jsc_mecanum_teleop -- -j12 -l12
[3.338s] [ 50%] [32mBuilding CXX object CMakeFiles/jsc_mecanum_teleop.dir/src/jsc_mecanum_joystick.cpp.o[0m
[3.338s] [ 50%] [32mBuilding CXX object CMakeFiles/jsc_mecanum_teleop.dir/src/jsc_mecanum_teleop.cpp.o[0m
[3.338s] [ 75%] [32mBuilding CXX object CMakeFiles/jsc_mecanum_teleop.dir/src/node_main.cpp.o[0m
[19.670s] [100%] [32m[1mLinking CXX executable jsc_mecanum_teleop[0m
[20.248s] [100%] Built target jsc_mecanum_teleop
[20.261s] Invoked command in '/home/jsc/ros2_ws/build/jsc_mecanum_teleop' returned '0': CMAKE_PREFIX_PATH=${CMAKE_PREFIX_PATH}:/home/jsc/ros2_ws/install/robot_sensor_distance:/home/jsc/ros2_ws/install/robot_nav2:/home/jsc/ros2_ws/install/robot_distancia:/home/jsc/ros2_ws/install/robot_controller:/home/jsc/ros2_ws/install/motor_gui_pkg:/home/jsc/Aros2duino/install/aros2duino:/opt/ros/humble /usr/bin/cmake --build /home/jsc/ros2_ws/build/jsc_mecanum_teleop -- -j12 -l12
[20.299s] Invoking command in '/home/jsc/ros2_ws/build/jsc_mecanum_teleop': CMAKE_PREFIX_PATH=${CMAKE_PREFIX_PATH}:/home/jsc/ros2_ws/install/robot_sensor_distance:/home/jsc/ros2_ws/install/robot_nav2:/home/jsc/ros2_ws/install/robot_distancia:/home/jsc/ros2_ws/install/robot_controller:/home/jsc/ros2_ws/install/motor_gui_pkg:/home/jsc/Aros2duino/install/aros2duino:/opt/ros/humble /usr/bin/cmake --install /home/jsc/ros2_ws/build/jsc_mecanum_teleop
[20.307s] -- Install configuration: ""
[20.307s] -- Installing: /home/jsc/ros2_ws/install/jsc_mecanum_teleop/share/jsc_mecanum_teleop/config
[20.307s] -- Installing: /home/jsc/ros2_ws/install/jsc_mecanum_teleop/share/jsc_mecanum_teleop/config/teleop_config.yaml
[20.307s] -- Installing: /home/jsc/ros2_ws/install/jsc_mecanum_teleop/lib/jsc_mecanum_teleop/jsc_mecanum_teleop
[20.311s] -- Set runtime path of "/home/jsc/ros2_ws/install/jsc_mecanum_teleop/lib/jsc_mecanum_teleop/jsc_mecanum_teleop" to ""
[20.311s] -- Installing: /home/jsc/ros2_ws/install/jsc_mecanum_teleop/share/ament_index/resource_index/package_run_dependencies/jsc_mecanum_teleop
[20.311s] -- Installing: /home/jsc/ros2_ws/install/jsc_mecanum_teleop/share/ament_index/resource_index/parent_prefix_path/jsc_mecanum_teleop
[20.312s] -- Installing: /home/jsc/ros2_ws/install/jsc_mecanum_teleop/share/jsc_mecanum_teleop/environment/ament_prefix_path.sh
[20.312s] -- Installing: /home/jsc/ros2_ws/install/jsc_mecanum_teleop/share/jsc_mecanum_teleop/environment/ament_prefix_path.dsv
[20.312s] -- Installing: /home/jsc/ros2_ws/install/jsc_mecanum_teleop/share/jsc_mecanum_teleop/environment/path.sh
[20.312s] -- Installing: /home/jsc/ros2_ws/install/jsc_mecanum_teleop/share/jsc_mecanum_teleop/environment/path.dsv
[20.312s] -- Installing: /home/jsc/ros2_ws/install/jsc_mecanum_teleop/share/jsc_mecanum_teleop/local_setup.bash
[20.312s] -- Installing: /home/jsc/ros2_ws/install/jsc_mecanum_teleop/share/jsc_mecanum_teleop/local_setup.sh
[20.312s] -- Installing: /home/jsc/ros2_ws/install/jsc_mecanum_teleop/share/jsc_mecanum_teleop/local_setup.zsh
[20.313s] -- Installing: /home/jsc/ros2_ws/install/jsc_mecanum_teleop/share/jsc_mecanum_teleop/local_setup.dsv
[20.313s] -- Installing: /home/jsc/ros2_ws/install/jsc_mecanum_teleop/share/jsc_mecanum_teleop/package.dsv
[20.313s] -- Installing: /home/jsc/ros2_ws/install/jsc_mecanum_teleop/share/ament_index/resource_index/packages/jsc_mecanum_teleop
[20.313s] -- Installing: /home/jsc/ros2_ws/install/jsc_mecanum_teleop/share/jsc_mecanum_teleop/cmake/jsc_mecanum_teleopConfig.cmake
[20.313s] -- Installing: /home/jsc/ros2_ws/install/jsc_mecanum_teleop/share/jsc_mecanum_teleop/cmake/jsc_mecanum_teleopConfig-version.cmake
[20.313s] -- Installing: /home/jsc/ros2_ws/install/jsc_mecanum_teleop/share/jsc_mecanum_teleop/package.xml
[20.316s] Invoked command in '/home/jsc/ros2_ws/build/jsc_mecanum_teleop' returned '0': CMAKE_PREFIX_PATH=${CMAKE_PREFIX_PATH}:/home/jsc/ros2_ws/install/robot_sensor_distance:/home/jsc/ros2_ws/install/robot_nav2:/home/jsc/ros2_ws/install/robot_distancia:/home/jsc/ros2_ws/install/robot_controller:/home/jsc/ros2_ws/install/motor_gui_pkg:/home/jsc/Aros2duino/install/aros2duino:/opt/ros/humble /usr/bin/cmake --install /home/jsc/ros2_ws/build/jsc_mecanum_teleop
