[1.274s] Invoking command in '/home/jsc/ros2_ws/build/sllidar_ros2': CMAKE_PREFIX_PATH=${CMAKE_PREFIX_PATH}:/home/jsc/ros2_ws/install/robot_sensor_distance:/home/jsc/ros2_ws/install/robot_nav2:/home/jsc/ros2_ws/install/robot_distancia:/home/jsc/ros2_ws/install/robot_controller:/home/jsc/ros2_ws/install/motor_gui_pkg:/home/jsc/Aros2duino/install/aros2duino:/opt/ros/humble /usr/bin/cmake --build /home/jsc/ros2_ws/build/sllidar_ros2 -- -j12 -l12
[1.355s] [ 10%] Built target sllidar_client
[1.379s] [100%] Built target sllidar_node
[1.420s] Invoked command in '/home/jsc/ros2_ws/build/sllidar_ros2' returned '0': CMAKE_PREFIX_PATH=${CMAKE_PREFIX_PATH}:/home/jsc/ros2_ws/install/robot_sensor_distance:/home/jsc/ros2_ws/install/robot_nav2:/home/jsc/ros2_ws/install/robot_distancia:/home/jsc/ros2_ws/install/robot_controller:/home/jsc/ros2_ws/install/motor_gui_pkg:/home/jsc/Aros2duino/install/aros2duino:/opt/ros/humble /usr/bin/cmake --build /home/jsc/ros2_ws/build/sllidar_ros2 -- -j12 -l12
[1.501s] Invoking command in '/home/jsc/ros2_ws/build/sllidar_ros2': CMAKE_PREFIX_PATH=${CMAKE_PREFIX_PATH}:/home/jsc/ros2_ws/install/robot_sensor_distance:/home/jsc/ros2_ws/install/robot_nav2:/home/jsc/ros2_ws/install/robot_distancia:/home/jsc/ros2_ws/install/robot_controller:/home/jsc/ros2_ws/install/motor_gui_pkg:/home/jsc/Aros2duino/install/aros2duino:/opt/ros/humble /usr/bin/cmake --install /home/jsc/ros2_ws/build/sllidar_ros2
[1.513s] -- Install configuration: ""
[1.514s] -- Execute custom install script
[1.515s] -- Up-to-date symlink: /home/jsc/ros2_ws/install/sllidar_ros2/share/sllidar_ros2/launch/sllidar_a1_launch.py
[1.515s] -- Up-to-date symlink: /home/jsc/ros2_ws/install/sllidar_ros2/share/sllidar_ros2/launch/sllidar_a2m12_launch .py
[1.515s] -- Up-to-date symlink: /home/jsc/ros2_ws/install/sllidar_ros2/share/sllidar_ros2/launch/sllidar_a2m7_launch.py
[1.516s] -- Up-to-date symlink: /home/jsc/ros2_ws/install/sllidar_ros2/share/sllidar_ros2/launch/sllidar_a2m8_launch.py
[1.516s] -- Up-to-date symlink: /home/jsc/ros2_ws/install/sllidar_ros2/share/sllidar_ros2/launch/sllidar_a3_launch.py
[1.516s] -- Up-to-date symlink: /home/jsc/ros2_ws/install/sllidar_ros2/share/sllidar_ros2/launch/sllidar_c1_launch.py
[1.516s] -- Up-to-date symlink: /home/jsc/ros2_ws/install/sllidar_ros2/share/sllidar_ros2/launch/sllidar_s1_launch.py
[1.516s] -- Up-to-date symlink: /home/jsc/ros2_ws/install/sllidar_ros2/share/sllidar_ros2/launch/sllidar_s1_tcp_launch.py
[1.516s] -- Up-to-date symlink: /home/jsc/ros2_ws/install/sllidar_ros2/share/sllidar_ros2/launch/sllidar_s2_launch.py
[1.517s] -- Up-to-date symlink: /home/jsc/ros2_ws/install/sllidar_ros2/share/sllidar_ros2/launch/sllidar_s2_launch_copy.py
[1.517s] -- Up-to-date symlink: /home/jsc/ros2_ws/install/sllidar_ros2/share/sllidar_ros2/launch/sllidar_s2e_launch.py
[1.517s] -- Up-to-date symlink: /home/jsc/ros2_ws/install/sllidar_ros2/share/sllidar_ros2/launch/sllidar_s3_launch.py
[1.517s] -- Up-to-date symlink: /home/jsc/ros2_ws/install/sllidar_ros2/share/sllidar_ros2/launch/sllidar_t1_launch.py
[1.517s] -- Up-to-date symlink: /home/jsc/ros2_ws/install/sllidar_ros2/share/sllidar_ros2/launch/view_sllidar_a1_launch.py
[1.518s] -- Up-to-date symlink: /home/jsc/ros2_ws/install/sllidar_ros2/share/sllidar_ros2/launch/view_sllidar_a2m12_launch.py
[1.518s] -- Up-to-date symlink: /home/jsc/ros2_ws/install/sllidar_ros2/share/sllidar_ros2/launch/view_sllidar_a2m7_launch.py
[1.518s] -- Up-to-date symlink: /home/jsc/ros2_ws/install/sllidar_ros2/share/sllidar_ros2/launch/view_sllidar_a2m8_launch.py
[1.518s] -- Up-to-date symlink: /home/jsc/ros2_ws/install/sllidar_ros2/share/sllidar_ros2/launch/view_sllidar_a3_launch.py
[1.518s] -- Up-to-date symlink: /home/jsc/ros2_ws/install/sllidar_ros2/share/sllidar_ros2/launch/view_sllidar_c1_launch.py
[1.519s] -- Up-to-date symlink: /home/jsc/ros2_ws/install/sllidar_ros2/share/sllidar_ros2/launch/view_sllidar_s1_launch.py
[1.519s] -- Up-to-date symlink: /home/jsc/ros2_ws/install/sllidar_ros2/share/sllidar_ros2/launch/view_sllidar_s1_tcp_launch.py
[1.519s] -- Up-to-date symlink: /home/jsc/ros2_ws/install/sllidar_ros2/share/sllidar_ros2/launch/view_sllidar_s2_launch.py
[1.519s] -- Up-to-date symlink: /home/jsc/ros2_ws/install/sllidar_ros2/share/sllidar_ros2/launch/view_sllidar_s2e_launch.py
[1.519s] -- Up-to-date symlink: /home/jsc/ros2_ws/install/sllidar_ros2/share/sllidar_ros2/launch/view_sllidar_s3_launch.py
[1.519s] -- Up-to-date symlink: /home/jsc/ros2_ws/install/sllidar_ros2/share/sllidar_ros2/launch/view_sllidar_t1_launch.py
[1.520s] -- Up-to-date symlink: /home/jsc/ros2_ws/install/sllidar_ros2/share/sllidar_ros2/rviz/sllidar_ros2.rviz
[1.520s] -- Up-to-date symlink: /home/jsc/ros2_ws/install/sllidar_ros2/lib/sllidar_ros2/sllidar_node
[1.521s] -- Up-to-date symlink: /home/jsc/ros2_ws/install/sllidar_ros2/lib/sllidar_ros2/sllidar_client
[1.521s] -- Up-to-date symlink: /home/jsc/ros2_ws/install/sllidar_ros2/share/ament_index/resource_index/package_run_dependencies/sllidar_ros2
[1.521s] -- Up-to-date symlink: /home/jsc/ros2_ws/install/sllidar_ros2/share/ament_index/resource_index/parent_prefix_path/sllidar_ros2
[1.522s] -- Up-to-date symlink: /home/jsc/ros2_ws/install/sllidar_ros2/share/sllidar_ros2/environment/ament_prefix_path.sh
[1.522s] -- Up-to-date symlink: /home/jsc/ros2_ws/install/sllidar_ros2/share/sllidar_ros2/environment/ament_prefix_path.dsv
[1.522s] -- Up-to-date symlink: /home/jsc/ros2_ws/install/sllidar_ros2/share/sllidar_ros2/environment/path.sh
[1.522s] -- Up-to-date symlink: /home/jsc/ros2_ws/install/sllidar_ros2/share/sllidar_ros2/environment/path.dsv
[1.523s] -- Up-to-date symlink: /home/jsc/ros2_ws/install/sllidar_ros2/share/sllidar_ros2/local_setup.bash
[1.523s] -- Up-to-date symlink: /home/jsc/ros2_ws/install/sllidar_ros2/share/sllidar_ros2/local_setup.sh
[1.523s] -- Up-to-date symlink: /home/jsc/ros2_ws/install/sllidar_ros2/share/sllidar_ros2/local_setup.zsh
[1.524s] -- Up-to-date symlink: /home/jsc/ros2_ws/install/sllidar_ros2/share/sllidar_ros2/local_setup.dsv
[1.524s] -- Symlinking: /home/jsc/ros2_ws/install/sllidar_ros2/share/sllidar_ros2/package.dsv
[1.538s] -- Up-to-date symlink: /home/jsc/ros2_ws/install/sllidar_ros2/share/ament_index/resource_index/packages/sllidar_ros2
[1.538s] -- Up-to-date symlink: /home/jsc/ros2_ws/install/sllidar_ros2/share/sllidar_ros2/cmake/ament_cmake_export_dependencies-extras.cmake
[1.538s] -- Up-to-date symlink: /home/jsc/ros2_ws/install/sllidar_ros2/share/sllidar_ros2/cmake/ament_cmake_export_include_directories-extras.cmake
[1.538s] -- Up-to-date symlink: /home/jsc/ros2_ws/install/sllidar_ros2/share/sllidar_ros2/cmake/sllidar_ros2Config.cmake
[1.539s] -- Up-to-date symlink: /home/jsc/ros2_ws/install/sllidar_ros2/share/sllidar_ros2/cmake/sllidar_ros2Config-version.cmake
[1.539s] -- Up-to-date symlink: /home/jsc/ros2_ws/install/sllidar_ros2/share/sllidar_ros2/package.xml
[1.543s] Invoked command in '/home/jsc/ros2_ws/build/sllidar_ros2' returned '0': CMAKE_PREFIX_PATH=${CMAKE_PREFIX_PATH}:/home/jsc/ros2_ws/install/robot_sensor_distance:/home/jsc/ros2_ws/install/robot_nav2:/home/jsc/ros2_ws/install/robot_distancia:/home/jsc/ros2_ws/install/robot_controller:/home/jsc/ros2_ws/install/motor_gui_pkg:/home/jsc/Aros2duino/install/aros2duino:/opt/ros/humble /usr/bin/cmake --install /home/jsc/ros2_ws/build/sllidar_ros2
