[1.996s] Invoking command in '/home/jsc/ros2_ws/src/motor_gui_pkg': PYTHONPATH=/home/jsc/ros2_ws/build/motor_gui_pkg/prefix_override:/usr/lib/python3/dist-packages/colcon_core/task/python/colcon_distutils_commands:/home/jsc/ros2_ws/install/motor_gui_pkg/lib/python3.10/site-packages:${PYTHONPATH} /usr/bin/python3 -W ignore:setup.py install is deprecated setup.py egg_info --egg-base ../../build/motor_gui_pkg build --build-base /home/jsc/ros2_ws/build/motor_gui_pkg/build install --record /home/jsc/ros2_ws/build/motor_gui_pkg/install.log --single-version-externally-managed install_data
[2.370s] running egg_info
[2.370s] writing ../../build/motor_gui_pkg/motor_gui_pkg.egg-info/PKG-INFO
[2.371s] writing dependency_links to ../../build/motor_gui_pkg/motor_gui_pkg.egg-info/dependency_links.txt
[2.371s] writing entry points to ../../build/motor_gui_pkg/motor_gui_pkg.egg-info/entry_points.txt
[2.371s] writing requirements to ../../build/motor_gui_pkg/motor_gui_pkg.egg-info/requires.txt
[2.371s] writing top-level names to ../../build/motor_gui_pkg/motor_gui_pkg.egg-info/top_level.txt
[2.373s] reading manifest file '../../build/motor_gui_pkg/motor_gui_pkg.egg-info/SOURCES.txt'
[2.374s] writing manifest file '../../build/motor_gui_pkg/motor_gui_pkg.egg-info/SOURCES.txt'
[2.374s] running build
[2.374s] running build_py
[2.374s] running install
[2.375s] running install_lib
[2.376s] running install_data
[2.376s] running install_egg_info
[2.379s] removing '/home/jsc/ros2_ws/install/motor_gui_pkg/lib/python3.10/site-packages/motor_gui_pkg-0.0.0-py3.10.egg-info' (and everything under it)
[2.379s] Copying ../../build/motor_gui_pkg/motor_gui_pkg.egg-info to /home/jsc/ros2_ws/install/motor_gui_pkg/lib/python3.10/site-packages/motor_gui_pkg-0.0.0-py3.10.egg-info
[2.381s] running install_scripts
[2.404s] Installing motor_gui script to /home/jsc/ros2_ws/install/motor_gui_pkg/lib/motor_gui_pkg
[2.405s] writing list of installed files to '/home/jsc/ros2_ws/build/motor_gui_pkg/install.log'
[2.434s] Invoked command in '/home/jsc/ros2_ws/src/motor_gui_pkg' returned '0': PYTHONPATH=/home/jsc/ros2_ws/build/motor_gui_pkg/prefix_override:/usr/lib/python3/dist-packages/colcon_core/task/python/colcon_distutils_commands:/home/jsc/ros2_ws/install/motor_gui_pkg/lib/python3.10/site-packages:${PYTHONPATH} /usr/bin/python3 -W ignore:setup.py install is deprecated setup.py egg_info --egg-base ../../build/motor_gui_pkg build --build-base /home/jsc/ros2_ws/build/motor_gui_pkg/build install --record /home/jsc/ros2_ws/build/motor_gui_pkg/install.log --single-version-externally-managed install_data
