[0.049s] Invoking command in '/home/jsc/ros2_ws/build/jsc_mecanum_controller': CMAKE_PREFIX_PATH=${CMAKE_PREFIX_PATH}:/home/jsc/ros2_ws/install/robot_sensor_distance:/home/jsc/ros2_ws/install/robot_nav2:/home/jsc/ros2_ws/install/robot_distancia:/home/jsc/ros2_ws/install/robot_controller:/home/jsc/ros2_ws/install/motor_gui_pkg:/home/jsc/Aros2duino/install/aros2duino:/opt/ros/humble /usr/bin/cmake /home/jsc/ros2_ws/src/jsc_mecanum_controller -DCMAKE_INSTALL_PREFIX=/home/jsc/ros2_ws/install/jsc_mecanum_controller
[0.618s] -- The C compiler identification is GNU 11.4.0
[0.618s] -- The CXX compiler identification is GNU 11.4.0
[0.618s] -- Detecting C compiler ABI info
[0.618s] -- Detecting C compiler ABI info - done
[0.618s] -- Check for working C compiler: /usr/bin/cc - skipped
[0.618s] -- Detecting C compile features
[0.618s] -- Detecting C compile features - done
[0.618s] -- Detecting CXX compiler ABI info
[0.619s] -- Detecting CXX compiler ABI info - done
[0.630s] -- Check for working CXX compiler: /usr/bin/c++ - skipped
[0.633s] -- Detecting CXX compile features
[0.635s] -- Detecting CXX compile features - done
[0.636s] -- Found ament_cmake: 1.3.10 (/opt/ros/humble/share/ament_cmake/cmake)
[0.936s] -- Found Python3: /usr/bin/python3 (found version "3.10.12") found components: Interpreter 
[1.119s] -- Found controller_interface: 2.43.1 (/opt/ros/humble/share/controller_interface/cmake)
[1.204s] -- Found rosidl_generator_c: 3.1.5 (/opt/ros/humble/share/rosidl_generator_c/cmake)
[1.218s] -- Found rosidl_adapter: 3.1.5 (/opt/ros/humble/share/rosidl_adapter/cmake)
[1.245s] -- Found rosidl_generator_cpp: 3.1.5 (/opt/ros/humble/share/rosidl_generator_cpp/cmake)
[1.273s] -- Using all available rosidl_typesupport_c: rosidl_typesupport_fastrtps_c;rosidl_typesupport_introspection_c
[1.313s] -- Using all available rosidl_typesupport_cpp: rosidl_typesupport_fastrtps_cpp;rosidl_typesupport_introspection_cpp
[1.754s] -- Found rmw_implementation_cmake: 6.1.2 (/opt/ros/humble/share/rmw_implementation_cmake/cmake)
[1.761s] -- Found rmw_fastrtps_cpp: 6.2.7 (/opt/ros/humble/share/rmw_fastrtps_cpp/cmake)
[1.814s] -- Found TinyXML2 via Config file: TinyXML2_DIR-NOTFOUND
[1.879s] -- Found OpenSSL: /usr/lib/x86_64-linux-gnu/libcrypto.so (found version "3.0.2")  
[1.883s] -- Found TinyXML2 via Config file: TinyXML2_DIR-NOTFOUND
[1.906s] -- Found FastRTPS: /opt/ros/humble/include  
[1.912s] -- Found TinyXML2 via Config file: TinyXML2_DIR-NOTFOUND
[1.923s] -- Found TinyXML2 via Config file: TinyXML2_DIR-NOTFOUND
[1.939s] -- Using RMW implementation 'rmw_fastrtps_cpp' as default
[1.951s] -- Looking for pthread.h
[2.042s] -- Looking for pthread.h - found
[2.042s] -- Performing Test CMAKE_HAVE_LIBC_PTHREAD
[2.121s] -- Performing Test CMAKE_HAVE_LIBC_PTHREAD - Success
[2.122s] -- Found Threads: TRUE  
[2.192s] -- Found realtime_tools: 2.6.0 (/opt/ros/humble/share/realtime_tools/cmake)
[2.336s] -- Configuring done
[2.372s] -- Generating done
[2.374s] -- Build files have been written to: /home/jsc/ros2_ws/build/jsc_mecanum_controller
[3.337s] Invoked command in '/home/jsc/ros2_ws/build/jsc_mecanum_controller' returned '0': CMAKE_PREFIX_PATH=${CMAKE_PREFIX_PATH}:/home/jsc/ros2_ws/install/robot_sensor_distance:/home/jsc/ros2_ws/install/robot_nav2:/home/jsc/ros2_ws/install/robot_distancia:/home/jsc/ros2_ws/install/robot_controller:/home/jsc/ros2_ws/install/motor_gui_pkg:/home/jsc/Aros2duino/install/aros2duino:/opt/ros/humble /usr/bin/cmake /home/jsc/ros2_ws/src/jsc_mecanum_controller -DCMAKE_INSTALL_PREFIX=/home/jsc/ros2_ws/install/jsc_mecanum_controller
[3.339s] Invoking command in '/home/jsc/ros2_ws/build/jsc_mecanum_controller': CMAKE_PREFIX_PATH=${CMAKE_PREFIX_PATH}:/home/jsc/ros2_ws/install/robot_sensor_distance:/home/jsc/ros2_ws/install/robot_nav2:/home/jsc/ros2_ws/install/robot_distancia:/home/jsc/ros2_ws/install/robot_controller:/home/jsc/ros2_ws/install/motor_gui_pkg:/home/jsc/Aros2duino/install/aros2duino:/opt/ros/humble /usr/bin/cmake --build /home/jsc/ros2_ws/build/jsc_mecanum_controller -- -j12 -l12
[3.414s] [ 33%] [32mBuilding CXX object CMakeFiles/jsc_mecanum_controller.dir/src/jsc_mecanum_wheel.cpp.o[0m
[3.424s] [ 66%] [32mBuilding CXX object CMakeFiles/jsc_mecanum_controller.dir/src/jsc_mecanum_drive_controller.cpp.o[0m
[9.265s] [01m[K/home/jsc/ros2_ws/src/jsc_mecanum_controller/src/jsc_mecanum_drive_controller.cpp:[m[K In member function ‘[01m[Kvirtual controller_interface::return_type jsc::mecanumbot::controller::MecanumbotDriveController::update(const rclcpp::Time&, const rclcpp::Duration&)[m[K’:
[9.266s] [01m[K/home/jsc/ros2_ws/src/jsc_mecanum_controller/src/jsc_mecanum_drive_controller.cpp:60:90:[m[K [01;35m[Kwarning: [m[Kunused parameter ‘[01m[Ktime[m[K’ [[01;35m[K]8;;https://gcc.gnu.org/onlinedocs/gcc/Warning-Options.html#index-Wunused-parameter-Wunused-parameter]8;;[m[K]
[9.266s]    60 | n_type MecanumbotDriveController::update([01;35m[Kconst rclcpp::Time & time[m[K, const rclcpp::Duration & period)
[9.266s]       |                                          [01;35m[K~~~~~~~~~~~~~~~~~~~~~^~~~[m[K
[9.266s] 
[9.269s] [01m[K/home/jsc/ros2_ws/src/jsc_mecanum_controller/src/jsc_mecanum_drive_controller.cpp:60:121:[m[K [01;35m[Kwarning: [m[Kunused parameter ‘[01m[Kperiod[m[K’ [[01;35m[K]8;;https://gcc.gnu.org/onlinedocs/gcc/Warning-Options.html#index-Wunused-parameter-Wunused-parameter]8;;[m[K]
[9.269s]    60 | oller::update(const rclcpp::Time & time, [01;35m[Kconst rclcpp::Duration & period[m[K)
[9.269s]       |                                          [01;35m[K~~~~~~~~~~~~~~~~~~~~~~~~~^~~~~~[m[K
[9.269s] 
[18.207s] [100%] [32m[1mLinking CXX shared library libjsc_mecanum_controller.so[0m
[18.858s] [100%] Built target jsc_mecanum_controller
[18.871s] Invoked command in '/home/jsc/ros2_ws/build/jsc_mecanum_controller' returned '0': CMAKE_PREFIX_PATH=${CMAKE_PREFIX_PATH}:/home/jsc/ros2_ws/install/robot_sensor_distance:/home/jsc/ros2_ws/install/robot_nav2:/home/jsc/ros2_ws/install/robot_distancia:/home/jsc/ros2_ws/install/robot_controller:/home/jsc/ros2_ws/install/motor_gui_pkg:/home/jsc/Aros2duino/install/aros2duino:/opt/ros/humble /usr/bin/cmake --build /home/jsc/ros2_ws/build/jsc_mecanum_controller -- -j12 -l12
[18.904s] Invoking command in '/home/jsc/ros2_ws/build/jsc_mecanum_controller': CMAKE_PREFIX_PATH=${CMAKE_PREFIX_PATH}:/home/jsc/ros2_ws/install/robot_sensor_distance:/home/jsc/ros2_ws/install/robot_nav2:/home/jsc/ros2_ws/install/robot_distancia:/home/jsc/ros2_ws/install/robot_controller:/home/jsc/ros2_ws/install/motor_gui_pkg:/home/jsc/Aros2duino/install/aros2duino:/opt/ros/humble /usr/bin/cmake --install /home/jsc/ros2_ws/build/jsc_mecanum_controller
[18.912s] -- Install configuration: ""
[18.913s] -- Installing: /home/jsc/ros2_ws/install/jsc_mecanum_controller/share/jsc_mecanum_controller/jsc_mecanum_controller.xml
[18.913s] -- Installing: /home/jsc/ros2_ws/install/jsc_mecanum_controller/lib/libjsc_mecanum_controller.so
[18.924s] -- Set runtime path of "/home/jsc/ros2_ws/install/jsc_mecanum_controller/lib/libjsc_mecanum_controller.so" to ""
[18.924s] -- Installing: /home/jsc/ros2_ws/install/jsc_mecanum_controller/include/include
[18.924s] -- Installing: /home/jsc/ros2_ws/install/jsc_mecanum_controller/include/include/jsc_mecanum_controller
[18.924s] -- Installing: /home/jsc/ros2_ws/install/jsc_mecanum_controller/include/include/jsc_mecanum_controller/jsc_mecanum_controller_compiler.h
[18.924s] -- Installing: /home/jsc/ros2_ws/install/jsc_mecanum_controller/include/include/jsc_mecanum_controller/jsc_mecanum_wheel.hpp
[18.925s] -- Installing: /home/jsc/ros2_ws/install/jsc_mecanum_controller/include/include/jsc_mecanum_controller/jsc_mecanum_drive_controller.hpp
[18.925s] -- Installing: /home/jsc/ros2_ws/install/jsc_mecanum_controller/share/jsc_mecanum_controller/environment/library_path.sh
[18.925s] -- Installing: /home/jsc/ros2_ws/install/jsc_mecanum_controller/share/jsc_mecanum_controller/environment/library_path.dsv
[18.925s] -- Installing: /home/jsc/ros2_ws/install/jsc_mecanum_controller/share/ament_index/resource_index/package_run_dependencies/jsc_mecanum_controller
[18.925s] -- Installing: /home/jsc/ros2_ws/install/jsc_mecanum_controller/share/ament_index/resource_index/parent_prefix_path/jsc_mecanum_controller
[18.925s] -- Installing: /home/jsc/ros2_ws/install/jsc_mecanum_controller/share/jsc_mecanum_controller/environment/ament_prefix_path.sh
[18.926s] -- Installing: /home/jsc/ros2_ws/install/jsc_mecanum_controller/share/jsc_mecanum_controller/environment/ament_prefix_path.dsv
[18.926s] -- Installing: /home/jsc/ros2_ws/install/jsc_mecanum_controller/share/jsc_mecanum_controller/environment/path.sh
[18.926s] -- Installing: /home/jsc/ros2_ws/install/jsc_mecanum_controller/share/jsc_mecanum_controller/environment/path.dsv
[18.926s] -- Installing: /home/jsc/ros2_ws/install/jsc_mecanum_controller/share/jsc_mecanum_controller/local_setup.bash
[18.926s] -- Installing: /home/jsc/ros2_ws/install/jsc_mecanum_controller/share/jsc_mecanum_controller/local_setup.sh
[18.926s] -- Installing: /home/jsc/ros2_ws/install/jsc_mecanum_controller/share/jsc_mecanum_controller/local_setup.zsh
[18.927s] -- Installing: /home/jsc/ros2_ws/install/jsc_mecanum_controller/share/jsc_mecanum_controller/local_setup.dsv
[18.927s] -- Installing: /home/jsc/ros2_ws/install/jsc_mecanum_controller/share/jsc_mecanum_controller/package.dsv
[18.927s] -- Installing: /home/jsc/ros2_ws/install/jsc_mecanum_controller/share/ament_index/resource_index/packages/jsc_mecanum_controller
[18.927s] -- Installing: /home/jsc/ros2_ws/install/jsc_mecanum_controller/share/ament_index/resource_index/controller_interface__pluginlib__plugin/jsc_mecanum_controller
[18.927s] -- Installing: /home/jsc/ros2_ws/install/jsc_mecanum_controller/share/jsc_mecanum_controller/cmake/ament_cmake_export_include_directories-extras.cmake
[18.927s] -- Installing: /home/jsc/ros2_ws/install/jsc_mecanum_controller/share/jsc_mecanum_controller/cmake/ament_cmake_export_libraries-extras.cmake
[18.927s] -- Installing: /home/jsc/ros2_ws/install/jsc_mecanum_controller/share/jsc_mecanum_controller/cmake/ament_cmake_export_dependencies-extras.cmake
[18.928s] -- Installing: /home/jsc/ros2_ws/install/jsc_mecanum_controller/share/jsc_mecanum_controller/cmake/jsc_mecanum_controllerConfig.cmake
[18.928s] -- Installing: /home/jsc/ros2_ws/install/jsc_mecanum_controller/share/jsc_mecanum_controller/cmake/jsc_mecanum_controllerConfig-version.cmake
[18.928s] -- Installing: /home/jsc/ros2_ws/install/jsc_mecanum_controller/share/jsc_mecanum_controller/package.xml
[18.931s] Invoked command in '/home/jsc/ros2_ws/build/jsc_mecanum_controller' returned '0': CMAKE_PREFIX_PATH=${CMAKE_PREFIX_PATH}:/home/jsc/ros2_ws/install/robot_sensor_distance:/home/jsc/ros2_ws/install/robot_nav2:/home/jsc/ros2_ws/install/robot_distancia:/home/jsc/ros2_ws/install/robot_controller:/home/jsc/ros2_ws/install/motor_gui_pkg:/home/jsc/Aros2duino/install/aros2duino:/opt/ros/humble /usr/bin/cmake --install /home/jsc/ros2_ws/build/jsc_mecanum_controller
