[0.609s] Invoking command in '/home/jsc/ros2_ws/build/rf2o_laser_odometry': CMAKE_PREFIX_PATH=${CMAKE_PREFIX_PATH}:/home/jsc/ros2_ws/install/robot_sensor_distance:/home/jsc/ros2_ws/install/robot_nav2:/home/jsc/ros2_ws/install/robot_distancia:/home/jsc/ros2_ws/install/robot_controller:/home/jsc/ros2_ws/install/motor_gui_pkg:/home/jsc/Aros2duino/install/aros2duino:/opt/ros/humble /usr/bin/cmake /home/jsc/ros2_ws/src/rf2o_laser_odometry -DAMENT_CMAKE_SYMLINK_INSTALL=1 -DCMAKE_INSTALL_PREFIX=/home/jsc/ros2_ws/install/rf2o_laser_odometry
[0.658s] -- Found ament_cmake: 1.3.10 (/opt/ros/humble/share/ament_cmake/cmake)
[0.883s] -- Override CMake install command with custom implementation using symlinks instead of copying resources
[0.895s] -- Found rclcpp: 16.0.10 (/opt/ros/humble/share/rclcpp/cmake)
[0.950s] -- Found rosidl_generator_c: 3.1.5 (/opt/ros/humble/share/rosidl_generator_c/cmake)
[0.955s] -- Found rosidl_adapter: 3.1.5 (/opt/ros/humble/share/rosidl_adapter/cmake)
[0.965s] -- Found rosidl_generator_cpp: 3.1.5 (/opt/ros/humble/share/rosidl_generator_cpp/cmake)
[0.982s] -- Using all available rosidl_typesupport_c: rosidl_typesupport_fastrtps_c;rosidl_typesupport_introspection_c
[0.999s] -- Using all available rosidl_typesupport_cpp: rosidl_typesupport_fastrtps_cpp;rosidl_typesupport_introspection_cpp
[1.036s] -- Found rmw_implementation_cmake: 6.1.2 (/opt/ros/humble/share/rmw_implementation_cmake/cmake)
[1.038s] -- Found rmw_fastrtps_cpp: 6.2.7 (/opt/ros/humble/share/rmw_fastrtps_cpp/cmake)
[1.163s] -- Using RMW implementation 'rmw_fastrtps_cpp' as default
[1.216s] -- Found geometry_msgs: 4.2.4 (/opt/ros/humble/share/geometry_msgs/cmake)
[1.229s] -- Found tf2_geometry_msgs: 0.25.8 (/opt/ros/humble/share/tf2_geometry_msgs/cmake)
[1.233s] -- Found eigen3_cmake_module: 0.1.1 (/opt/ros/humble/share/eigen3_cmake_module/cmake)
[1.234s] -- Ensuring Eigen3 include directory is part of orocos-kdl CMake target
[1.332s] -- Found sensor_msgs: 4.2.4 (/opt/ros/humble/share/sensor_msgs/cmake)
[1.350s] -- Found nav_msgs: 4.2.4 (/opt/ros/humble/share/nav_msgs/cmake)
[1.487s] -- Configuring done
[1.508s] -- Generating done
[1.511s] -- Build files have been written to: /home/jsc/ros2_ws/build/rf2o_laser_odometry
[2.373s] Invoked command in '/home/jsc/ros2_ws/build/rf2o_laser_odometry' returned '0': CMAKE_PREFIX_PATH=${CMAKE_PREFIX_PATH}:/home/jsc/ros2_ws/install/robot_sensor_distance:/home/jsc/ros2_ws/install/robot_nav2:/home/jsc/ros2_ws/install/robot_distancia:/home/jsc/ros2_ws/install/robot_controller:/home/jsc/ros2_ws/install/motor_gui_pkg:/home/jsc/Aros2duino/install/aros2duino:/opt/ros/humble /usr/bin/cmake /home/jsc/ros2_ws/src/rf2o_laser_odometry -DAMENT_CMAKE_SYMLINK_INSTALL=1 -DCMAKE_INSTALL_PREFIX=/home/jsc/ros2_ws/install/rf2o_laser_odometry
[2.374s] Invoking command in '/home/jsc/ros2_ws/build/rf2o_laser_odometry': CMAKE_PREFIX_PATH=${CMAKE_PREFIX_PATH}:/home/jsc/ros2_ws/install/robot_sensor_distance:/home/jsc/ros2_ws/install/robot_nav2:/home/jsc/ros2_ws/install/robot_distancia:/home/jsc/ros2_ws/install/robot_controller:/home/jsc/ros2_ws/install/motor_gui_pkg:/home/jsc/Aros2duino/install/aros2duino:/opt/ros/humble /usr/bin/cmake --build /home/jsc/ros2_ws/build/rf2o_laser_odometry -- -j12 -l12
[2.449s] [35m[1mConsolidate compiler generated dependencies of target rf2o_laser_odometry[0m
[2.449s] [35m[1mConsolidate compiler generated dependencies of target rf2o_laser_odometry_node[0m
[2.495s] [ 40%] Built target rf2o_laser_odometry
[2.495s] [100%] Built target rf2o_laser_odometry_node
[2.555s] Invoked command in '/home/jsc/ros2_ws/build/rf2o_laser_odometry' returned '0': CMAKE_PREFIX_PATH=${CMAKE_PREFIX_PATH}:/home/jsc/ros2_ws/install/robot_sensor_distance:/home/jsc/ros2_ws/install/robot_nav2:/home/jsc/ros2_ws/install/robot_distancia:/home/jsc/ros2_ws/install/robot_controller:/home/jsc/ros2_ws/install/motor_gui_pkg:/home/jsc/Aros2duino/install/aros2duino:/opt/ros/humble /usr/bin/cmake --build /home/jsc/ros2_ws/build/rf2o_laser_odometry -- -j12 -l12
[2.647s] Invoking command in '/home/jsc/ros2_ws/build/rf2o_laser_odometry': CMAKE_PREFIX_PATH=${CMAKE_PREFIX_PATH}:/home/jsc/ros2_ws/install/robot_sensor_distance:/home/jsc/ros2_ws/install/robot_nav2:/home/jsc/ros2_ws/install/robot_distancia:/home/jsc/ros2_ws/install/robot_controller:/home/jsc/ros2_ws/install/motor_gui_pkg:/home/jsc/Aros2duino/install/aros2duino:/opt/ros/humble /usr/bin/cmake --install /home/jsc/ros2_ws/build/rf2o_laser_odometry
[2.659s] -- Install configuration: ""
[2.659s] -- Execute custom install script
[2.659s] -- Up-to-date symlink: /home/jsc/ros2_ws/install/rf2o_laser_odometry/lib/rf2o_laser_odometry/rf2o_laser_odometry_node
[2.660s] -- Up-to-date symlink: /home/jsc/ros2_ws/install/rf2o_laser_odometry/share/rf2o_laser_odometry/launch/rf2o_laser_odometry.launch.py
[2.660s] -- Up-to-date symlink: /home/jsc/ros2_ws/install/rf2o_laser_odometry/share/ament_index/resource_index/package_run_dependencies/rf2o_laser_odometry
[2.660s] -- Up-to-date symlink: /home/jsc/ros2_ws/install/rf2o_laser_odometry/share/ament_index/resource_index/parent_prefix_path/rf2o_laser_odometry
[2.660s] -- Up-to-date symlink: /home/jsc/ros2_ws/install/rf2o_laser_odometry/share/rf2o_laser_odometry/environment/ament_prefix_path.sh
[2.660s] -- Up-to-date symlink: /home/jsc/ros2_ws/install/rf2o_laser_odometry/share/rf2o_laser_odometry/environment/ament_prefix_path.dsv
[2.660s] -- Up-to-date symlink: /home/jsc/ros2_ws/install/rf2o_laser_odometry/share/rf2o_laser_odometry/environment/path.sh
[2.660s] -- Up-to-date symlink: /home/jsc/ros2_ws/install/rf2o_laser_odometry/share/rf2o_laser_odometry/environment/path.dsv
[2.661s] -- Up-to-date symlink: /home/jsc/ros2_ws/install/rf2o_laser_odometry/share/rf2o_laser_odometry/local_setup.bash
[2.661s] -- Up-to-date symlink: /home/jsc/ros2_ws/install/rf2o_laser_odometry/share/rf2o_laser_odometry/local_setup.sh
[2.661s] -- Up-to-date symlink: /home/jsc/ros2_ws/install/rf2o_laser_odometry/share/rf2o_laser_odometry/local_setup.zsh
[2.661s] -- Up-to-date symlink: /home/jsc/ros2_ws/install/rf2o_laser_odometry/share/rf2o_laser_odometry/local_setup.dsv
[2.661s] -- Symlinking: /home/jsc/ros2_ws/install/rf2o_laser_odometry/share/rf2o_laser_odometry/package.dsv
[2.676s] -- Up-to-date symlink: /home/jsc/ros2_ws/install/rf2o_laser_odometry/share/ament_index/resource_index/packages/rf2o_laser_odometry
[2.676s] -- Up-to-date symlink: /home/jsc/ros2_ws/install/rf2o_laser_odometry/share/rf2o_laser_odometry/cmake/rf2o_laser_odometryConfig.cmake
[2.676s] -- Up-to-date symlink: /home/jsc/ros2_ws/install/rf2o_laser_odometry/share/rf2o_laser_odometry/cmake/rf2o_laser_odometryConfig-version.cmake
[2.676s] -- Up-to-date symlink: /home/jsc/ros2_ws/install/rf2o_laser_odometry/share/rf2o_laser_odometry/package.xml
[2.681s] Invoked command in '/home/jsc/ros2_ws/build/rf2o_laser_odometry' returned '0': CMAKE_PREFIX_PATH=${CMAKE_PREFIX_PATH}:/home/jsc/ros2_ws/install/robot_sensor_distance:/home/jsc/ros2_ws/install/robot_nav2:/home/jsc/ros2_ws/install/robot_distancia:/home/jsc/ros2_ws/install/robot_controller:/home/jsc/ros2_ws/install/motor_gui_pkg:/home/jsc/Aros2duino/install/aros2duino:/opt/ros/humble /usr/bin/cmake --install /home/jsc/ros2_ws/build/rf2o_laser_odometry
