[1.373s] Invoking command in '/home/jsc/ros2_ws/build/jsc_mecanum_bringup': CMAKE_PREFIX_PATH=/home/jsc/ros2_ws/install/jsc_mecanum_description:/home/jsc/ros2_ws/install/sllidar_ros2:/home/jsc/ros2_ws/install/robot_slam:/home/jsc/ros2_ws/install/rf2o_laser_odometry:/home/jsc/ros2_ws/install/jsc_mobile_robot:/home/jsc/ros2_ws/install/jsc_mecanum_teleop:/home/jsc/ros2_ws/install/jsc_mecanum_hardware:/home/jsc/ros2_ws/install/jsc_mecanum_bringup:/home/jsc/ros2_ws/install/jsc_mecanum_controller:/home/jsc/ros2_ws/install/jsc_mecanum_control:/home/jsc/ros2_ws/install/jsc_bot_description:/home/jsc/ros2_ws/install/a_gazebo:/home/jsc/ros2_ws/install/a_control:/home/jsc/ros2_ws/install/a_cartographer:/home/jsc/ros2_ws/install/robot_sensor_distance:/home/jsc/ros2_ws/install/robot_nav2:/home/jsc/ros2_ws/install/robot_distancia:/home/jsc/ros2_ws/install/robot_controller:/home/jsc/ros2_ws/install/motor_gui_pkg:/home/jsc/Aros2duino/install/aros2duino:/opt/ros/humble /usr/bin/cmake --build /home/jsc/ros2_ws/build/jsc_mecanum_bringup -- -j12 -l12
[1.432s] Invoked command in '/home/jsc/ros2_ws/build/jsc_mecanum_bringup' returned '0': CMAKE_PREFIX_PATH=/home/jsc/ros2_ws/install/jsc_mecanum_description:/home/jsc/ros2_ws/install/sllidar_ros2:/home/jsc/ros2_ws/install/robot_slam:/home/jsc/ros2_ws/install/rf2o_laser_odometry:/home/jsc/ros2_ws/install/jsc_mobile_robot:/home/jsc/ros2_ws/install/jsc_mecanum_teleop:/home/jsc/ros2_ws/install/jsc_mecanum_hardware:/home/jsc/ros2_ws/install/jsc_mecanum_bringup:/home/jsc/ros2_ws/install/jsc_mecanum_controller:/home/jsc/ros2_ws/install/jsc_mecanum_control:/home/jsc/ros2_ws/install/jsc_bot_description:/home/jsc/ros2_ws/install/a_gazebo:/home/jsc/ros2_ws/install/a_control:/home/jsc/ros2_ws/install/a_cartographer:/home/jsc/ros2_ws/install/robot_sensor_distance:/home/jsc/ros2_ws/install/robot_nav2:/home/jsc/ros2_ws/install/robot_distancia:/home/jsc/ros2_ws/install/robot_controller:/home/jsc/ros2_ws/install/motor_gui_pkg:/home/jsc/Aros2duino/install/aros2duino:/opt/ros/humble /usr/bin/cmake --build /home/jsc/ros2_ws/build/jsc_mecanum_bringup -- -j12 -l12
[1.473s] Invoking command in '/home/jsc/ros2_ws/build/jsc_mecanum_bringup': CMAKE_PREFIX_PATH=/home/jsc/ros2_ws/install/jsc_mecanum_description:/home/jsc/ros2_ws/install/sllidar_ros2:/home/jsc/ros2_ws/install/robot_slam:/home/jsc/ros2_ws/install/rf2o_laser_odometry:/home/jsc/ros2_ws/install/jsc_mobile_robot:/home/jsc/ros2_ws/install/jsc_mecanum_teleop:/home/jsc/ros2_ws/install/jsc_mecanum_hardware:/home/jsc/ros2_ws/install/jsc_mecanum_bringup:/home/jsc/ros2_ws/install/jsc_mecanum_controller:/home/jsc/ros2_ws/install/jsc_mecanum_control:/home/jsc/ros2_ws/install/jsc_bot_description:/home/jsc/ros2_ws/install/a_gazebo:/home/jsc/ros2_ws/install/a_control:/home/jsc/ros2_ws/install/a_cartographer:/home/jsc/ros2_ws/install/robot_sensor_distance:/home/jsc/ros2_ws/install/robot_nav2:/home/jsc/ros2_ws/install/robot_distancia:/home/jsc/ros2_ws/install/robot_controller:/home/jsc/ros2_ws/install/motor_gui_pkg:/home/jsc/Aros2duino/install/aros2duino:/opt/ros/humble /usr/bin/cmake --install /home/jsc/ros2_ws/build/jsc_mecanum_bringup
[1.486s] -- Install configuration: ""
[1.486s] -- Execute custom install script
[1.487s] -- Up-to-date symlink: /home/jsc/ros2_ws/install/jsc_mecanum_bringup/share/jsc_mecanum_bringup/launch/jsc_mecanum_hardware.py
[1.487s] -- Up-to-date symlink: /home/jsc/ros2_ws/install/jsc_mecanum_bringup/share/jsc_mecanum_bringup/launch/jsc_mecanum_state_publisher.py
[1.487s] -- Up-to-date symlink: /home/jsc/ros2_ws/install/jsc_mecanum_bringup/share/jsc_mecanum_bringup/launch/jsc_mecanum_teleop.py
[1.487s] -- Up-to-date symlink: /home/jsc/ros2_ws/install/jsc_mecanum_bringup/share/jsc_mecanum_bringup/launch/rviz2.py
[1.487s] -- Up-to-date symlink: /home/jsc/ros2_ws/install/jsc_mecanum_bringup/share/ament_index/resource_index/package_run_dependencies/jsc_mecanum_bringup
[1.487s] -- Up-to-date symlink: /home/jsc/ros2_ws/install/jsc_mecanum_bringup/share/ament_index/resource_index/parent_prefix_path/jsc_mecanum_bringup
[1.491s] -- Up-to-date symlink: /home/jsc/ros2_ws/install/jsc_mecanum_bringup/share/jsc_mecanum_bringup/environment/ament_prefix_path.sh
[1.491s] -- Up-to-date symlink: /home/jsc/ros2_ws/install/jsc_mecanum_bringup/share/jsc_mecanum_bringup/environment/ament_prefix_path.dsv
[1.492s] -- Up-to-date symlink: /home/jsc/ros2_ws/install/jsc_mecanum_bringup/share/jsc_mecanum_bringup/environment/path.sh
[1.492s] -- Up-to-date symlink: /home/jsc/ros2_ws/install/jsc_mecanum_bringup/share/jsc_mecanum_bringup/environment/path.dsv
[1.492s] -- Up-to-date symlink: /home/jsc/ros2_ws/install/jsc_mecanum_bringup/share/jsc_mecanum_bringup/local_setup.bash
[1.492s] -- Up-to-date symlink: /home/jsc/ros2_ws/install/jsc_mecanum_bringup/share/jsc_mecanum_bringup/local_setup.sh
[1.492s] -- Up-to-date symlink: /home/jsc/ros2_ws/install/jsc_mecanum_bringup/share/jsc_mecanum_bringup/local_setup.zsh
[1.493s] -- Up-to-date symlink: /home/jsc/ros2_ws/install/jsc_mecanum_bringup/share/jsc_mecanum_bringup/local_setup.dsv
[1.493s] -- Symlinking: /home/jsc/ros2_ws/install/jsc_mecanum_bringup/share/jsc_mecanum_bringup/package.dsv
[1.510s] -- Up-to-date symlink: /home/jsc/ros2_ws/install/jsc_mecanum_bringup/share/ament_index/resource_index/packages/jsc_mecanum_bringup
[1.510s] -- Up-to-date symlink: /home/jsc/ros2_ws/install/jsc_mecanum_bringup/share/jsc_mecanum_bringup/cmake/jsc_mecanum_bringupConfig.cmake
[1.511s] -- Up-to-date symlink: /home/jsc/ros2_ws/install/jsc_mecanum_bringup/share/jsc_mecanum_bringup/cmake/jsc_mecanum_bringupConfig-version.cmake
[1.511s] -- Up-to-date symlink: /home/jsc/ros2_ws/install/jsc_mecanum_bringup/share/jsc_mecanum_bringup/package.xml
[1.523s] Invoked command in '/home/jsc/ros2_ws/build/jsc_mecanum_bringup' returned '0': CMAKE_PREFIX_PATH=/home/jsc/ros2_ws/install/jsc_mecanum_description:/home/jsc/ros2_ws/install/sllidar_ros2:/home/jsc/ros2_ws/install/robot_slam:/home/jsc/ros2_ws/install/rf2o_laser_odometry:/home/jsc/ros2_ws/install/jsc_mobile_robot:/home/jsc/ros2_ws/install/jsc_mecanum_teleop:/home/jsc/ros2_ws/install/jsc_mecanum_hardware:/home/jsc/ros2_ws/install/jsc_mecanum_bringup:/home/jsc/ros2_ws/install/jsc_mecanum_controller:/home/jsc/ros2_ws/install/jsc_mecanum_control:/home/jsc/ros2_ws/install/jsc_bot_description:/home/jsc/ros2_ws/install/a_gazebo:/home/jsc/ros2_ws/install/a_control:/home/jsc/ros2_ws/install/a_cartographer:/home/jsc/ros2_ws/install/robot_sensor_distance:/home/jsc/ros2_ws/install/robot_nav2:/home/jsc/ros2_ws/install/robot_distancia:/home/jsc/ros2_ws/install/robot_controller:/home/jsc/ros2_ws/install/motor_gui_pkg:/home/jsc/Aros2duino/install/aros2duino:/opt/ros/humble /usr/bin/cmake --install /home/jsc/ros2_ws/build/jsc_mecanum_bringup
