[0.068s] Invoking command in '/home/jsc/ros2_ws/build/a_control': CMAKE_PREFIX_PATH=${CMAKE_PREFIX_PATH}:/home/jsc/ros2_ws/install/robot_sensor_distance:/home/jsc/ros2_ws/install/robot_nav2:/home/jsc/ros2_ws/install/robot_distancia:/home/jsc/ros2_ws/install/robot_controller:/home/jsc/ros2_ws/install/motor_gui_pkg:/home/jsc/Aros2duino/install/aros2duino:/opt/ros/humble /usr/bin/cmake /home/jsc/ros2_ws/src/a_control -DCMAKE_INSTALL_PREFIX=/home/jsc/ros2_ws/install/a_control
[0.679s] -- Found ament_cmake: 1.3.10 (/opt/ros/humble/share/ament_cmake/cmake)
[0.679s] -- Override CMake install command with custom implementation using symlinks instead of copying resources
[0.679s] -- Found ament_lint_auto: 0.12.11 (/opt/ros/humble/share/ament_lint_auto/cmake)
[0.679s] -- Added test 'flake8' to check Python code syntax and style conventions
[0.680s] -- Added test 'lint_cmake' to check CMake code style
[0.680s] -- Added test 'pep257' to check Python code against some of the docstring style conventions in PEP 257
[0.680s] -- Added test 'xmllint' to check XML markup files
[0.680s] -- Configuring done
[0.680s] -- Generating done
[0.682s] -- Build files have been written to: /home/jsc/ros2_ws/build/a_control
[0.722s] Invoked command in '/home/jsc/ros2_ws/build/a_control' returned '0': CMAKE_PREFIX_PATH=${CMAKE_PREFIX_PATH}:/home/jsc/ros2_ws/install/robot_sensor_distance:/home/jsc/ros2_ws/install/robot_nav2:/home/jsc/ros2_ws/install/robot_distancia:/home/jsc/ros2_ws/install/robot_controller:/home/jsc/ros2_ws/install/motor_gui_pkg:/home/jsc/Aros2duino/install/aros2duino:/opt/ros/humble /usr/bin/cmake /home/jsc/ros2_ws/src/a_control -DCMAKE_INSTALL_PREFIX=/home/jsc/ros2_ws/install/a_control
[0.723s] Invoking command in '/home/jsc/ros2_ws/build/a_control': CMAKE_PREFIX_PATH=${CMAKE_PREFIX_PATH}:/home/jsc/ros2_ws/install/robot_sensor_distance:/home/jsc/ros2_ws/install/robot_nav2:/home/jsc/ros2_ws/install/robot_distancia:/home/jsc/ros2_ws/install/robot_controller:/home/jsc/ros2_ws/install/motor_gui_pkg:/home/jsc/Aros2duino/install/aros2duino:/opt/ros/humble /usr/bin/cmake --build /home/jsc/ros2_ws/build/a_control -- -j12 -l12
[0.757s] Invoked command in '/home/jsc/ros2_ws/build/a_control' returned '0': CMAKE_PREFIX_PATH=${CMAKE_PREFIX_PATH}:/home/jsc/ros2_ws/install/robot_sensor_distance:/home/jsc/ros2_ws/install/robot_nav2:/home/jsc/ros2_ws/install/robot_distancia:/home/jsc/ros2_ws/install/robot_controller:/home/jsc/ros2_ws/install/motor_gui_pkg:/home/jsc/Aros2duino/install/aros2duino:/opt/ros/humble /usr/bin/cmake --build /home/jsc/ros2_ws/build/a_control -- -j12 -l12
[0.834s] Invoking command in '/home/jsc/ros2_ws/build/a_control': CMAKE_PREFIX_PATH=${CMAKE_PREFIX_PATH}:/home/jsc/ros2_ws/install/robot_sensor_distance:/home/jsc/ros2_ws/install/robot_nav2:/home/jsc/ros2_ws/install/robot_distancia:/home/jsc/ros2_ws/install/robot_controller:/home/jsc/ros2_ws/install/motor_gui_pkg:/home/jsc/Aros2duino/install/aros2duino:/opt/ros/humble /usr/bin/cmake --install /home/jsc/ros2_ws/build/a_control
[0.849s] -- Install configuration: ""
[0.859s] -- Execute custom install script
[0.860s] -- Up-to-date symlink: /home/jsc/ros2_ws/install/a_control/share/a_control//scripts/robot_control.py
[0.860s] -- Up-to-date symlink: /home/jsc/ros2_ws/install/a_control/share/a_control//scripts/robot_control_navigation.py
[0.860s] -- Up-to-date symlink: /home/jsc/ros2_ws/install/a_control/share/a_control//launch/omni_control.launch.py
[0.861s] -- Up-to-date symlink: /home/jsc/ros2_ws/install/a_control/share/a_control//launch/omni_control_navigation.launch.py
[0.861s] -- Up-to-date symlink: /home/jsc/ros2_ws/install/a_control/lib/a_control/robot_control.py
[0.861s] -- Up-to-date symlink: /home/jsc/ros2_ws/install/a_control/lib/a_control/robot_control_navigation.py
[0.862s] -- Up-to-date symlink: /home/jsc/ros2_ws/install/a_control/lib/a_control/omni_control.launch.py
[0.862s] -- Up-to-date symlink: /home/jsc/ros2_ws/install/a_control/lib/a_control/omni_control_navigation.launch.py
[0.863s] -- Up-to-date symlink: /home/jsc/ros2_ws/install/a_control/share/ament_index/resource_index/package_run_dependencies/a_control
[0.868s] -- Up-to-date symlink: /home/jsc/ros2_ws/install/a_control/share/ament_index/resource_index/parent_prefix_path/a_control
[0.868s] -- Up-to-date symlink: /home/jsc/ros2_ws/install/a_control/share/a_control/environment/ament_prefix_path.sh
[0.868s] -- Up-to-date symlink: /home/jsc/ros2_ws/install/a_control/share/a_control/environment/ament_prefix_path.dsv
[0.868s] -- Up-to-date symlink: /home/jsc/ros2_ws/install/a_control/share/a_control/environment/path.sh
[0.873s] -- Up-to-date symlink: /home/jsc/ros2_ws/install/a_control/share/a_control/environment/path.dsv
[0.874s] -- Up-to-date symlink: /home/jsc/ros2_ws/install/a_control/share/a_control/local_setup.bash
[0.874s] -- Up-to-date symlink: /home/jsc/ros2_ws/install/a_control/share/a_control/local_setup.sh
[0.874s] -- Up-to-date symlink: /home/jsc/ros2_ws/install/a_control/share/a_control/local_setup.zsh
[0.874s] -- Up-to-date symlink: /home/jsc/ros2_ws/install/a_control/share/a_control/local_setup.dsv
[0.874s] -- Symlinking: /home/jsc/ros2_ws/install/a_control/share/a_control/package.dsv
[0.878s] -- Up-to-date symlink: /home/jsc/ros2_ws/install/a_control/share/ament_index/resource_index/packages/a_control
[0.878s] -- Up-to-date symlink: /home/jsc/ros2_ws/install/a_control/share/a_control/cmake/a_controlConfig.cmake
[0.879s] -- Up-to-date symlink: /home/jsc/ros2_ws/install/a_control/share/a_control/cmake/a_controlConfig-version.cmake
[0.879s] -- Up-to-date symlink: /home/jsc/ros2_ws/install/a_control/share/a_control/package.xml
[0.932s] Invoked command in '/home/jsc/ros2_ws/build/a_control' returned '0': CMAKE_PREFIX_PATH=${CMAKE_PREFIX_PATH}:/home/jsc/ros2_ws/install/robot_sensor_distance:/home/jsc/ros2_ws/install/robot_nav2:/home/jsc/ros2_ws/install/robot_distancia:/home/jsc/ros2_ws/install/robot_controller:/home/jsc/ros2_ws/install/motor_gui_pkg:/home/jsc/Aros2duino/install/aros2duino:/opt/ros/humble /usr/bin/cmake --install /home/jsc/ros2_ws/build/a_control
