[0.054s] Invoking command in '/home/jsc/ros2_ws/build/jsc_mecanum_description': CMAKE_PREFIX_PATH=${CMAKE_PREFIX_PATH}:/home/jsc/ros2_ws/install/robot_sensor_distance:/home/jsc/ros2_ws/install/robot_nav2:/home/jsc/ros2_ws/install/robot_distancia:/home/jsc/ros2_ws/install/robot_controller:/home/jsc/ros2_ws/install/motor_gui_pkg:/home/jsc/Aros2duino/install/aros2duino:/opt/ros/humble /usr/bin/cmake /home/jsc/ros2_ws/src/jsc_mecanum_description -DCMAKE_INSTALL_PREFIX=/home/jsc/ros2_ws/install/jsc_mecanum_description
[0.613s] -- The C compiler identification is GNU 11.4.0
[0.613s] -- The CXX compiler identification is GNU 11.4.0
[0.613s] -- Detecting C compiler ABI info
[0.613s] -- Detecting C compiler ABI info - done
[0.614s] -- Check for working C compiler: /usr/bin/cc - skipped
[0.614s] -- Detecting C compile features
[0.614s] -- Detecting C compile features - done
[0.614s] -- Detecting CXX compiler ABI info
[0.624s] -- Detecting CXX compiler ABI info - done
[0.645s] -- Check for working CXX compiler: /usr/bin/c++ - skipped
[0.645s] -- Detecting CXX compile features
[0.655s] -- Detecting CXX compile features - done
[0.655s] -- Found ament_cmake: 1.3.10 (/opt/ros/humble/share/ament_cmake/cmake)
[0.959s] -- Found Python3: /usr/bin/python3 (found version "3.10.12") found components: Interpreter 
[1.150s] -- Found ament_lint_auto: 0.12.11 (/opt/ros/humble/share/ament_lint_auto/cmake)
[1.302s] -- Added test 'copyright' to check source files copyright and LICENSE
[1.314s] -- Added test 'flake8' to check Python code syntax and style conventions
[1.314s] -- Added test 'lint_cmake' to check CMake code style
[1.315s] -- Added test 'pep257' to check Python code against some of the docstring style conventions in PEP 257
[1.320s] -- Added test 'xmllint' to check XML markup files
[1.323s] -- Configuring done
[1.334s] -- Generating done
[1.337s] -- Build files have been written to: /home/jsc/ros2_ws/build/jsc_mecanum_description
[1.356s] Invoked command in '/home/jsc/ros2_ws/build/jsc_mecanum_description' returned '0': CMAKE_PREFIX_PATH=${CMAKE_PREFIX_PATH}:/home/jsc/ros2_ws/install/robot_sensor_distance:/home/jsc/ros2_ws/install/robot_nav2:/home/jsc/ros2_ws/install/robot_distancia:/home/jsc/ros2_ws/install/robot_controller:/home/jsc/ros2_ws/install/motor_gui_pkg:/home/jsc/Aros2duino/install/aros2duino:/opt/ros/humble /usr/bin/cmake /home/jsc/ros2_ws/src/jsc_mecanum_description -DCMAKE_INSTALL_PREFIX=/home/jsc/ros2_ws/install/jsc_mecanum_description
[1.356s] Invoking command in '/home/jsc/ros2_ws/build/jsc_mecanum_description': CMAKE_PREFIX_PATH=${CMAKE_PREFIX_PATH}:/home/jsc/ros2_ws/install/robot_sensor_distance:/home/jsc/ros2_ws/install/robot_nav2:/home/jsc/ros2_ws/install/robot_distancia:/home/jsc/ros2_ws/install/robot_controller:/home/jsc/ros2_ws/install/motor_gui_pkg:/home/jsc/Aros2duino/install/aros2duino:/opt/ros/humble /usr/bin/cmake --build /home/jsc/ros2_ws/build/jsc_mecanum_description -- -j12 -l12
[1.419s] Invoked command in '/home/jsc/ros2_ws/build/jsc_mecanum_description' returned '0': CMAKE_PREFIX_PATH=${CMAKE_PREFIX_PATH}:/home/jsc/ros2_ws/install/robot_sensor_distance:/home/jsc/ros2_ws/install/robot_nav2:/home/jsc/ros2_ws/install/robot_distancia:/home/jsc/ros2_ws/install/robot_controller:/home/jsc/ros2_ws/install/motor_gui_pkg:/home/jsc/Aros2duino/install/aros2duino:/opt/ros/humble /usr/bin/cmake --build /home/jsc/ros2_ws/build/jsc_mecanum_description -- -j12 -l12
[1.461s] Invoking command in '/home/jsc/ros2_ws/build/jsc_mecanum_description': CMAKE_PREFIX_PATH=${CMAKE_PREFIX_PATH}:/home/jsc/ros2_ws/install/robot_sensor_distance:/home/jsc/ros2_ws/install/robot_nav2:/home/jsc/ros2_ws/install/robot_distancia:/home/jsc/ros2_ws/install/robot_controller:/home/jsc/ros2_ws/install/motor_gui_pkg:/home/jsc/Aros2duino/install/aros2duino:/opt/ros/humble /usr/bin/cmake --install /home/jsc/ros2_ws/build/jsc_mecanum_description
[1.481s] -- Install configuration: ""
[1.482s] -- Installing: /home/jsc/ros2_ws/install/jsc_mecanum_description/share/jsc_mecanum_description/config
[1.482s] -- Installing: /home/jsc/ros2_ws/install/jsc_mecanum_description/share/jsc_mecanum_description/config/robot_controller_config.yaml
[1.482s] -- Installing: /home/jsc/ros2_ws/install/jsc_mecanum_description/share/jsc_mecanum_description/config/diff_drive_controller.yaml
[1.482s] -- Installing: /home/jsc/ros2_ws/install/jsc_mecanum_description/share/jsc_mecanum_description/config/slam_toolbox_config.yaml
[1.482s] -- Installing: /home/jsc/ros2_ws/install/jsc_mecanum_description/share/jsc_mecanum_description/launch
[1.483s] -- Installing: /home/jsc/ros2_ws/install/jsc_mecanum_description/share/jsc_mecanum_description/launch/jsc_mecanum_bot_v4_launch_pi.py
[1.483s] -- Installing: /home/jsc/ros2_ws/install/jsc_mecanum_description/share/jsc_mecanum_description/launch/jsc_mecanum_bot_v3_launch.py
[1.483s] -- Installing: /home/jsc/ros2_ws/install/jsc_mecanum_description/share/jsc_mecanum_description/launch/jsc_mecanum_bot_v7_launch.py
[1.483s] -- Installing: /home/jsc/ros2_ws/install/jsc_mecanum_description/share/jsc_mecanum_description/launch/jsc_mecanum_bot_v4_launch.py
[1.483s] -- Installing: /home/jsc/ros2_ws/install/jsc_mecanum_description/share/jsc_mecanum_description/launch/jsc_mecanum_bot_v9_launch.py
[1.483s] -- Installing: /home/jsc/ros2_ws/install/jsc_mecanum_description/share/jsc_mecanum_description/launch/jsc_mecanum_bot_v6_launch.py
[1.483s] -- Installing: /home/jsc/ros2_ws/install/jsc_mecanum_description/share/jsc_mecanum_description/launch/jsc_mecanum_bot_v5_launch.py
[1.483s] -- Installing: /home/jsc/ros2_ws/install/jsc_mecanum_description/share/jsc_mecanum_description/launch/jsc_mecanum_bot_v2_launch.py
[1.483s] -- Installing: /home/jsc/ros2_ws/install/jsc_mecanum_description/share/jsc_mecanum_description/launch/jsc_mecanum_bot_v8_launch_pi.py
[1.484s] -- Installing: /home/jsc/ros2_ws/install/jsc_mecanum_description/share/jsc_mecanum_description/launch/jsc_mecanum_bot_v7_launch_pi.py
[1.484s] -- Installing: /home/jsc/ros2_ws/install/jsc_mecanum_description/share/jsc_mecanum_description/launch/jsc_mecanum_bot_v8_launch.py
[1.486s] -- Installing: /home/jsc/ros2_ws/install/jsc_mecanum_description/share/jsc_mecanum_description/launch/jsc_mecanum_bot_v1_launch.py
[1.486s] -- Installing: /home/jsc/ros2_ws/install/jsc_mecanum_description/share/jsc_mecanum_description/meshes
[1.486s] -- Installing: /home/jsc/ros2_ws/install/jsc_mecanum_description/share/jsc_mecanum_description/meshes/fl_wheel_link.STL
[1.487s] -- Installing: /home/jsc/ros2_ws/install/jsc_mecanum_description/share/jsc_mecanum_description/meshes/rr_wheel_link.STL
[1.487s] -- Installing: /home/jsc/ros2_ws/install/jsc_mecanum_description/share/jsc_mecanum_description/meshes/fr_wheel_link.STL
[1.487s] -- Installing: /home/jsc/ros2_ws/install/jsc_mecanum_description/share/jsc_mecanum_description/meshes/rl_wheel_link.STL
[1.488s] -- Installing: /home/jsc/ros2_ws/install/jsc_mecanum_description/share/jsc_mecanum_description/models
[1.488s] -- Installing: /home/jsc/ros2_ws/install/jsc_mecanum_description/share/jsc_mecanum_description/models/jsc_mecanum_bot_description
[1.488s] -- Installing: /home/jsc/ros2_ws/install/jsc_mecanum_description/share/jsc_mecanum_description/models/jsc_mecanum_bot_description/model.sdf
[1.488s] -- Installing: /home/jsc/ros2_ws/install/jsc_mecanum_description/share/jsc_mecanum_description/models/jsc_mecanum_bot_description/config
[1.488s] -- Installing: /home/jsc/ros2_ws/install/jsc_mecanum_description/share/jsc_mecanum_description/models/jsc_mecanum_bot_description/model.config
[1.488s] -- Installing: /home/jsc/ros2_ws/install/jsc_mecanum_description/share/jsc_mecanum_description/models/jsc_mecanum_bot_description/meshes
[1.489s] -- Installing: /home/jsc/ros2_ws/install/jsc_mecanum_description/share/jsc_mecanum_description/models/jsc_mecanum_bot_description/meshes/fl_wheel_link.STL
[1.489s] -- Installing: /home/jsc/ros2_ws/install/jsc_mecanum_description/share/jsc_mecanum_description/models/jsc_mecanum_bot_description/meshes/rr_wheel_link.STL
[1.489s] -- Installing: /home/jsc/ros2_ws/install/jsc_mecanum_description/share/jsc_mecanum_description/models/jsc_mecanum_bot_description/meshes/fr_wheel_link.STL
[1.490s] -- Installing: /home/jsc/ros2_ws/install/jsc_mecanum_description/share/jsc_mecanum_description/models/jsc_mecanum_bot_description/meshes/rl_wheel_link.STL
[1.494s] -- Installing: /home/jsc/ros2_ws/install/jsc_mecanum_description/share/jsc_mecanum_description/rviz
[1.494s] -- Installing: /home/jsc/ros2_ws/install/jsc_mecanum_description/share/jsc_mecanum_description/rviz/model.rviz
[1.494s] -- Installing: /home/jsc/ros2_ws/install/jsc_mecanum_description/share/jsc_mecanum_description/src
[1.494s] -- Installing: /home/jsc/ros2_ws/install/jsc_mecanum_description/share/jsc_mecanum_description/src/jsc_mecanum_description.urdf
[1.494s] -- Installing: /home/jsc/ros2_ws/install/jsc_mecanum_description/share/jsc_mecanum_description/src/constant_odometry_publisher.py
[1.494s] -- Installing: /home/jsc/ros2_ws/install/jsc_mecanum_description/lib/jsc_mecanum_description
[1.494s] -- Installing: /home/jsc/ros2_ws/install/jsc_mecanum_description/lib/jsc_mecanum_description/constant_odometry_publisher.py
[1.494s] -- Installing: /home/jsc/ros2_ws/install/jsc_mecanum_description/share/ament_index/resource_index/package_run_dependencies/jsc_mecanum_description
[1.495s] -- Installing: /home/jsc/ros2_ws/install/jsc_mecanum_description/share/ament_index/resource_index/parent_prefix_path/jsc_mecanum_description
[1.495s] -- Installing: /home/jsc/ros2_ws/install/jsc_mecanum_description/share/jsc_mecanum_description/environment/ament_prefix_path.sh
[1.495s] -- Installing: /home/jsc/ros2_ws/install/jsc_mecanum_description/share/jsc_mecanum_description/environment/ament_prefix_path.dsv
[1.499s] -- Installing: /home/jsc/ros2_ws/install/jsc_mecanum_description/share/jsc_mecanum_description/environment/path.sh
[1.501s] -- Installing: /home/jsc/ros2_ws/install/jsc_mecanum_description/share/jsc_mecanum_description/environment/path.dsv
[1.501s] -- Installing: /home/jsc/ros2_ws/install/jsc_mecanum_description/share/jsc_mecanum_description/local_setup.bash
[1.501s] -- Installing: /home/jsc/ros2_ws/install/jsc_mecanum_description/share/jsc_mecanum_description/local_setup.sh
[1.501s] -- Installing: /home/jsc/ros2_ws/install/jsc_mecanum_description/share/jsc_mecanum_description/local_setup.zsh
[1.502s] -- Installing: /home/jsc/ros2_ws/install/jsc_mecanum_description/share/jsc_mecanum_description/local_setup.dsv
[1.502s] -- Installing: /home/jsc/ros2_ws/install/jsc_mecanum_description/share/jsc_mecanum_description/package.dsv
[1.502s] -- Installing: /home/jsc/ros2_ws/install/jsc_mecanum_description/share/ament_index/resource_index/packages/jsc_mecanum_description
[1.502s] -- Installing: /home/jsc/ros2_ws/install/jsc_mecanum_description/share/jsc_mecanum_description/cmake/jsc_mecanum_descriptionConfig.cmake
[1.502s] -- Installing: /home/jsc/ros2_ws/install/jsc_mecanum_description/share/jsc_mecanum_description/cmake/jsc_mecanum_descriptionConfig-version.cmake
[1.502s] -- Installing: /home/jsc/ros2_ws/install/jsc_mecanum_description/share/jsc_mecanum_description/package.xml
[1.532s] Invoked command in '/home/jsc/ros2_ws/build/jsc_mecanum_description' returned '0': CMAKE_PREFIX_PATH=${CMAKE_PREFIX_PATH}:/home/jsc/ros2_ws/install/robot_sensor_distance:/home/jsc/ros2_ws/install/robot_nav2:/home/jsc/ros2_ws/install/robot_distancia:/home/jsc/ros2_ws/install/robot_controller:/home/jsc/ros2_ws/install/motor_gui_pkg:/home/jsc/Aros2duino/install/aros2duino:/opt/ros/humble /usr/bin/cmake --install /home/jsc/ros2_ws/build/jsc_mecanum_description
