[0.047s] Invoking command in '/home/jsc/ros2_ws/build/a_gazebo': CMAKE_PREFIX_PATH=${CMAKE_PREFIX_PATH}:/home/jsc/ros2_ws/install/robot_sensor_distance:/home/jsc/ros2_ws/install/robot_nav2:/home/jsc/ros2_ws/install/robot_distancia:/home/jsc/ros2_ws/install/robot_controller:/home/jsc/ros2_ws/install/motor_gui_pkg:/home/jsc/Aros2duino/install/aros2duino:/opt/ros/humble /usr/bin/cmake /home/jsc/ros2_ws/src/a_gazebo -DCMAKE_INSTALL_PREFIX=/home/jsc/ros2_ws/install/a_gazebo
[0.608s] -- The C compiler identification is GNU 11.4.0
[0.608s] -- The CXX compiler identification is GNU 11.4.0
[0.608s] -- Detecting C compiler ABI info
[0.608s] -- Detecting C compiler ABI info - done
[0.608s] -- Check for working C compiler: /usr/bin/cc - skipped
[0.608s] -- Detecting C compile features
[0.608s] -- Detecting C compile features - done
[0.608s] -- Detecting CXX compiler ABI info
[0.608s] -- Detecting CXX compiler ABI info - done
[0.631s] -- Check for working CXX compiler: /usr/bin/c++ - skipped
[0.631s] -- Detecting CXX compile features
[0.631s] -- Detecting CXX compile features - done
[0.632s] -- Found ament_cmake: 1.3.10 (/opt/ros/humble/share/ament_cmake/cmake)
[0.921s] -- Found Python3: /usr/bin/python3 (found version "3.10.12") found components: Interpreter 
[1.154s] [33mCMake Warning (dev) at /usr/share/cmake-3.22/Modules/FindPackageHandleStandardArgs.cmake:438 (message):
[1.154s]   The package name passed to `find_package_handle_standard_args` (PkgConfig)
[1.154s]   does not match the name of the calling package (gazebo).  This can lead to
[1.154s]   problems in calling code that expects `find_package` result variables
[1.154s]   (e.g., `_FOUND`) to follow a certain pattern.
[1.155s] Call Stack (most recent call first):
[1.155s]   /usr/share/cmake-3.22/Modules/FindPkgConfig.cmake:99 (find_package_handle_standard_args)
[1.155s]   /usr/lib/x86_64-linux-gnu/cmake/gazebo/gazebo-config.cmake:72 (include)
[1.155s]   CMakeLists.txt:20 (find_package)
[1.155s] This warning is for project developers.  Use -Wno-dev to suppress it.
[1.155s] [0m
[1.155s] -- Found PkgConfig: /usr/bin/pkg-config (found version "0.29.2") 
[1.161s] -- Checking for module 'bullet>=2.82'
[1.181s] --   Found bullet, version 3.05
[1.371s] -- Found fcl: /usr/include (found suitable version "0.7.0", minimum required is "0.5.0") 
[1.474s] -- Found assimp: /usr/include (found version "5.2.0") 
[1.515s] -- Found DART: /usr/include (Required is at least version "6.6") found components: dart 
[1.765s] -- Found Boost: /usr/lib/x86_64-linux-gnu/cmake/Boost-1.74.0/BoostConfig.cmake (found suitable version "1.74.0", minimum required is "1.40.0") found components: thread system filesystem program_options regex iostreams date_time 
[1.796s] -- Found Protobuf: /usr/lib/x86_64-linux-gnu/libprotobuf.so (found version "3.12.4") 
[1.804s] -- Looking for ignition-math6 -- found version 6.15.1
[1.813s] -- Searching for dependencies of ignition-math6
[1.815s] -- Looking for OGRE...
[1.816s] -- OGRE_PREFIX_WATCH changed.
[1.822s] -- Checking for module 'OGRE'
[1.835s] --   Found OGRE, version 1.9.0
[1.870s] -- Found Ogre Ghadamon (1.9.0)
[1.887s] -- Found OGRE: optimized;/usr/lib/x86_64-linux-gnu/libOgreMain.so;debug;/usr/lib/x86_64-linux-gnu/libOgreMain.so
[1.900s] -- Looking for OGRE_Paging...
[1.915s] -- Found OGRE_Paging: optimized;/usr/lib/x86_64-linux-gnu/libOgrePaging.so;debug;/usr/lib/x86_64-linux-gnu/libOgrePaging.so
[1.915s] -- Looking for OGRE_Terrain...
[1.928s] -- Found OGRE_Terrain: optimized;/usr/lib/x86_64-linux-gnu/libOgreTerrain.so;debug;/usr/lib/x86_64-linux-gnu/libOgreTerrain.so
[1.928s] -- Looking for OGRE_Property...
[1.942s] -- Found OGRE_Property: optimized;/usr/lib/x86_64-linux-gnu/libOgreProperty.so;debug;/usr/lib/x86_64-linux-gnu/libOgreProperty.so
[1.942s] -- Looking for OGRE_RTShaderSystem...
[1.952s] -- Found OGRE_RTShaderSystem: optimized;/usr/lib/x86_64-linux-gnu/libOgreRTShaderSystem.so;debug;/usr/lib/x86_64-linux-gnu/libOgreRTShaderSystem.so
[1.952s] -- Looking for OGRE_Volume...
[1.962s] -- Found OGRE_Volume: optimized;/usr/lib/x86_64-linux-gnu/libOgreVolume.so;debug;/usr/lib/x86_64-linux-gnu/libOgreVolume.so
[1.962s] -- Looking for OGRE_Overlay...
[1.975s] -- Found OGRE_Overlay: optimized;/usr/lib/x86_64-linux-gnu/libOgreOverlay.so;debug;/usr/lib/x86_64-linux-gnu/libOgreOverlay.so
[2.212s] -- Looking for ignition-math6 -- found version 6.15.1
[2.215s] -- Looking for ignition-transport8 -- found version 8.2.1
[2.215s] -- Searching for dependencies of ignition-transport8
[2.235s] -- Found Protobuf: /usr/lib/x86_64-linux-gnu/libprotobuf.so (found suitable version "3.12.4", minimum required is "3") 
[2.247s] -- Config-file not installed for ZeroMQ -- checking for pkg-config
[2.252s] -- Checking for module 'libzmq >= 4'
[2.267s] --   Found libzmq , version 4.3.4
[2.306s] -- Found ZeroMQ: TRUE (Required is at least version "4") 
[2.313s] -- Checking for module 'uuid'
[2.328s] --   Found uuid, version 2.37.2
[2.368s] -- Found UUID: TRUE  
[2.372s] -- Looking for ignition-msgs5 -- found version 5.8.1
[2.373s] -- Searching for dependencies of ignition-msgs5
[2.399s] -- Looking for ignition-math6 -- found version 6.15.1
[2.405s] -- Checking for module 'tinyxml2'
[2.420s] --   Found tinyxml2, version 9.0.0
[2.456s] -- Looking for ignition-msgs5 -- found version 5.8.1
[2.460s] -- Looking for ignition-common3 -- found version 3.14.0
[2.460s] -- Searching for dependencies of ignition-common3
[2.461s] -- Looking for dlfcn.h - found
[2.462s] -- Looking for libdl - found
[2.463s] -- Found DL: TRUE  
[2.476s] -- Found tinyobjloader: /usr/lib/x86_64-linux-gnu/cmake/tinyobjloader/tinyobjloader-config.cmake (found version "2.0.0") 
[2.477s] -- Searching for <ignition-common3> component [graphics]
[2.480s] -- Looking for ignition-common3-graphics -- found version 3.14.0
[2.481s] -- Searching for dependencies of ignition-common3-graphics
[2.481s] -- Looking for ignition-math6 -- found version 6.15.1
[2.485s] -- Looking for ignition-fuel_tools4 -- found version 4.4.0
[2.486s] -- Searching for dependencies of ignition-fuel_tools4
[2.578s] -- Found CURL: /usr/lib/x86_64-linux-gnu/libcurl.so (found version "7.81.0")  
[2.589s] -- Checking for module 'jsoncpp'
[2.605s] --   Found jsoncpp, version 1.9.5
[2.642s] -- Found JSONCPP: TRUE  
[2.651s] -- Checking for module 'libzip'
[2.668s] --   Found libzip, version 1.7.3
[2.703s] -- Found ZIP: TRUE  
[2.703s] -- Looking for ignition-common3 -- found version 3.14.0
[2.704s] -- Looking for ignition-math6 -- found version 6.15.1
[2.704s] -- Looking for ignition-msgs5 -- found version 5.8.1
[2.715s] -- Found gazebo_ros_pkgs: 3.7.0 (/opt/ros/humble/share/gazebo_ros_pkgs/cmake)
[2.719s] -- Found geometry_msgs: 4.2.4 (/opt/ros/humble/share/geometry_msgs/cmake)
[2.777s] -- Found rosidl_generator_c: 3.1.5 (/opt/ros/humble/share/rosidl_generator_c/cmake)
[2.789s] -- Found rosidl_adapter: 3.1.5 (/opt/ros/humble/share/rosidl_adapter/cmake)
[2.806s] -- Found rosidl_generator_cpp: 3.1.5 (/opt/ros/humble/share/rosidl_generator_cpp/cmake)
[2.827s] -- Using all available rosidl_typesupport_c: rosidl_typesupport_fastrtps_c;rosidl_typesupport_introspection_c
[2.864s] -- Using all available rosidl_typesupport_cpp: rosidl_typesupport_fastrtps_cpp;rosidl_typesupport_introspection_cpp
[2.955s] -- Found nav_msgs: 4.2.4 (/opt/ros/humble/share/nav_msgs/cmake)
[2.998s] -- Found rclcpp: 16.0.10 (/opt/ros/humble/share/rclcpp/cmake)
[3.098s] -- Found rmw_implementation_cmake: 6.1.2 (/opt/ros/humble/share/rmw_implementation_cmake/cmake)
[3.106s] -- Found rmw_fastrtps_cpp: 6.2.7 (/opt/ros/humble/share/rmw_fastrtps_cpp/cmake)
[3.282s] -- Found OpenSSL: /usr/lib/x86_64-linux-gnu/libcrypto.so (found version "3.0.2")  
[3.321s] -- Found FastRTPS: /opt/ros/humble/include  
[3.403s] -- Using RMW implementation 'rmw_fastrtps_cpp' as default
[3.435s] -- Found Threads: TRUE  
[3.540s] -- Found sensor_msgs: 4.2.4 (/opt/ros/humble/share/sensor_msgs/cmake)
[3.594s] -- Found tf2: 0.25.8 (/opt/ros/humble/share/tf2/cmake)
[4.005s] -- Configuring done
[4.026s] -- Generating done
[4.038s] -- Build files have been written to: /home/jsc/ros2_ws/build/a_gazebo
[4.086s] Invoked command in '/home/jsc/ros2_ws/build/a_gazebo' returned '0': CMAKE_PREFIX_PATH=${CMAKE_PREFIX_PATH}:/home/jsc/ros2_ws/install/robot_sensor_distance:/home/jsc/ros2_ws/install/robot_nav2:/home/jsc/ros2_ws/install/robot_distancia:/home/jsc/ros2_ws/install/robot_controller:/home/jsc/ros2_ws/install/motor_gui_pkg:/home/jsc/Aros2duino/install/aros2duino:/opt/ros/humble /usr/bin/cmake /home/jsc/ros2_ws/src/a_gazebo -DCMAKE_INSTALL_PREFIX=/home/jsc/ros2_ws/install/a_gazebo
[4.087s] Invoking command in '/home/jsc/ros2_ws/build/a_gazebo': CMAKE_PREFIX_PATH=${CMAKE_PREFIX_PATH}:/home/jsc/ros2_ws/install/robot_sensor_distance:/home/jsc/ros2_ws/install/robot_nav2:/home/jsc/ros2_ws/install/robot_distancia:/home/jsc/ros2_ws/install/robot_controller:/home/jsc/ros2_ws/install/motor_gui_pkg:/home/jsc/Aros2duino/install/aros2duino:/opt/ros/humble /usr/bin/cmake --build /home/jsc/ros2_ws/build/a_gazebo -- -j12 -l12
[4.800s] Invoked command in '/home/jsc/ros2_ws/build/a_gazebo' returned '0': CMAKE_PREFIX_PATH=${CMAKE_PREFIX_PATH}:/home/jsc/ros2_ws/install/robot_sensor_distance:/home/jsc/ros2_ws/install/robot_nav2:/home/jsc/ros2_ws/install/robot_distancia:/home/jsc/ros2_ws/install/robot_controller:/home/jsc/ros2_ws/install/motor_gui_pkg:/home/jsc/Aros2duino/install/aros2duino:/opt/ros/humble /usr/bin/cmake --build /home/jsc/ros2_ws/build/a_gazebo -- -j12 -l12
[4.887s] Invoking command in '/home/jsc/ros2_ws/build/a_gazebo': CMAKE_PREFIX_PATH=${CMAKE_PREFIX_PATH}:/home/jsc/ros2_ws/install/robot_sensor_distance:/home/jsc/ros2_ws/install/robot_nav2:/home/jsc/ros2_ws/install/robot_distancia:/home/jsc/ros2_ws/install/robot_controller:/home/jsc/ros2_ws/install/motor_gui_pkg:/home/jsc/Aros2duino/install/aros2duino:/opt/ros/humble /usr/bin/cmake --install /home/jsc/ros2_ws/build/a_gazebo
[5.606s] -- Install configuration: ""
[5.607s] -- Installing: /home/jsc/ros2_ws/install/a_gazebo/share/a_gazebo//launch
[5.607s] -- Installing: /home/jsc/ros2_ws/install/a_gazebo/share/a_gazebo//launch/rviz_launch.py
[5.607s] -- Installing: /home/jsc/ros2_ws/install/a_gazebo/share/a_gazebo//launch/robot_state_publisher_launch.py
[5.607s] -- Installing: /home/jsc/ros2_ws/install/a_gazebo/share/a_gazebo//launch/jsc_cart_slam_launch.py
[5.607s] -- Installing: /home/jsc/ros2_ws/install/a_gazebo/share/a_gazebo//launch/gazebo_sim_launch_rf2o.py
[5.607s] -- Installing: /home/jsc/ros2_ws/install/a_gazebo/share/a_gazebo//launch/bringup_launch.py
[5.607s] -- Installing: /home/jsc/ros2_ws/install/a_gazebo/share/a_gazebo//rviz
[5.607s] -- Installing: /home/jsc/ros2_ws/install/a_gazebo/share/a_gazebo//rviz/nav2_default_view.rviz
[5.608s] -- Installing: /home/jsc/ros2_ws/install/a_gazebo/share/a_gazebo//maps
[5.608s] -- Installing: /home/jsc/ros2_ws/install/a_gazebo/share/a_gazebo//maps/mapa1.yaml
[5.608s] -- Installing: /home/jsc/ros2_ws/install/a_gazebo/share/a_gazebo//maps/mapa1.pgm
[5.608s] -- Installing: /home/jsc/ros2_ws/install/a_gazebo/share/a_gazebo//params
[5.608s] -- Installing: /home/jsc/ros2_ws/install/a_gazebo/share/a_gazebo//params/nav2_params.yaml
[5.608s] -- Installing: /home/jsc/ros2_ws/install/a_gazebo/lib/a_gazebo/bringup_launch.py
[5.609s] -- Installing: /home/jsc/ros2_ws/install/a_gazebo/lib/a_gazebo/robot_state_publisher_launch.py
[5.609s] -- Installing: /home/jsc/ros2_ws/install/a_gazebo/lib/a_gazebo/rviz_launch.py
[5.609s] -- Installing: /home/jsc/ros2_ws/install/a_gazebo/lib/a_gazebo/jsc_cart_slam_launch.py
[5.609s] -- Installing: /home/jsc/ros2_ws/install/a_gazebo/lib/a_gazebo/gazebo_sim_launch_rf2o.py
[5.609s] -- Installing: /home/jsc/ros2_ws/install/a_gazebo/share/ament_index/resource_index/package_run_dependencies/a_gazebo
[5.609s] -- Installing: /home/jsc/ros2_ws/install/a_gazebo/share/ament_index/resource_index/parent_prefix_path/a_gazebo
[5.609s] -- Installing: /home/jsc/ros2_ws/install/a_gazebo/share/a_gazebo/environment/ament_prefix_path.sh
[5.610s] -- Installing: /home/jsc/ros2_ws/install/a_gazebo/share/a_gazebo/environment/ament_prefix_path.dsv
[5.610s] -- Installing: /home/jsc/ros2_ws/install/a_gazebo/share/a_gazebo/environment/path.sh
[5.618s] -- Installing: /home/jsc/ros2_ws/install/a_gazebo/share/a_gazebo/environment/path.dsv
[5.618s] -- Installing: /home/jsc/ros2_ws/install/a_gazebo/share/a_gazebo/local_setup.bash
[5.618s] -- Installing: /home/jsc/ros2_ws/install/a_gazebo/share/a_gazebo/local_setup.sh
[5.619s] -- Installing: /home/jsc/ros2_ws/install/a_gazebo/share/a_gazebo/local_setup.zsh
[5.619s] -- Installing: /home/jsc/ros2_ws/install/a_gazebo/share/a_gazebo/local_setup.dsv
[5.619s] -- Installing: /home/jsc/ros2_ws/install/a_gazebo/share/a_gazebo/package.dsv
[5.619s] -- Installing: /home/jsc/ros2_ws/install/a_gazebo/share/ament_index/resource_index/packages/a_gazebo
[5.619s] -- Installing: /home/jsc/ros2_ws/install/a_gazebo/share/a_gazebo/cmake/ament_cmake_export_include_directories-extras.cmake
[5.620s] -- Installing: /home/jsc/ros2_ws/install/a_gazebo/share/a_gazebo/cmake/ament_cmake_export_dependencies-extras.cmake
[5.620s] -- Installing: /home/jsc/ros2_ws/install/a_gazebo/share/a_gazebo/cmake/a_gazeboConfig.cmake
[5.620s] -- Installing: /home/jsc/ros2_ws/install/a_gazebo/share/a_gazebo/cmake/a_gazeboConfig-version.cmake
[5.620s] -- Installing: /home/jsc/ros2_ws/install/a_gazebo/share/a_gazebo/package.xml
[5.628s] Invoked command in '/home/jsc/ros2_ws/build/a_gazebo' returned '0': CMAKE_PREFIX_PATH=${CMAKE_PREFIX_PATH}:/home/jsc/ros2_ws/install/robot_sensor_distance:/home/jsc/ros2_ws/install/robot_nav2:/home/jsc/ros2_ws/install/robot_distancia:/home/jsc/ros2_ws/install/robot_controller:/home/jsc/ros2_ws/install/motor_gui_pkg:/home/jsc/Aros2duino/install/aros2duino:/opt/ros/humble /usr/bin/cmake --install /home/jsc/ros2_ws/build/a_gazebo
