[0.045s] Invoking command in '/home/jsc/ros2_ws/build/jsc_mecanum_bringup': CMAKE_PREFIX_PATH=/home/jsc/ros2_ws/install/jsc_mecanum_description:/home/jsc/ros2_ws/install/sllidar_ros2:/home/jsc/ros2_ws/install/robot_slam:/home/jsc/ros2_ws/install/rf2o_laser_odometry:/home/jsc/ros2_ws/install/jsc_mobile_robot:/home/jsc/ros2_ws/install/jsc_mecanum_teleop:/home/jsc/ros2_ws/install/jsc_mecanum_hardware:/home/jsc/ros2_ws/install/jsc_mecanum_bringup:/home/jsc/ros2_ws/install/jsc_mecanum_controller:/home/jsc/ros2_ws/install/jsc_mecanum_control:/home/jsc/ros2_ws/install/jsc_bot_description:/home/jsc/ros2_ws/install/a_gazebo:/home/jsc/ros2_ws/install/a_control:/home/jsc/ros2_ws/install/a_cartographer:/home/jsc/ros2_ws/install/robot_sensor_distance:/home/jsc/ros2_ws/install/robot_nav2:/home/jsc/ros2_ws/install/robot_distancia:/home/jsc/ros2_ws/install/robot_controller:/home/jsc/ros2_ws/install/motor_gui_pkg:/home/jsc/Aros2duino/install/aros2duino:/opt/ros/humble /usr/bin/cmake /home/jsc/ros2_ws/src/jsc_mecanum_bringup -DAMENT_CMAKE_SYMLINK_INSTALL=1 -DCMAKE_INSTALL_PREFIX=/home/jsc/ros2_ws/install/jsc_mecanum_bringup
[0.083s] -- Found ament_cmake: 1.3.10 (/opt/ros/humble/share/ament_cmake/cmake)
[0.288s] -- Override CMake install command with custom implementation using symlinks instead of copying resources
[0.411s] -- Configuring done
[0.416s] -- Generating done
[0.416s] -- Build files have been written to: /home/jsc/ros2_ws/build/jsc_mecanum_bringup
[0.420s] Invoked command in '/home/jsc/ros2_ws/build/jsc_mecanum_bringup' returned '0': CMAKE_PREFIX_PATH=/home/jsc/ros2_ws/install/jsc_mecanum_description:/home/jsc/ros2_ws/install/sllidar_ros2:/home/jsc/ros2_ws/install/robot_slam:/home/jsc/ros2_ws/install/rf2o_laser_odometry:/home/jsc/ros2_ws/install/jsc_mobile_robot:/home/jsc/ros2_ws/install/jsc_mecanum_teleop:/home/jsc/ros2_ws/install/jsc_mecanum_hardware:/home/jsc/ros2_ws/install/jsc_mecanum_bringup:/home/jsc/ros2_ws/install/jsc_mecanum_controller:/home/jsc/ros2_ws/install/jsc_mecanum_control:/home/jsc/ros2_ws/install/jsc_bot_description:/home/jsc/ros2_ws/install/a_gazebo:/home/jsc/ros2_ws/install/a_control:/home/jsc/ros2_ws/install/a_cartographer:/home/jsc/ros2_ws/install/robot_sensor_distance:/home/jsc/ros2_ws/install/robot_nav2:/home/jsc/ros2_ws/install/robot_distancia:/home/jsc/ros2_ws/install/robot_controller:/home/jsc/ros2_ws/install/motor_gui_pkg:/home/jsc/Aros2duino/install/aros2duino:/opt/ros/humble /usr/bin/cmake /home/jsc/ros2_ws/src/jsc_mecanum_bringup -DAMENT_CMAKE_SYMLINK_INSTALL=1 -DCMAKE_INSTALL_PREFIX=/home/jsc/ros2_ws/install/jsc_mecanum_bringup
[0.422s] Invoking command in '/home/jsc/ros2_ws/build/jsc_mecanum_bringup': CMAKE_PREFIX_PATH=/home/jsc/ros2_ws/install/jsc_mecanum_description:/home/jsc/ros2_ws/install/sllidar_ros2:/home/jsc/ros2_ws/install/robot_slam:/home/jsc/ros2_ws/install/rf2o_laser_odometry:/home/jsc/ros2_ws/install/jsc_mobile_robot:/home/jsc/ros2_ws/install/jsc_mecanum_teleop:/home/jsc/ros2_ws/install/jsc_mecanum_hardware:/home/jsc/ros2_ws/install/jsc_mecanum_bringup:/home/jsc/ros2_ws/install/jsc_mecanum_controller:/home/jsc/ros2_ws/install/jsc_mecanum_control:/home/jsc/ros2_ws/install/jsc_bot_description:/home/jsc/ros2_ws/install/a_gazebo:/home/jsc/ros2_ws/install/a_control:/home/jsc/ros2_ws/install/a_cartographer:/home/jsc/ros2_ws/install/robot_sensor_distance:/home/jsc/ros2_ws/install/robot_nav2:/home/jsc/ros2_ws/install/robot_distancia:/home/jsc/ros2_ws/install/robot_controller:/home/jsc/ros2_ws/install/motor_gui_pkg:/home/jsc/Aros2duino/install/aros2duino:/opt/ros/humble /usr/bin/cmake --build /home/jsc/ros2_ws/build/jsc_mecanum_bringup -- -j12 -l12
[0.480s] Invoked command in '/home/jsc/ros2_ws/build/jsc_mecanum_bringup' returned '0': CMAKE_PREFIX_PATH=/home/jsc/ros2_ws/install/jsc_mecanum_description:/home/jsc/ros2_ws/install/sllidar_ros2:/home/jsc/ros2_ws/install/robot_slam:/home/jsc/ros2_ws/install/rf2o_laser_odometry:/home/jsc/ros2_ws/install/jsc_mobile_robot:/home/jsc/ros2_ws/install/jsc_mecanum_teleop:/home/jsc/ros2_ws/install/jsc_mecanum_hardware:/home/jsc/ros2_ws/install/jsc_mecanum_bringup:/home/jsc/ros2_ws/install/jsc_mecanum_controller:/home/jsc/ros2_ws/install/jsc_mecanum_control:/home/jsc/ros2_ws/install/jsc_bot_description:/home/jsc/ros2_ws/install/a_gazebo:/home/jsc/ros2_ws/install/a_control:/home/jsc/ros2_ws/install/a_cartographer:/home/jsc/ros2_ws/install/robot_sensor_distance:/home/jsc/ros2_ws/install/robot_nav2:/home/jsc/ros2_ws/install/robot_distancia:/home/jsc/ros2_ws/install/robot_controller:/home/jsc/ros2_ws/install/motor_gui_pkg:/home/jsc/Aros2duino/install/aros2duino:/opt/ros/humble /usr/bin/cmake --build /home/jsc/ros2_ws/build/jsc_mecanum_bringup -- -j12 -l12
[0.508s] Invoking command in '/home/jsc/ros2_ws/build/jsc_mecanum_bringup': CMAKE_PREFIX_PATH=/home/jsc/ros2_ws/install/jsc_mecanum_description:/home/jsc/ros2_ws/install/sllidar_ros2:/home/jsc/ros2_ws/install/robot_slam:/home/jsc/ros2_ws/install/rf2o_laser_odometry:/home/jsc/ros2_ws/install/jsc_mobile_robot:/home/jsc/ros2_ws/install/jsc_mecanum_teleop:/home/jsc/ros2_ws/install/jsc_mecanum_hardware:/home/jsc/ros2_ws/install/jsc_mecanum_bringup:/home/jsc/ros2_ws/install/jsc_mecanum_controller:/home/jsc/ros2_ws/install/jsc_mecanum_control:/home/jsc/ros2_ws/install/jsc_bot_description:/home/jsc/ros2_ws/install/a_gazebo:/home/jsc/ros2_ws/install/a_control:/home/jsc/ros2_ws/install/a_cartographer:/home/jsc/ros2_ws/install/robot_sensor_distance:/home/jsc/ros2_ws/install/robot_nav2:/home/jsc/ros2_ws/install/robot_distancia:/home/jsc/ros2_ws/install/robot_controller:/home/jsc/ros2_ws/install/motor_gui_pkg:/home/jsc/Aros2duino/install/aros2duino:/opt/ros/humble /usr/bin/cmake --install /home/jsc/ros2_ws/build/jsc_mecanum_bringup
[0.517s] -- Install configuration: ""
[0.517s] -- Execute custom install script
[0.518s] -- Symlinking: /home/jsc/ros2_ws/install/jsc_mecanum_bringup/share/jsc_mecanum_bringup/launch/jsc_mecanum_hardware.py
[0.528s] -- Symlinking: /home/jsc/ros2_ws/install/jsc_mecanum_bringup/share/jsc_mecanum_bringup/launch/jsc_mecanum_state_publisher.py
[0.539s] -- Symlinking: /home/jsc/ros2_ws/install/jsc_mecanum_bringup/share/jsc_mecanum_bringup/launch/jsc_mecanum_teleop.py
[0.553s] -- Symlinking: /home/jsc/ros2_ws/install/jsc_mecanum_bringup/share/jsc_mecanum_bringup/launch/rviz2.py
[0.572s] -- Symlinking: /home/jsc/ros2_ws/install/jsc_mecanum_bringup/share/ament_index/resource_index/package_run_dependencies/jsc_mecanum_bringup
[0.583s] -- Symlinking: /home/jsc/ros2_ws/install/jsc_mecanum_bringup/share/ament_index/resource_index/parent_prefix_path/jsc_mecanum_bringup
[0.592s] -- Symlinking: /home/jsc/ros2_ws/install/jsc_mecanum_bringup/share/jsc_mecanum_bringup/environment/ament_prefix_path.sh
[0.602s] -- Symlinking: /home/jsc/ros2_ws/install/jsc_mecanum_bringup/share/jsc_mecanum_bringup/environment/ament_prefix_path.dsv
[0.612s] -- Symlinking: /home/jsc/ros2_ws/install/jsc_mecanum_bringup/share/jsc_mecanum_bringup/environment/path.sh
[0.622s] -- Symlinking: /home/jsc/ros2_ws/install/jsc_mecanum_bringup/share/jsc_mecanum_bringup/environment/path.dsv
[0.631s] -- Symlinking: /home/jsc/ros2_ws/install/jsc_mecanum_bringup/share/jsc_mecanum_bringup/local_setup.bash
[0.640s] -- Symlinking: /home/jsc/ros2_ws/install/jsc_mecanum_bringup/share/jsc_mecanum_bringup/local_setup.sh
[0.649s] -- Symlinking: /home/jsc/ros2_ws/install/jsc_mecanum_bringup/share/jsc_mecanum_bringup/local_setup.zsh
[0.658s] -- Symlinking: /home/jsc/ros2_ws/install/jsc_mecanum_bringup/share/jsc_mecanum_bringup/local_setup.dsv
[0.668s] -- Symlinking: /home/jsc/ros2_ws/install/jsc_mecanum_bringup/share/jsc_mecanum_bringup/package.dsv
[0.677s] -- Symlinking: /home/jsc/ros2_ws/install/jsc_mecanum_bringup/share/ament_index/resource_index/packages/jsc_mecanum_bringup
[0.687s] -- Symlinking: /home/jsc/ros2_ws/install/jsc_mecanum_bringup/share/jsc_mecanum_bringup/cmake/jsc_mecanum_bringupConfig.cmake
[0.696s] -- Symlinking: /home/jsc/ros2_ws/install/jsc_mecanum_bringup/share/jsc_mecanum_bringup/cmake/jsc_mecanum_bringupConfig-version.cmake
[0.706s] -- Symlinking: /home/jsc/ros2_ws/install/jsc_mecanum_bringup/share/jsc_mecanum_bringup/package.xml
[0.723s] Invoked command in '/home/jsc/ros2_ws/build/jsc_mecanum_bringup' returned '0': CMAKE_PREFIX_PATH=/home/jsc/ros2_ws/install/jsc_mecanum_description:/home/jsc/ros2_ws/install/sllidar_ros2:/home/jsc/ros2_ws/install/robot_slam:/home/jsc/ros2_ws/install/rf2o_laser_odometry:/home/jsc/ros2_ws/install/jsc_mobile_robot:/home/jsc/ros2_ws/install/jsc_mecanum_teleop:/home/jsc/ros2_ws/install/jsc_mecanum_hardware:/home/jsc/ros2_ws/install/jsc_mecanum_bringup:/home/jsc/ros2_ws/install/jsc_mecanum_controller:/home/jsc/ros2_ws/install/jsc_mecanum_control:/home/jsc/ros2_ws/install/jsc_bot_description:/home/jsc/ros2_ws/install/a_gazebo:/home/jsc/ros2_ws/install/a_control:/home/jsc/ros2_ws/install/a_cartographer:/home/jsc/ros2_ws/install/robot_sensor_distance:/home/jsc/ros2_ws/install/robot_nav2:/home/jsc/ros2_ws/install/robot_distancia:/home/jsc/ros2_ws/install/robot_controller:/home/jsc/ros2_ws/install/motor_gui_pkg:/home/jsc/Aros2duino/install/aros2duino:/opt/ros/humble /usr/bin/cmake --install /home/jsc/ros2_ws/build/jsc_mecanum_bringup
