[0.068s] Invoking command in '/home/jsc/ros2_ws/build/a_gazebo': CMAKE_PREFIX_PATH=${CMAKE_PREFIX_PATH}:/home/jsc/ros2_ws/install/robot_sensor_distance:/home/jsc/ros2_ws/install/robot_nav2:/home/jsc/ros2_ws/install/robot_distancia:/home/jsc/ros2_ws/install/robot_controller:/home/jsc/ros2_ws/install/motor_gui_pkg:/home/jsc/Aros2duino/install/aros2duino:/opt/ros/humble /usr/bin/cmake /home/jsc/ros2_ws/src/a_gazebo -DAMENT_CMAKE_SYMLINK_INSTALL=1 -DCMAKE_INSTALL_PREFIX=/home/jsc/ros2_ws/install/a_gazebo
[0.514s] -- Found ament_cmake: 1.3.10 (/opt/ros/humble/share/ament_cmake/cmake)
[0.514s] -- Override CMake install command with custom implementation using symlinks instead of copying resources
[0.514s] -- Found DART: /usr/include (Required is at least version "6.6") found components: dart 
[0.514s] -- Found Protobuf: /usr/lib/x86_64-linux-gnu/libprotobuf.so (found version "3.12.4") 
[0.514s] -- Looking for ignition-math6 -- found version 6.15.1
[0.514s] -- Searching for dependencies of ignition-math6
[0.515s] -- Looking for OGRE...
[0.515s] -- Found Ogre Ghadamon (1.9.0)
[0.515s] -- Found OGRE: optimized;/usr/lib/x86_64-linux-gnu/libOgreMain.so;debug;/usr/lib/x86_64-linux-gnu/libOgreMain.so
[0.516s] -- Looking for OGRE_Paging...
[0.516s] -- Found OGRE_Paging: optimized;/usr/lib/x86_64-linux-gnu/libOgrePaging.so;debug;/usr/lib/x86_64-linux-gnu/libOgrePaging.so
[0.516s] -- Looking for OGRE_Terrain...
[0.516s] -- Found OGRE_Terrain: optimized;/usr/lib/x86_64-linux-gnu/libOgreTerrain.so;debug;/usr/lib/x86_64-linux-gnu/libOgreTerrain.so
[0.516s] -- Looking for OGRE_Property...
[0.516s] -- Found OGRE_Property: optimized;/usr/lib/x86_64-linux-gnu/libOgreProperty.so;debug;/usr/lib/x86_64-linux-gnu/libOgreProperty.so
[0.517s] -- Looking for OGRE_RTShaderSystem...
[0.517s] -- Found OGRE_RTShaderSystem: optimized;/usr/lib/x86_64-linux-gnu/libOgreRTShaderSystem.so;debug;/usr/lib/x86_64-linux-gnu/libOgreRTShaderSystem.so
[0.517s] -- Looking for OGRE_Volume...
[0.517s] -- Found OGRE_Volume: optimized;/usr/lib/x86_64-linux-gnu/libOgreVolume.so;debug;/usr/lib/x86_64-linux-gnu/libOgreVolume.so
[0.517s] -- Looking for OGRE_Overlay...
[0.517s] -- Found OGRE_Overlay: optimized;/usr/lib/x86_64-linux-gnu/libOgreOverlay.so;debug;/usr/lib/x86_64-linux-gnu/libOgreOverlay.so
[0.518s] [33mCMake Warning (dev) at /usr/share/cmake-3.22/Modules/FindPackageHandleStandardArgs.cmake:438 (message):
[0.518s]   The package name passed to `find_package_handle_standard_args` (PkgConfig)
[0.518s]   does not match the name of the calling package (gazebo).  This can lead to
[0.519s]   problems in calling code that expects `find_package` result variables
[0.520s]   (e.g., `_FOUND`) to follow a certain pattern.
[0.521s] Call Stack (most recent call first):
[0.521s]   /usr/share/cmake-3.22/Modules/FindPkgConfig.cmake:99 (find_package_handle_standard_args)
[0.521s]   /usr/lib/x86_64-linux-gnu/cmake/gazebo/gazebo-config.cmake:72 (include)
[0.521s]   CMakeLists.txt:20 (find_package)
[0.521s] This warning is for project developers.  Use -Wno-dev to suppress it.
[0.521s] [0m
[0.793s] -- Looking for ignition-math6 -- found version 6.15.1
[0.794s] -- Looking for ignition-transport8 -- found version 8.2.1
[0.796s] -- Searching for dependencies of ignition-transport8
[0.828s] -- Found Protobuf: /usr/lib/x86_64-linux-gnu/libprotobuf.so (found suitable version "3.12.4", minimum required is "3") 
[0.847s] -- Config-file not installed for ZeroMQ -- checking for pkg-config
[0.854s] -- Checking for module 'libzmq >= 4'
[0.878s] --   Found libzmq , version 4.3.4
[0.937s] -- Checking for module 'uuid'
[0.955s] --   Found uuid, version 2.37.2
[0.999s] -- Looking for ignition-msgs5 -- found version 5.8.1
[1.000s] -- Searching for dependencies of ignition-msgs5
[1.031s] -- Looking for ignition-math6 -- found version 6.15.1
[1.037s] -- Checking for module 'tinyxml2'
[1.056s] --   Found tinyxml2, version 9.0.0
[1.104s] -- Looking for ignition-msgs5 -- found version 5.8.1
[1.105s] -- Looking for ignition-common3 -- found version 3.14.0
[1.106s] -- Searching for dependencies of ignition-common3
[1.106s] -- Looking for dlfcn.h - found
[1.106s] -- Looking for libdl - found
[1.124s] -- Searching for <ignition-common3> component [graphics]
[1.125s] -- Looking for ignition-common3-graphics -- found version 3.14.0
[1.126s] -- Searching for dependencies of ignition-common3-graphics
[1.127s] -- Looking for ignition-math6 -- found version 6.15.1
[1.128s] -- Looking for ignition-fuel_tools4 -- found version 4.4.0
[1.129s] -- Searching for dependencies of ignition-fuel_tools4
[1.189s] -- Checking for module 'jsoncpp'
[1.209s] --   Found jsoncpp, version 1.9.5
[1.259s] -- Checking for module 'libzip'
[1.282s] --   Found libzip, version 1.7.3
[1.314s] -- Looking for ignition-common3 -- found version 3.14.0
[1.314s] -- Looking for ignition-math6 -- found version 6.15.1
[1.315s] -- Looking for ignition-msgs5 -- found version 5.8.1
[1.318s] -- Found gazebo_ros_pkgs: 3.7.0 (/opt/ros/humble/share/gazebo_ros_pkgs/cmake)
[1.318s] -- Found geometry_msgs: 4.2.4 (/opt/ros/humble/share/geometry_msgs/cmake)
[1.337s] -- Found rosidl_generator_c: 3.1.5 (/opt/ros/humble/share/rosidl_generator_c/cmake)
[1.340s] -- Found rosidl_adapter: 3.1.5 (/opt/ros/humble/share/rosidl_adapter/cmake)
[1.347s] -- Found rosidl_generator_cpp: 3.1.5 (/opt/ros/humble/share/rosidl_generator_cpp/cmake)
[1.357s] -- Using all available rosidl_typesupport_c: rosidl_typesupport_fastrtps_c;rosidl_typesupport_introspection_c
[1.370s] -- Using all available rosidl_typesupport_cpp: rosidl_typesupport_fastrtps_cpp;rosidl_typesupport_introspection_cpp
[1.410s] -- Found nav_msgs: 4.2.4 (/opt/ros/humble/share/nav_msgs/cmake)
[1.427s] -- Found rclcpp: 16.0.10 (/opt/ros/humble/share/rclcpp/cmake)
[1.453s] -- Found rmw_implementation_cmake: 6.1.2 (/opt/ros/humble/share/rmw_implementation_cmake/cmake)
[1.455s] -- Found rmw_fastrtps_cpp: 6.2.7 (/opt/ros/humble/share/rmw_fastrtps_cpp/cmake)
[1.567s] -- Using RMW implementation 'rmw_fastrtps_cpp' as default
[1.617s] -- Found sensor_msgs: 4.2.4 (/opt/ros/humble/share/sensor_msgs/cmake)
[1.657s] -- Found tf2: 0.25.8 (/opt/ros/humble/share/tf2/cmake)
[1.802s] -- Configuring done
[1.820s] -- Generating done
[1.826s] -- Build files have been written to: /home/jsc/ros2_ws/build/a_gazebo
[2.609s] Invoked command in '/home/jsc/ros2_ws/build/a_gazebo' returned '0': CMAKE_PREFIX_PATH=${CMAKE_PREFIX_PATH}:/home/jsc/ros2_ws/install/robot_sensor_distance:/home/jsc/ros2_ws/install/robot_nav2:/home/jsc/ros2_ws/install/robot_distancia:/home/jsc/ros2_ws/install/robot_controller:/home/jsc/ros2_ws/install/motor_gui_pkg:/home/jsc/Aros2duino/install/aros2duino:/opt/ros/humble /usr/bin/cmake /home/jsc/ros2_ws/src/a_gazebo -DAMENT_CMAKE_SYMLINK_INSTALL=1 -DCMAKE_INSTALL_PREFIX=/home/jsc/ros2_ws/install/a_gazebo
[2.611s] Invoking command in '/home/jsc/ros2_ws/build/a_gazebo': CMAKE_PREFIX_PATH=${CMAKE_PREFIX_PATH}:/home/jsc/ros2_ws/install/robot_sensor_distance:/home/jsc/ros2_ws/install/robot_nav2:/home/jsc/ros2_ws/install/robot_distancia:/home/jsc/ros2_ws/install/robot_controller:/home/jsc/ros2_ws/install/motor_gui_pkg:/home/jsc/Aros2duino/install/aros2duino:/opt/ros/humble /usr/bin/cmake --build /home/jsc/ros2_ws/build/a_gazebo -- -j12 -l12
[2.694s] Invoked command in '/home/jsc/ros2_ws/build/a_gazebo' returned '0': CMAKE_PREFIX_PATH=${CMAKE_PREFIX_PATH}:/home/jsc/ros2_ws/install/robot_sensor_distance:/home/jsc/ros2_ws/install/robot_nav2:/home/jsc/ros2_ws/install/robot_distancia:/home/jsc/ros2_ws/install/robot_controller:/home/jsc/ros2_ws/install/motor_gui_pkg:/home/jsc/Aros2duino/install/aros2duino:/opt/ros/humble /usr/bin/cmake --build /home/jsc/ros2_ws/build/a_gazebo -- -j12 -l12
[2.755s] Invoking command in '/home/jsc/ros2_ws/build/a_gazebo': CMAKE_PREFIX_PATH=${CMAKE_PREFIX_PATH}:/home/jsc/ros2_ws/install/robot_sensor_distance:/home/jsc/ros2_ws/install/robot_nav2:/home/jsc/ros2_ws/install/robot_distancia:/home/jsc/ros2_ws/install/robot_controller:/home/jsc/ros2_ws/install/motor_gui_pkg:/home/jsc/Aros2duino/install/aros2duino:/opt/ros/humble /usr/bin/cmake --install /home/jsc/ros2_ws/build/a_gazebo
[2.958s] -- Install configuration: ""
[2.959s] -- Execute custom install script
[2.959s] -- Symlinking: /home/jsc/ros2_ws/install/a_gazebo/share/a_gazebo//launch/bringup_launch.py
[2.959s] -- Symlinking: /home/jsc/ros2_ws/install/a_gazebo/share/a_gazebo//launch/gazebo_sim_launch_rf2o.py
[2.959s] -- Symlinking: /home/jsc/ros2_ws/install/a_gazebo/share/a_gazebo//launch/jsc_cart_slam_launch.py
[2.959s] -- Symlinking: /home/jsc/ros2_ws/install/a_gazebo/share/a_gazebo//launch/robot_state_publisher_launch.py
[2.959s] -- Symlinking: /home/jsc/ros2_ws/install/a_gazebo/share/a_gazebo//launch/rviz_launch.py
[2.959s] -- Symlinking: /home/jsc/ros2_ws/install/a_gazebo/share/a_gazebo//rviz/nav2_default_view.rviz
[2.960s] -- Symlinking: /home/jsc/ros2_ws/install/a_gazebo/share/a_gazebo//maps/mapa1.pgm
[2.960s] -- Symlinking: /home/jsc/ros2_ws/install/a_gazebo/share/a_gazebo//maps/mapa1.yaml
[2.960s] -- Symlinking: /home/jsc/ros2_ws/install/a_gazebo/share/a_gazebo//params/nav2_params.yaml
[2.960s] -- Symlinking: /home/jsc/ros2_ws/install/a_gazebo/lib/a_gazebo/bringup_launch.py
[2.960s] -- Symlinking: /home/jsc/ros2_ws/install/a_gazebo/lib/a_gazebo/robot_state_publisher_launch.py
[2.973s] -- Symlinking: /home/jsc/ros2_ws/install/a_gazebo/lib/a_gazebo/rviz_launch.py
[2.996s] -- Symlinking: /home/jsc/ros2_ws/install/a_gazebo/lib/a_gazebo/jsc_cart_slam_launch.py
[3.018s] -- Symlinking: /home/jsc/ros2_ws/install/a_gazebo/lib/a_gazebo/gazebo_sim_launch_rf2o.py
[3.032s] -- Symlinking: /home/jsc/ros2_ws/install/a_gazebo/share/ament_index/resource_index/package_run_dependencies/a_gazebo
[3.052s] -- Symlinking: /home/jsc/ros2_ws/install/a_gazebo/share/ament_index/resource_index/parent_prefix_path/a_gazebo
[3.066s] -- Symlinking: /home/jsc/ros2_ws/install/a_gazebo/share/a_gazebo/environment/ament_prefix_path.sh
[3.074s] -- Symlinking: /home/jsc/ros2_ws/install/a_gazebo/share/a_gazebo/environment/ament_prefix_path.dsv
[3.088s] -- Symlinking: /home/jsc/ros2_ws/install/a_gazebo/share/a_gazebo/environment/path.sh
[3.110s] -- Symlinking: /home/jsc/ros2_ws/install/a_gazebo/share/a_gazebo/environment/path.dsv
[3.122s] -- Symlinking: /home/jsc/ros2_ws/install/a_gazebo/share/a_gazebo/local_setup.bash
[3.138s] -- Symlinking: /home/jsc/ros2_ws/install/a_gazebo/share/a_gazebo/local_setup.sh
[3.153s] -- Symlinking: /home/jsc/ros2_ws/install/a_gazebo/share/a_gazebo/local_setup.zsh
[3.167s] -- Symlinking: /home/jsc/ros2_ws/install/a_gazebo/share/a_gazebo/local_setup.dsv
[3.181s] -- Symlinking: /home/jsc/ros2_ws/install/a_gazebo/share/a_gazebo/package.dsv
[3.195s] -- Symlinking: /home/jsc/ros2_ws/install/a_gazebo/share/ament_index/resource_index/packages/a_gazebo
[3.208s] -- Symlinking: /home/jsc/ros2_ws/install/a_gazebo/share/a_gazebo/cmake/ament_cmake_export_include_directories-extras.cmake
[3.223s] -- Symlinking: /home/jsc/ros2_ws/install/a_gazebo/share/a_gazebo/cmake/ament_cmake_export_dependencies-extras.cmake
[3.238s] -- Symlinking: /home/jsc/ros2_ws/install/a_gazebo/share/a_gazebo/cmake/a_gazeboConfig.cmake
[3.253s] -- Symlinking: /home/jsc/ros2_ws/install/a_gazebo/share/a_gazebo/cmake/a_gazeboConfig-version.cmake
[3.262s] -- Symlinking: /home/jsc/ros2_ws/install/a_gazebo/share/a_gazebo/package.xml
[3.277s] Invoked command in '/home/jsc/ros2_ws/build/a_gazebo' returned '0': CMAKE_PREFIX_PATH=${CMAKE_PREFIX_PATH}:/home/jsc/ros2_ws/install/robot_sensor_distance:/home/jsc/ros2_ws/install/robot_nav2:/home/jsc/ros2_ws/install/robot_distancia:/home/jsc/ros2_ws/install/robot_controller:/home/jsc/ros2_ws/install/motor_gui_pkg:/home/jsc/Aros2duino/install/aros2duino:/opt/ros/humble /usr/bin/cmake --install /home/jsc/ros2_ws/build/a_gazebo
