[0.403s] Invoking command in '/home/jsc/ros2_ws/build/robot_slam': CMAKE_PREFIX_PATH=${CMAKE_PREFIX_PATH}:/home/jsc/ros2_ws/install/robot_sensor_distance:/home/jsc/ros2_ws/install/robot_nav2:/home/jsc/ros2_ws/install/robot_distancia:/home/jsc/ros2_ws/install/robot_controller:/home/jsc/ros2_ws/install/motor_gui_pkg:/home/jsc/Aros2duino/install/aros2duino:/opt/ros/humble /usr/bin/cmake /home/jsc/ros2_ws/src/robot_slam -DAMENT_CMAKE_SYMLINK_INSTALL=1 -DCMAKE_INSTALL_PREFIX=/home/jsc/ros2_ws/install/robot_slam
[0.437s] -- Found ament_cmake: 1.3.10 (/opt/ros/humble/share/ament_cmake/cmake)
[0.685s] -- Override CMake install command with custom implementation using symlinks instead of copying resources
[0.709s] -- Found ament_lint_auto: 0.12.11 (/opt/ros/humble/share/ament_lint_auto/cmake)
[0.857s] -- Added test 'flake8' to check Python code syntax and style conventions
[0.857s] -- Added test 'lint_cmake' to check CMake code style
[0.857s] -- Added test 'pep257' to check Python code against some of the docstring style conventions in PEP 257
[0.858s] -- Added test 'xmllint' to check XML markup files
[0.862s] -- Configuring done
[0.868s] -- Generating done
[0.872s] -- Build files have been written to: /home/jsc/ros2_ws/build/robot_slam
[0.910s] Invoked command in '/home/jsc/ros2_ws/build/robot_slam' returned '0': CMAKE_PREFIX_PATH=${CMAKE_PREFIX_PATH}:/home/jsc/ros2_ws/install/robot_sensor_distance:/home/jsc/ros2_ws/install/robot_nav2:/home/jsc/ros2_ws/install/robot_distancia:/home/jsc/ros2_ws/install/robot_controller:/home/jsc/ros2_ws/install/motor_gui_pkg:/home/jsc/Aros2duino/install/aros2duino:/opt/ros/humble /usr/bin/cmake /home/jsc/ros2_ws/src/robot_slam -DAMENT_CMAKE_SYMLINK_INSTALL=1 -DCMAKE_INSTALL_PREFIX=/home/jsc/ros2_ws/install/robot_slam
[0.910s] Invoking command in '/home/jsc/ros2_ws/build/robot_slam': CMAKE_PREFIX_PATH=${CMAKE_PREFIX_PATH}:/home/jsc/ros2_ws/install/robot_sensor_distance:/home/jsc/ros2_ws/install/robot_nav2:/home/jsc/ros2_ws/install/robot_distancia:/home/jsc/ros2_ws/install/robot_controller:/home/jsc/ros2_ws/install/motor_gui_pkg:/home/jsc/Aros2duino/install/aros2duino:/opt/ros/humble /usr/bin/cmake --build /home/jsc/ros2_ws/build/robot_slam -- -j12 -l12
[0.970s] Invoked command in '/home/jsc/ros2_ws/build/robot_slam' returned '0': CMAKE_PREFIX_PATH=${CMAKE_PREFIX_PATH}:/home/jsc/ros2_ws/install/robot_sensor_distance:/home/jsc/ros2_ws/install/robot_nav2:/home/jsc/ros2_ws/install/robot_distancia:/home/jsc/ros2_ws/install/robot_controller:/home/jsc/ros2_ws/install/motor_gui_pkg:/home/jsc/Aros2duino/install/aros2duino:/opt/ros/humble /usr/bin/cmake --build /home/jsc/ros2_ws/build/robot_slam -- -j12 -l12
[1.004s] Invoking command in '/home/jsc/ros2_ws/build/robot_slam': CMAKE_PREFIX_PATH=${CMAKE_PREFIX_PATH}:/home/jsc/ros2_ws/install/robot_sensor_distance:/home/jsc/ros2_ws/install/robot_nav2:/home/jsc/ros2_ws/install/robot_distancia:/home/jsc/ros2_ws/install/robot_controller:/home/jsc/ros2_ws/install/motor_gui_pkg:/home/jsc/Aros2duino/install/aros2duino:/opt/ros/humble /usr/bin/cmake --install /home/jsc/ros2_ws/build/robot_slam
[1.014s] -- Install configuration: ""
[1.014s] -- Up-to-date: /home/jsc/ros2_ws/install/robot_slam/share/robot_slam/launch
[1.015s] -- Up-to-date: /home/jsc/ros2_ws/install/robot_slam/share/robot_slam/launch/nav2_bringup_launch.py
[1.015s] -- Up-to-date: /home/jsc/ros2_ws/install/robot_slam/share/robot_slam/launch/slam_toolbox_launch.py
[1.015s] -- Up-to-date: /home/jsc/ros2_ws/install/robot_slam/share/robot_slam/config
[1.015s] -- Up-to-date: /home/jsc/ros2_ws/install/robot_slam/share/robot_slam/config/nav2_params.yaml
[1.016s] -- Up-to-date: /home/jsc/ros2_ws/install/robot_slam/share/robot_slam/config/slam_toolbox_config.yaml
[1.016s] -- Execute custom install script
[1.016s] -- Symlinking: /home/jsc/ros2_ws/install/robot_slam/share/ament_index/resource_index/package_run_dependencies/robot_slam
[1.032s] -- Symlinking: /home/jsc/ros2_ws/install/robot_slam/share/ament_index/resource_index/parent_prefix_path/robot_slam
[1.041s] -- Symlinking: /home/jsc/ros2_ws/install/robot_slam/share/robot_slam/environment/ament_prefix_path.sh
[1.054s] -- Symlinking: /home/jsc/ros2_ws/install/robot_slam/share/robot_slam/environment/ament_prefix_path.dsv
[1.069s] -- Symlinking: /home/jsc/ros2_ws/install/robot_slam/share/robot_slam/environment/path.sh
[1.077s] -- Symlinking: /home/jsc/ros2_ws/install/robot_slam/share/robot_slam/environment/path.dsv
[1.089s] -- Symlinking: /home/jsc/ros2_ws/install/robot_slam/share/robot_slam/local_setup.bash
[1.104s] -- Symlinking: /home/jsc/ros2_ws/install/robot_slam/share/robot_slam/local_setup.sh
[1.114s] -- Symlinking: /home/jsc/ros2_ws/install/robot_slam/share/robot_slam/local_setup.zsh
[1.128s] -- Symlinking: /home/jsc/ros2_ws/install/robot_slam/share/robot_slam/local_setup.dsv
[1.142s] -- Symlinking: /home/jsc/ros2_ws/install/robot_slam/share/robot_slam/package.dsv
[1.155s] -- Symlinking: /home/jsc/ros2_ws/install/robot_slam/share/ament_index/resource_index/packages/robot_slam
[1.168s] -- Symlinking: /home/jsc/ros2_ws/install/robot_slam/share/robot_slam/cmake/robot_slamConfig.cmake
[1.180s] -- Symlinking: /home/jsc/ros2_ws/install/robot_slam/share/robot_slam/cmake/robot_slamConfig-version.cmake
[1.194s] -- Symlinking: /home/jsc/ros2_ws/install/robot_slam/share/robot_slam/package.xml
[1.211s] Invoked command in '/home/jsc/ros2_ws/build/robot_slam' returned '0': CMAKE_PREFIX_PATH=${CMAKE_PREFIX_PATH}:/home/jsc/ros2_ws/install/robot_sensor_distance:/home/jsc/ros2_ws/install/robot_nav2:/home/jsc/ros2_ws/install/robot_distancia:/home/jsc/ros2_ws/install/robot_controller:/home/jsc/ros2_ws/install/motor_gui_pkg:/home/jsc/Aros2duino/install/aros2duino:/opt/ros/humble /usr/bin/cmake --install /home/jsc/ros2_ws/build/robot_slam
