[0.061s] Invoking command in '/home/jsc/ros2_ws/build/jsc_mecanum_hardware': CMAKE_PREFIX_PATH=${CMAKE_PREFIX_PATH}:/home/jsc/ros2_ws/install/robot_sensor_distance:/home/jsc/ros2_ws/install/robot_nav2:/home/jsc/ros2_ws/install/robot_distancia:/home/jsc/ros2_ws/install/robot_controller:/home/jsc/ros2_ws/install/motor_gui_pkg:/home/jsc/Aros2duino/install/aros2duino:/opt/ros/humble /usr/bin/cmake /home/jsc/ros2_ws/src/jsc_mecanum_hardware -DAMENT_CMAKE_SYMLINK_INSTALL=1 -DCMAKE_INSTALL_PREFIX=/home/jsc/ros2_ws/install/jsc_mecanum_hardware
[0.502s] -- Found ament_cmake: 1.3.10 (/opt/ros/humble/share/ament_cmake/cmake)
[0.502s] -- Override CMake install command with custom implementation using symlinks instead of copying resources
[0.502s] -- Found hardware_interface: 2.43.1 (/opt/ros/humble/share/hardware_interface/cmake)
[0.502s] -- Found rosidl_generator_c: 3.1.5 (/opt/ros/humble/share/rosidl_generator_c/cmake)
[0.502s] -- Found rosidl_adapter: 3.1.5 (/opt/ros/humble/share/rosidl_adapter/cmake)
[0.502s] -- Found rosidl_generator_cpp: 3.1.5 (/opt/ros/humble/share/rosidl_generator_cpp/cmake)
[0.502s] -- Using all available rosidl_typesupport_c: rosidl_typesupport_fastrtps_c;rosidl_typesupport_introspection_c
[0.502s] -- Using all available rosidl_typesupport_cpp: rosidl_typesupport_fastrtps_cpp;rosidl_typesupport_introspection_cpp
[0.734s] -- Found rmw_implementation_cmake: 6.1.2 (/opt/ros/humble/share/rmw_implementation_cmake/cmake)
[0.738s] -- Found rmw_fastrtps_cpp: 6.2.7 (/opt/ros/humble/share/rmw_fastrtps_cpp/cmake)
[0.777s] -- Found TinyXML2 via Config file: TinyXML2_DIR-NOTFOUND
[0.792s] -- Found TinyXML2 via Config file: TinyXML2_DIR-NOTFOUND
[0.822s] -- Found TinyXML2 via Config file: TinyXML2_DIR-NOTFOUND
[0.837s] -- Found TinyXML2 via Config file: TinyXML2_DIR-NOTFOUND
[0.854s] -- Using RMW implementation 'rmw_fastrtps_cpp' as default
[1.062s] -- Configuring done
[1.122s] -- Generating done
[1.125s] -- Build files have been written to: /home/jsc/ros2_ws/build/jsc_mecanum_hardware
[1.575s] Invoked command in '/home/jsc/ros2_ws/build/jsc_mecanum_hardware' returned '0': CMAKE_PREFIX_PATH=${CMAKE_PREFIX_PATH}:/home/jsc/ros2_ws/install/robot_sensor_distance:/home/jsc/ros2_ws/install/robot_nav2:/home/jsc/ros2_ws/install/robot_distancia:/home/jsc/ros2_ws/install/robot_controller:/home/jsc/ros2_ws/install/motor_gui_pkg:/home/jsc/Aros2duino/install/aros2duino:/opt/ros/humble /usr/bin/cmake /home/jsc/ros2_ws/src/jsc_mecanum_hardware -DAMENT_CMAKE_SYMLINK_INSTALL=1 -DCMAKE_INSTALL_PREFIX=/home/jsc/ros2_ws/install/jsc_mecanum_hardware
[1.577s] Invoking command in '/home/jsc/ros2_ws/build/jsc_mecanum_hardware': CMAKE_PREFIX_PATH=${CMAKE_PREFIX_PATH}:/home/jsc/ros2_ws/install/robot_sensor_distance:/home/jsc/ros2_ws/install/robot_nav2:/home/jsc/ros2_ws/install/robot_distancia:/home/jsc/ros2_ws/install/robot_controller:/home/jsc/ros2_ws/install/motor_gui_pkg:/home/jsc/Aros2duino/install/aros2duino:/opt/ros/humble /usr/bin/cmake --build /home/jsc/ros2_ws/build/jsc_mecanum_hardware -- -j12 -l12
[1.639s] [35m[1mConsolidate compiler generated dependencies of target jsc_mecanum_hardware[0m
[1.672s] [ 33%] [32m[1mLinking CXX shared library libjsc_mecanum_hardware.so[0m
[2.126s] [100%] Built target jsc_mecanum_hardware
[2.590s] Invoked command in '/home/jsc/ros2_ws/build/jsc_mecanum_hardware' returned '0': CMAKE_PREFIX_PATH=${CMAKE_PREFIX_PATH}:/home/jsc/ros2_ws/install/robot_sensor_distance:/home/jsc/ros2_ws/install/robot_nav2:/home/jsc/ros2_ws/install/robot_distancia:/home/jsc/ros2_ws/install/robot_controller:/home/jsc/ros2_ws/install/motor_gui_pkg:/home/jsc/Aros2duino/install/aros2duino:/opt/ros/humble /usr/bin/cmake --build /home/jsc/ros2_ws/build/jsc_mecanum_hardware -- -j12 -l12
[2.653s] Invoking command in '/home/jsc/ros2_ws/build/jsc_mecanum_hardware': CMAKE_PREFIX_PATH=${CMAKE_PREFIX_PATH}:/home/jsc/ros2_ws/install/robot_sensor_distance:/home/jsc/ros2_ws/install/robot_nav2:/home/jsc/ros2_ws/install/robot_distancia:/home/jsc/ros2_ws/install/robot_controller:/home/jsc/ros2_ws/install/motor_gui_pkg:/home/jsc/Aros2duino/install/aros2duino:/opt/ros/humble /usr/bin/cmake --install /home/jsc/ros2_ws/build/jsc_mecanum_hardware
[2.667s] -- Install configuration: ""
[2.667s] -- Execute custom install script
[2.668s] -- Symlinking: /home/jsc/ros2_ws/install/jsc_mecanum_hardware/share/jsc_mecanum_hardware//jsc_mecanum_hardware.xml
[2.685s] -- Symlinking: /home/jsc/ros2_ws/install/jsc_mecanum_hardware/lib/libjsc_mecanum_hardware.so
[2.710s] -- Symlinking: /home/jsc/ros2_ws/install/jsc_mecanum_hardware/include/include/jsc_mecanum_hardware/jsc_mecanum_hardware.hpp
[2.723s] -- Symlinking: /home/jsc/ros2_ws/install/jsc_mecanum_hardware/include/include/jsc_mecanum_hardware/jsc_mecanum_hardware_compiler.h
[2.738s] -- Symlinking: /home/jsc/ros2_ws/install/jsc_mecanum_hardware/include/include/jsc_mecanum_hardware/jsc_mecanum_serial_port.hpp
[2.753s] -- Symlinking: /home/jsc/ros2_ws/install/jsc_mecanum_hardware/share/jsc_mecanum_hardware/environment/library_path.sh
[2.772s] -- Symlinking: /home/jsc/ros2_ws/install/jsc_mecanum_hardware/share/jsc_mecanum_hardware/environment/library_path.dsv
[2.789s] -- Symlinking: /home/jsc/ros2_ws/install/jsc_mecanum_hardware/share/ament_index/resource_index/package_run_dependencies/jsc_mecanum_hardware
[2.808s] -- Symlinking: /home/jsc/ros2_ws/install/jsc_mecanum_hardware/share/ament_index/resource_index/parent_prefix_path/jsc_mecanum_hardware
[2.820s] -- Symlinking: /home/jsc/ros2_ws/install/jsc_mecanum_hardware/share/jsc_mecanum_hardware/environment/ament_prefix_path.sh
[2.841s] -- Symlinking: /home/jsc/ros2_ws/install/jsc_mecanum_hardware/share/jsc_mecanum_hardware/environment/ament_prefix_path.dsv
[2.848s] -- Symlinking: /home/jsc/ros2_ws/install/jsc_mecanum_hardware/share/jsc_mecanum_hardware/environment/path.sh
[2.862s] -- Symlinking: /home/jsc/ros2_ws/install/jsc_mecanum_hardware/share/jsc_mecanum_hardware/environment/path.dsv
[2.877s] -- Symlinking: /home/jsc/ros2_ws/install/jsc_mecanum_hardware/share/jsc_mecanum_hardware/local_setup.bash
[2.894s] -- Symlinking: /home/jsc/ros2_ws/install/jsc_mecanum_hardware/share/jsc_mecanum_hardware/local_setup.sh
[2.906s] -- Symlinking: /home/jsc/ros2_ws/install/jsc_mecanum_hardware/share/jsc_mecanum_hardware/local_setup.zsh
[2.921s] -- Symlinking: /home/jsc/ros2_ws/install/jsc_mecanum_hardware/share/jsc_mecanum_hardware/local_setup.dsv
[2.934s] -- Symlinking: /home/jsc/ros2_ws/install/jsc_mecanum_hardware/share/jsc_mecanum_hardware/package.dsv
[2.953s] -- Symlinking: /home/jsc/ros2_ws/install/jsc_mecanum_hardware/share/ament_index/resource_index/packages/jsc_mecanum_hardware
[2.967s] -- Symlinking: /home/jsc/ros2_ws/install/jsc_mecanum_hardware/share/ament_index/resource_index/hardware_interface__pluginlib__plugin/jsc_mecanum_hardware
[2.983s] -- Symlinking: /home/jsc/ros2_ws/install/jsc_mecanum_hardware/share/jsc_mecanum_hardware/cmake/ament_cmake_export_include_directories-extras.cmake
[3.000s] -- Symlinking: /home/jsc/ros2_ws/install/jsc_mecanum_hardware/share/jsc_mecanum_hardware/cmake/ament_cmake_export_libraries-extras.cmake
[3.012s] -- Symlinking: /home/jsc/ros2_ws/install/jsc_mecanum_hardware/share/jsc_mecanum_hardware/cmake/ament_cmake_export_dependencies-extras.cmake
[3.030s] -- Symlinking: /home/jsc/ros2_ws/install/jsc_mecanum_hardware/share/jsc_mecanum_hardware/cmake/jsc_mecanum_hardwareConfig.cmake
[3.041s] -- Symlinking: /home/jsc/ros2_ws/install/jsc_mecanum_hardware/share/jsc_mecanum_hardware/cmake/jsc_mecanum_hardwareConfig-version.cmake
[3.058s] -- Symlinking: /home/jsc/ros2_ws/install/jsc_mecanum_hardware/share/jsc_mecanum_hardware/package.xml
[3.082s] Invoked command in '/home/jsc/ros2_ws/build/jsc_mecanum_hardware' returned '0': CMAKE_PREFIX_PATH=${CMAKE_PREFIX_PATH}:/home/jsc/ros2_ws/install/robot_sensor_distance:/home/jsc/ros2_ws/install/robot_nav2:/home/jsc/ros2_ws/install/robot_distancia:/home/jsc/ros2_ws/install/robot_controller:/home/jsc/ros2_ws/install/motor_gui_pkg:/home/jsc/Aros2duino/install/aros2duino:/opt/ros/humble /usr/bin/cmake --install /home/jsc/ros2_ws/build/jsc_mecanum_hardware
