[2.544s] Invoking command in '/home/jsc/ros2_ws/build/robot_distancia': PYTHONPATH=/home/jsc/ros2_ws/build/robot_distancia/prefix_override:/usr/lib/python3/dist-packages/colcon_core/task/python/colcon_distutils_commands:/home/jsc/ros2_ws/install/robot_distancia/lib/python3.10/site-packages:${PYTHONPATH} /usr/bin/python3 -W ignore:setup.py install is deprecated setup.py develop --uninstall --editable --build-directory /home/jsc/ros2_ws/build/robot_distancia/build
[2.932s] running develop
[3.180s] Removing /home/jsc/ros2_ws/install/robot_distancia/lib/python3.10/site-packages/robot-distancia.egg-link (link to .)
[3.226s] Invoked command in '/home/jsc/ros2_ws/build/robot_distancia' returned '0': PYTHONPATH=/home/jsc/ros2_ws/build/robot_distancia/prefix_override:/usr/lib/python3/dist-packages/colcon_core/task/python/colcon_distutils_commands:/home/jsc/ros2_ws/install/robot_distancia/lib/python3.10/site-packages:${PYTHONPATH} /usr/bin/python3 -W ignore:setup.py install is deprecated setup.py develop --uninstall --editable --build-directory /home/jsc/ros2_ws/build/robot_distancia/build
[3.227s] Invoking command in '/home/jsc/ros2_ws/src/robot_distancia': PYTHONPATH=/home/jsc/ros2_ws/build/robot_distancia/prefix_override:/usr/lib/python3/dist-packages/colcon_core/task/python/colcon_distutils_commands:/home/jsc/ros2_ws/install/robot_distancia/lib/python3.10/site-packages:${PYTHONPATH} /usr/bin/python3 -W ignore:setup.py install is deprecated setup.py egg_info --egg-base ../../build/robot_distancia build --build-base /home/jsc/ros2_ws/build/robot_distancia/build install --record /home/jsc/ros2_ws/build/robot_distancia/install.log --single-version-externally-managed install_data --force
[3.610s] running egg_info
[3.611s] writing ../../build/robot_distancia/robot_distancia.egg-info/PKG-INFO
[3.611s] writing dependency_links to ../../build/robot_distancia/robot_distancia.egg-info/dependency_links.txt
[3.611s] writing entry points to ../../build/robot_distancia/robot_distancia.egg-info/entry_points.txt
[3.611s] writing requirements to ../../build/robot_distancia/robot_distancia.egg-info/requires.txt
[3.611s] writing top-level names to ../../build/robot_distancia/robot_distancia.egg-info/top_level.txt
[3.614s] reading manifest file '../../build/robot_distancia/robot_distancia.egg-info/SOURCES.txt'
[3.614s] adding license file 'LICENSE'
[3.615s] writing manifest file '../../build/robot_distancia/robot_distancia.egg-info/SOURCES.txt'
[3.615s] running build
[3.615s] running build_py
[3.616s] running install
[3.616s] running install_lib
[3.617s] creating /home/jsc/ros2_ws/install/robot_distancia/lib/python3.10/site-packages/robot_distancia
[3.617s] copying /home/jsc/ros2_ws/build/robot_distancia/build/lib/robot_distancia/sensor_distancia.py -> /home/jsc/ros2_ws/install/robot_distancia/lib/python3.10/site-packages/robot_distancia
[3.617s] copying /home/jsc/ros2_ws/build/robot_distancia/build/lib/robot_distancia/__init__.py -> /home/jsc/ros2_ws/install/robot_distancia/lib/python3.10/site-packages/robot_distancia
[3.618s] byte-compiling /home/jsc/ros2_ws/install/robot_distancia/lib/python3.10/site-packages/robot_distancia/sensor_distancia.py to sensor_distancia.cpython-310.pyc
[3.619s] byte-compiling /home/jsc/ros2_ws/install/robot_distancia/lib/python3.10/site-packages/robot_distancia/__init__.py to __init__.cpython-310.pyc
[3.619s] running install_data
[3.620s] copying resource/robot_distancia -> /home/jsc/ros2_ws/install/robot_distancia/share/ament_index/resource_index/packages
[3.620s] copying package.xml -> /home/jsc/ros2_ws/install/robot_distancia/share/robot_distancia
[3.620s] running install_egg_info
[3.622s] Copying ../../build/robot_distancia/robot_distancia.egg-info to /home/jsc/ros2_ws/install/robot_distancia/lib/python3.10/site-packages/robot_distancia-0.0.0-py3.10.egg-info
[3.624s] running install_scripts
[3.650s] Installing distancia script to /home/jsc/ros2_ws/install/robot_distancia/lib/robot_distancia
[3.650s] writing list of installed files to '/home/jsc/ros2_ws/build/robot_distancia/install.log'
[3.693s] Invoked command in '/home/jsc/ros2_ws/src/robot_distancia' returned '0': PYTHONPATH=/home/jsc/ros2_ws/build/robot_distancia/prefix_override:/usr/lib/python3/dist-packages/colcon_core/task/python/colcon_distutils_commands:/home/jsc/ros2_ws/install/robot_distancia/lib/python3.10/site-packages:${PYTHONPATH} /usr/bin/python3 -W ignore:setup.py install is deprecated setup.py egg_info --egg-base ../../build/robot_distancia build --build-base /home/jsc/ros2_ws/build/robot_distancia/build install --record /home/jsc/ros2_ws/build/robot_distancia/install.log --single-version-externally-managed install_data --force
