[3.663s] Invoking command in '/home/jsc/ros2_ws/src/robot_distancia': PYTHONPATH=/home/jsc/ros2_ws/build/robot_distancia/prefix_override:/usr/lib/python3/dist-packages/colcon_core/task/python/colcon_distutils_commands:/home/jsc/ros2_ws/install/robot_distancia/lib/python3.10/site-packages:${PYTHONPATH} /usr/bin/python3 -W ignore:setup.py install is deprecated setup.py egg_info --egg-base ../../build/robot_distancia build --build-base /home/jsc/ros2_ws/build/robot_distancia/build install --record /home/jsc/ros2_ws/build/robot_distancia/install.log --single-version-externally-managed install_data
[4.267s] running egg_info
[4.268s] creating ../../build/robot_distancia/robot_distancia.egg-info
[4.268s] writing ../../build/robot_distancia/robot_distancia.egg-info/PKG-INFO
[4.269s] writing dependency_links to ../../build/robot_distancia/robot_distancia.egg-info/dependency_links.txt
[4.269s] writing entry points to ../../build/robot_distancia/robot_distancia.egg-info/entry_points.txt
[4.269s] writing requirements to ../../build/robot_distancia/robot_distancia.egg-info/requires.txt
[4.269s] writing top-level names to ../../build/robot_distancia/robot_distancia.egg-info/top_level.txt
[4.271s] writing manifest file '../../build/robot_distancia/robot_distancia.egg-info/SOURCES.txt'
[4.272s] reading manifest file '../../build/robot_distancia/robot_distancia.egg-info/SOURCES.txt'
[4.284s] adding license file 'LICENSE'
[4.284s] writing manifest file '../../build/robot_distancia/robot_distancia.egg-info/SOURCES.txt'
[4.284s] running build
[4.284s] running build_py
[4.284s] creating /home/jsc/ros2_ws/build/robot_distancia/build
[4.284s] creating /home/jsc/ros2_ws/build/robot_distancia/build/lib
[4.288s] creating /home/jsc/ros2_ws/build/robot_distancia/build/lib/robot_distancia
[4.288s] copying robot_distancia/sensor_distancia.py -> /home/jsc/ros2_ws/build/robot_distancia/build/lib/robot_distancia
[4.288s] copying robot_distancia/__init__.py -> /home/jsc/ros2_ws/build/robot_distancia/build/lib/robot_distancia
[4.288s] running install
[4.288s] running install_lib
[4.288s] creating /home/jsc/ros2_ws/install/robot_distancia/lib/python3.10/site-packages/robot_distancia
[4.288s] copying /home/jsc/ros2_ws/build/robot_distancia/build/lib/robot_distancia/sensor_distancia.py -> /home/jsc/ros2_ws/install/robot_distancia/lib/python3.10/site-packages/robot_distancia
[4.288s] copying /home/jsc/ros2_ws/build/robot_distancia/build/lib/robot_distancia/__init__.py -> /home/jsc/ros2_ws/install/robot_distancia/lib/python3.10/site-packages/robot_distancia
[4.288s] byte-compiling /home/jsc/ros2_ws/install/robot_distancia/lib/python3.10/site-packages/robot_distancia/sensor_distancia.py to sensor_distancia.cpython-310.pyc
[4.289s] byte-compiling /home/jsc/ros2_ws/install/robot_distancia/lib/python3.10/site-packages/robot_distancia/__init__.py to __init__.cpython-310.pyc
[4.289s] running install_data
[4.289s] creating /home/jsc/ros2_ws/install/robot_distancia/share/ament_index
[4.289s] creating /home/jsc/ros2_ws/install/robot_distancia/share/ament_index/resource_index
[4.289s] creating /home/jsc/ros2_ws/install/robot_distancia/share/ament_index/resource_index/packages
[4.289s] copying resource/robot_distancia -> /home/jsc/ros2_ws/install/robot_distancia/share/ament_index/resource_index/packages
[4.289s] copying package.xml -> /home/jsc/ros2_ws/install/robot_distancia/share/robot_distancia
[4.289s] running install_egg_info
[4.289s] Copying ../../build/robot_distancia/robot_distancia.egg-info to /home/jsc/ros2_ws/install/robot_distancia/lib/python3.10/site-packages/robot_distancia-0.0.0-py3.10.egg-info
[4.290s] running install_scripts
[4.326s] Installing distancia script to /home/jsc/ros2_ws/install/robot_distancia/lib/robot_distancia
[4.329s] writing list of installed files to '/home/jsc/ros2_ws/build/robot_distancia/install.log'
[4.381s] Invoked command in '/home/jsc/ros2_ws/src/robot_distancia' returned '0': PYTHONPATH=/home/jsc/ros2_ws/build/robot_distancia/prefix_override:/usr/lib/python3/dist-packages/colcon_core/task/python/colcon_distutils_commands:/home/jsc/ros2_ws/install/robot_distancia/lib/python3.10/site-packages:${PYTHONPATH} /usr/bin/python3 -W ignore:setup.py install is deprecated setup.py egg_info --egg-base ../../build/robot_distancia build --build-base /home/jsc/ros2_ws/build/robot_distancia/build install --record /home/jsc/ros2_ws/build/robot_distancia/install.log --single-version-externally-managed install_data
