-- Install configuration: ""
-- Execute custom install script
-- Up-to-date symlink: /home/jsc/ros2_ws/install/a_cartographer/share/a_cartographer/config/omni_lds_2d.lua
-- Up-to-date symlink: /home/jsc/ros2_ws/install/a_cartographer/share/a_cartographer/launch/cartographer_launch.py
-- Up-to-date symlink: /home/jsc/ros2_ws/install/a_cartographer/share/a_cartographer/launch/occupancy_grid_launch.py
-- Symlinking: /home/jsc/ros2_ws/install/a_cartographer/share/a_cartographer/launch/robot_state_publisher_launch.py
-- Up-to-date symlink: /home/jsc/ros2_ws/install/a_cartographer/share/a_cartographer/rviz/tb3_cartographer.rviz
-- Up-to-date symlink: /home/jsc/ros2_ws/install/a_cartographer/share/ament_index/resource_index/package_run_dependencies/a_cartographer
-- Up-to-date symlink: /home/jsc/ros2_ws/install/a_cartographer/share/ament_index/resource_index/parent_prefix_path/a_cartographer
-- Up-to-date symlink: /home/jsc/ros2_ws/install/a_cartographer/share/a_cartographer/environment/ament_prefix_path.sh
-- Up-to-date symlink: /home/jsc/ros2_ws/install/a_cartographer/share/a_cartographer/environment/ament_prefix_path.dsv
-- Up-to-date symlink: /home/jsc/ros2_ws/install/a_cartographer/share/a_cartographer/environment/path.sh
-- Up-to-date symlink: /home/jsc/ros2_ws/install/a_cartographer/share/a_cartographer/environment/path.dsv
-- Up-to-date symlink: /home/jsc/ros2_ws/install/a_cartographer/share/a_cartographer/local_setup.bash
-- Up-to-date symlink: /home/jsc/ros2_ws/install/a_cartographer/share/a_cartographer/local_setup.sh
-- Up-to-date symlink: /home/jsc/ros2_ws/install/a_cartographer/share/a_cartographer/local_setup.zsh
-- Up-to-date symlink: /home/jsc/ros2_ws/install/a_cartographer/share/a_cartographer/local_setup.dsv
-- Symlinking: /home/jsc/ros2_ws/install/a_cartographer/share/a_cartographer/package.dsv
-- Up-to-date symlink: /home/jsc/ros2_ws/install/a_cartographer/share/ament_index/resource_index/packages/a_cartographer
-- Up-to-date symlink: /home/jsc/ros2_ws/install/a_cartographer/share/a_cartographer/cmake/a_cartographerConfig.cmake
-- Up-to-date symlink: /home/jsc/ros2_ws/install/a_cartographer/share/a_cartographer/cmake/a_cartographerConfig-version.cmake
-- Up-to-date symlink: /home/jsc/ros2_ws/install/a_cartographer/share/a_cartographer/package.xml
