[0.052s] Invoking command in '/home/jsc/ros2_ws/build/jsc_mecanum_bringup': CMAKE_PREFIX_PATH=/home/jsc/ros2_ws/install/jsc_mecanum_description:/home/jsc/ros2_ws/install/sllidar_ros2:/home/jsc/ros2_ws/install/robot_slam:/home/jsc/ros2_ws/install/rf2o_laser_odometry:/home/jsc/ros2_ws/install/jsc_mobile_robot:/home/jsc/ros2_ws/install/jsc_mecanum_teleop:/home/jsc/ros2_ws/install/jsc_mecanum_hardware:/home/jsc/ros2_ws/install/jsc_mecanum_bringup:/home/jsc/ros2_ws/install/jsc_mecanum_controller:/home/jsc/ros2_ws/install/jsc_mecanum_control:/home/jsc/ros2_ws/install/jsc_bot_description:/home/jsc/ros2_ws/install/a_gazebo:/home/jsc/ros2_ws/install/a_control:/home/jsc/ros2_ws/install/a_cartographer:/home/jsc/ros2_ws/install/robot_sensor_distance:/home/jsc/ros2_ws/install/robot_nav2:/home/jsc/ros2_ws/install/robot_distancia:/home/jsc/ros2_ws/install/robot_controller:/home/jsc/ros2_ws/install/motor_gui_pkg:/home/jsc/Aros2duino/install/aros2duino:/opt/ros/humble /usr/bin/cmake /home/jsc/ros2_ws/src/jsc_mecanum_bringup -DCMAKE_INSTALL_PREFIX=/home/jsc/ros2_ws/install/jsc_mecanum_bringup
[0.499s] -- The C compiler identification is GNU 11.4.0
[0.515s] -- The CXX compiler identification is GNU 11.4.0
[0.538s] -- Detecting C compiler ABI info
[0.804s] -- Detecting C compiler ABI info - done
[0.838s] -- Check for working C compiler: /usr/bin/cc - skipped
[0.839s] -- Detecting C compile features
[0.839s] -- Detecting C compile features - done
[0.860s] -- Detecting CXX compiler ABI info
[1.118s] -- Detecting CXX compiler ABI info - done
[1.146s] -- Check for working CXX compiler: /usr/bin/c++ - skipped
[1.150s] -- Detecting CXX compile features
[1.151s] -- Detecting CXX compile features - done
[1.165s] -- Found ament_cmake: 1.3.10 (/opt/ros/humble/share/ament_cmake/cmake)
[1.604s] -- Found Python3: /usr/bin/python3 (found version "3.10.12") found components: Interpreter 
[2.172s] -- Configuring done
[2.211s] -- Generating done
[2.213s] -- Build files have been written to: /home/jsc/ros2_ws/build/jsc_mecanum_bringup
[2.290s] Invoked command in '/home/jsc/ros2_ws/build/jsc_mecanum_bringup' returned '0': CMAKE_PREFIX_PATH=/home/jsc/ros2_ws/install/jsc_mecanum_description:/home/jsc/ros2_ws/install/sllidar_ros2:/home/jsc/ros2_ws/install/robot_slam:/home/jsc/ros2_ws/install/rf2o_laser_odometry:/home/jsc/ros2_ws/install/jsc_mobile_robot:/home/jsc/ros2_ws/install/jsc_mecanum_teleop:/home/jsc/ros2_ws/install/jsc_mecanum_hardware:/home/jsc/ros2_ws/install/jsc_mecanum_bringup:/home/jsc/ros2_ws/install/jsc_mecanum_controller:/home/jsc/ros2_ws/install/jsc_mecanum_control:/home/jsc/ros2_ws/install/jsc_bot_description:/home/jsc/ros2_ws/install/a_gazebo:/home/jsc/ros2_ws/install/a_control:/home/jsc/ros2_ws/install/a_cartographer:/home/jsc/ros2_ws/install/robot_sensor_distance:/home/jsc/ros2_ws/install/robot_nav2:/home/jsc/ros2_ws/install/robot_distancia:/home/jsc/ros2_ws/install/robot_controller:/home/jsc/ros2_ws/install/motor_gui_pkg:/home/jsc/Aros2duino/install/aros2duino:/opt/ros/humble /usr/bin/cmake /home/jsc/ros2_ws/src/jsc_mecanum_bringup -DCMAKE_INSTALL_PREFIX=/home/jsc/ros2_ws/install/jsc_mecanum_bringup
[2.298s] Invoking command in '/home/jsc/ros2_ws/build/jsc_mecanum_bringup': CMAKE_PREFIX_PATH=/home/jsc/ros2_ws/install/jsc_mecanum_description:/home/jsc/ros2_ws/install/sllidar_ros2:/home/jsc/ros2_ws/install/robot_slam:/home/jsc/ros2_ws/install/rf2o_laser_odometry:/home/jsc/ros2_ws/install/jsc_mobile_robot:/home/jsc/ros2_ws/install/jsc_mecanum_teleop:/home/jsc/ros2_ws/install/jsc_mecanum_hardware:/home/jsc/ros2_ws/install/jsc_mecanum_bringup:/home/jsc/ros2_ws/install/jsc_mecanum_controller:/home/jsc/ros2_ws/install/jsc_mecanum_control:/home/jsc/ros2_ws/install/jsc_bot_description:/home/jsc/ros2_ws/install/a_gazebo:/home/jsc/ros2_ws/install/a_control:/home/jsc/ros2_ws/install/a_cartographer:/home/jsc/ros2_ws/install/robot_sensor_distance:/home/jsc/ros2_ws/install/robot_nav2:/home/jsc/ros2_ws/install/robot_distancia:/home/jsc/ros2_ws/install/robot_controller:/home/jsc/ros2_ws/install/motor_gui_pkg:/home/jsc/Aros2duino/install/aros2duino:/opt/ros/humble /usr/bin/cmake --build /home/jsc/ros2_ws/build/jsc_mecanum_bringup -- -j12 -l12
[2.404s] Invoked command in '/home/jsc/ros2_ws/build/jsc_mecanum_bringup' returned '0': CMAKE_PREFIX_PATH=/home/jsc/ros2_ws/install/jsc_mecanum_description:/home/jsc/ros2_ws/install/sllidar_ros2:/home/jsc/ros2_ws/install/robot_slam:/home/jsc/ros2_ws/install/rf2o_laser_odometry:/home/jsc/ros2_ws/install/jsc_mobile_robot:/home/jsc/ros2_ws/install/jsc_mecanum_teleop:/home/jsc/ros2_ws/install/jsc_mecanum_hardware:/home/jsc/ros2_ws/install/jsc_mecanum_bringup:/home/jsc/ros2_ws/install/jsc_mecanum_controller:/home/jsc/ros2_ws/install/jsc_mecanum_control:/home/jsc/ros2_ws/install/jsc_bot_description:/home/jsc/ros2_ws/install/a_gazebo:/home/jsc/ros2_ws/install/a_control:/home/jsc/ros2_ws/install/a_cartographer:/home/jsc/ros2_ws/install/robot_sensor_distance:/home/jsc/ros2_ws/install/robot_nav2:/home/jsc/ros2_ws/install/robot_distancia:/home/jsc/ros2_ws/install/robot_controller:/home/jsc/ros2_ws/install/motor_gui_pkg:/home/jsc/Aros2duino/install/aros2duino:/opt/ros/humble /usr/bin/cmake --build /home/jsc/ros2_ws/build/jsc_mecanum_bringup -- -j12 -l12
[2.486s] Invoking command in '/home/jsc/ros2_ws/build/jsc_mecanum_bringup': CMAKE_PREFIX_PATH=/home/jsc/ros2_ws/install/jsc_mecanum_description:/home/jsc/ros2_ws/install/sllidar_ros2:/home/jsc/ros2_ws/install/robot_slam:/home/jsc/ros2_ws/install/rf2o_laser_odometry:/home/jsc/ros2_ws/install/jsc_mobile_robot:/home/jsc/ros2_ws/install/jsc_mecanum_teleop:/home/jsc/ros2_ws/install/jsc_mecanum_hardware:/home/jsc/ros2_ws/install/jsc_mecanum_bringup:/home/jsc/ros2_ws/install/jsc_mecanum_controller:/home/jsc/ros2_ws/install/jsc_mecanum_control:/home/jsc/ros2_ws/install/jsc_bot_description:/home/jsc/ros2_ws/install/a_gazebo:/home/jsc/ros2_ws/install/a_control:/home/jsc/ros2_ws/install/a_cartographer:/home/jsc/ros2_ws/install/robot_sensor_distance:/home/jsc/ros2_ws/install/robot_nav2:/home/jsc/ros2_ws/install/robot_distancia:/home/jsc/ros2_ws/install/robot_controller:/home/jsc/ros2_ws/install/motor_gui_pkg:/home/jsc/Aros2duino/install/aros2duino:/opt/ros/humble /usr/bin/cmake --install /home/jsc/ros2_ws/build/jsc_mecanum_bringup
[2.504s] -- Install configuration: ""
[2.504s] -- Installing: /home/jsc/ros2_ws/install/jsc_mecanum_bringup/share/jsc_mecanum_bringup/launch
[2.505s] -- Installing: /home/jsc/ros2_ws/install/jsc_mecanum_bringup/share/jsc_mecanum_bringup/launch/jsc_mecanum_hardware.py
[2.507s] -- Installing: /home/jsc/ros2_ws/install/jsc_mecanum_bringup/share/jsc_mecanum_bringup/launch/rviz2.py
[2.509s] -- Installing: /home/jsc/ros2_ws/install/jsc_mecanum_bringup/share/jsc_mecanum_bringup/launch/jsc_mecanum_teleop.py
[2.511s] -- Installing: /home/jsc/ros2_ws/install/jsc_mecanum_bringup/share/jsc_mecanum_bringup/launch/jsc_mecanum_state_publisher.py
[2.513s] -- Installing: /home/jsc/ros2_ws/install/jsc_mecanum_bringup/share/ament_index/resource_index/package_run_dependencies/jsc_mecanum_bringup
[2.513s] -- Installing: /home/jsc/ros2_ws/install/jsc_mecanum_bringup/share/ament_index/resource_index/parent_prefix_path/jsc_mecanum_bringup
[2.517s] -- Installing: /home/jsc/ros2_ws/install/jsc_mecanum_bringup/share/jsc_mecanum_bringup/environment/ament_prefix_path.sh
[2.517s] -- Installing: /home/jsc/ros2_ws/install/jsc_mecanum_bringup/share/jsc_mecanum_bringup/environment/ament_prefix_path.dsv
[2.517s] -- Installing: /home/jsc/ros2_ws/install/jsc_mecanum_bringup/share/jsc_mecanum_bringup/environment/path.sh
[2.522s] -- Installing: /home/jsc/ros2_ws/install/jsc_mecanum_bringup/share/jsc_mecanum_bringup/environment/path.dsv
[2.522s] -- Installing: /home/jsc/ros2_ws/install/jsc_mecanum_bringup/share/jsc_mecanum_bringup/local_setup.bash
[2.522s] -- Installing: /home/jsc/ros2_ws/install/jsc_mecanum_bringup/share/jsc_mecanum_bringup/local_setup.sh
[2.523s] -- Installing: /home/jsc/ros2_ws/install/jsc_mecanum_bringup/share/jsc_mecanum_bringup/local_setup.zsh
[2.523s] -- Installing: /home/jsc/ros2_ws/install/jsc_mecanum_bringup/share/jsc_mecanum_bringup/local_setup.dsv
[2.523s] -- Installing: /home/jsc/ros2_ws/install/jsc_mecanum_bringup/share/jsc_mecanum_bringup/package.dsv
[2.526s] -- Installing: /home/jsc/ros2_ws/install/jsc_mecanum_bringup/share/ament_index/resource_index/packages/jsc_mecanum_bringup
[2.526s] -- Installing: /home/jsc/ros2_ws/install/jsc_mecanum_bringup/share/jsc_mecanum_bringup/cmake/jsc_mecanum_bringupConfig.cmake
[2.527s] -- Installing: /home/jsc/ros2_ws/install/jsc_mecanum_bringup/share/jsc_mecanum_bringup/cmake/jsc_mecanum_bringupConfig-version.cmake
[2.527s] -- Installing: /home/jsc/ros2_ws/install/jsc_mecanum_bringup/share/jsc_mecanum_bringup/package.xml
[2.555s] Invoked command in '/home/jsc/ros2_ws/build/jsc_mecanum_bringup' returned '0': CMAKE_PREFIX_PATH=/home/jsc/ros2_ws/install/jsc_mecanum_description:/home/jsc/ros2_ws/install/sllidar_ros2:/home/jsc/ros2_ws/install/robot_slam:/home/jsc/ros2_ws/install/rf2o_laser_odometry:/home/jsc/ros2_ws/install/jsc_mobile_robot:/home/jsc/ros2_ws/install/jsc_mecanum_teleop:/home/jsc/ros2_ws/install/jsc_mecanum_hardware:/home/jsc/ros2_ws/install/jsc_mecanum_bringup:/home/jsc/ros2_ws/install/jsc_mecanum_controller:/home/jsc/ros2_ws/install/jsc_mecanum_control:/home/jsc/ros2_ws/install/jsc_bot_description:/home/jsc/ros2_ws/install/a_gazebo:/home/jsc/ros2_ws/install/a_control:/home/jsc/ros2_ws/install/a_cartographer:/home/jsc/ros2_ws/install/robot_sensor_distance:/home/jsc/ros2_ws/install/robot_nav2:/home/jsc/ros2_ws/install/robot_distancia:/home/jsc/ros2_ws/install/robot_controller:/home/jsc/ros2_ws/install/motor_gui_pkg:/home/jsc/Aros2duino/install/aros2duino:/opt/ros/humble /usr/bin/cmake --install /home/jsc/ros2_ws/build/jsc_mecanum_bringup
