[0.015s] Invoking command in '/home/jsc/ros2_ws/build/a_cartographer': CMAKE_PREFIX_PATH=${CMAKE_PREFIX_PATH}:/home/jsc/ros2_ws/install/robot_sensor_distance:/home/jsc/ros2_ws/install/robot_nav2:/home/jsc/ros2_ws/install/robot_distancia:/home/jsc/ros2_ws/install/robot_controller:/home/jsc/ros2_ws/install/motor_gui_pkg:/home/jsc/Aros2duino/install/aros2duino:/opt/ros/humble /usr/bin/cmake /home/jsc/ros2_ws/src/a_cartographer -DAMENT_CMAKE_SYMLINK_INSTALL=1 -DCMAKE_INSTALL_PREFIX=/home/jsc/ros2_ws/install/a_cartographer
[0.034s] -- Found ament_cmake: 1.3.10 (/opt/ros/humble/share/ament_cmake/cmake)
[0.153s] -- Override CMake install command with custom implementation using symlinks instead of copying resources
[0.169s] -- Found urdf: 2.6.1 (/opt/ros/humble/share/urdf/cmake)
[0.211s] -- Found xacro: 2.0.8 (/opt/ros/humble/share/xacro/cmake)
[0.275s] -- Configuring done
[0.278s] -- Generating done
[0.279s] -- Build files have been written to: /home/jsc/ros2_ws/build/a_cartographer
[0.283s] Invoked command in '/home/jsc/ros2_ws/build/a_cartographer' returned '0': CMAKE_PREFIX_PATH=${CMAKE_PREFIX_PATH}:/home/jsc/ros2_ws/install/robot_sensor_distance:/home/jsc/ros2_ws/install/robot_nav2:/home/jsc/ros2_ws/install/robot_distancia:/home/jsc/ros2_ws/install/robot_controller:/home/jsc/ros2_ws/install/motor_gui_pkg:/home/jsc/Aros2duino/install/aros2duino:/opt/ros/humble /usr/bin/cmake /home/jsc/ros2_ws/src/a_cartographer -DAMENT_CMAKE_SYMLINK_INSTALL=1 -DCMAKE_INSTALL_PREFIX=/home/jsc/ros2_ws/install/a_cartographer
[0.284s] Invoking command in '/home/jsc/ros2_ws/build/a_cartographer': CMAKE_PREFIX_PATH=${CMAKE_PREFIX_PATH}:/home/jsc/ros2_ws/install/robot_sensor_distance:/home/jsc/ros2_ws/install/robot_nav2:/home/jsc/ros2_ws/install/robot_distancia:/home/jsc/ros2_ws/install/robot_controller:/home/jsc/ros2_ws/install/motor_gui_pkg:/home/jsc/Aros2duino/install/aros2duino:/opt/ros/humble /usr/bin/cmake --build /home/jsc/ros2_ws/build/a_cartographer -- -j12 -l12
[0.324s] Invoked command in '/home/jsc/ros2_ws/build/a_cartographer' returned '0': CMAKE_PREFIX_PATH=${CMAKE_PREFIX_PATH}:/home/jsc/ros2_ws/install/robot_sensor_distance:/home/jsc/ros2_ws/install/robot_nav2:/home/jsc/ros2_ws/install/robot_distancia:/home/jsc/ros2_ws/install/robot_controller:/home/jsc/ros2_ws/install/motor_gui_pkg:/home/jsc/Aros2duino/install/aros2duino:/opt/ros/humble /usr/bin/cmake --build /home/jsc/ros2_ws/build/a_cartographer -- -j12 -l12
[0.346s] Invoking command in '/home/jsc/ros2_ws/build/a_cartographer': CMAKE_PREFIX_PATH=${CMAKE_PREFIX_PATH}:/home/jsc/ros2_ws/install/robot_sensor_distance:/home/jsc/ros2_ws/install/robot_nav2:/home/jsc/ros2_ws/install/robot_distancia:/home/jsc/ros2_ws/install/robot_controller:/home/jsc/ros2_ws/install/motor_gui_pkg:/home/jsc/Aros2duino/install/aros2duino:/opt/ros/humble /usr/bin/cmake --install /home/jsc/ros2_ws/build/a_cartographer
[0.352s] -- Install configuration: ""
[0.352s] -- Execute custom install script
[0.353s] -- Symlinking: /home/jsc/ros2_ws/install/a_cartographer/share/a_cartographer/config/omni_lds_2d.lua
[0.361s] -- Symlinking: /home/jsc/ros2_ws/install/a_cartographer/share/a_cartographer/launch/cartographer_launch.py
[0.370s] -- Symlinking: /home/jsc/ros2_ws/install/a_cartographer/share/a_cartographer/launch/occupancy_grid_launch.py
[0.378s] -- Symlinking: /home/jsc/ros2_ws/install/a_cartographer/share/a_cartographer/rviz/tb3_cartographer.rviz
[0.386s] -- Symlinking: /home/jsc/ros2_ws/install/a_cartographer/share/ament_index/resource_index/package_run_dependencies/a_cartographer
[0.394s] -- Symlinking: /home/jsc/ros2_ws/install/a_cartographer/share/ament_index/resource_index/parent_prefix_path/a_cartographer
[0.401s] -- Symlinking: /home/jsc/ros2_ws/install/a_cartographer/share/a_cartographer/environment/ament_prefix_path.sh
[0.410s] -- Symlinking: /home/jsc/ros2_ws/install/a_cartographer/share/a_cartographer/environment/ament_prefix_path.dsv
[0.418s] -- Symlinking: /home/jsc/ros2_ws/install/a_cartographer/share/a_cartographer/environment/path.sh
[0.426s] -- Symlinking: /home/jsc/ros2_ws/install/a_cartographer/share/a_cartographer/environment/path.dsv
[0.435s] -- Symlinking: /home/jsc/ros2_ws/install/a_cartographer/share/a_cartographer/local_setup.bash
[0.442s] -- Symlinking: /home/jsc/ros2_ws/install/a_cartographer/share/a_cartographer/local_setup.sh
[0.450s] -- Symlinking: /home/jsc/ros2_ws/install/a_cartographer/share/a_cartographer/local_setup.zsh
[0.458s] -- Symlinking: /home/jsc/ros2_ws/install/a_cartographer/share/a_cartographer/local_setup.dsv
[0.466s] -- Symlinking: /home/jsc/ros2_ws/install/a_cartographer/share/a_cartographer/package.dsv
[0.474s] -- Symlinking: /home/jsc/ros2_ws/install/a_cartographer/share/ament_index/resource_index/packages/a_cartographer
[0.482s] -- Symlinking: /home/jsc/ros2_ws/install/a_cartographer/share/a_cartographer/cmake/a_cartographerConfig.cmake
[0.490s] -- Symlinking: /home/jsc/ros2_ws/install/a_cartographer/share/a_cartographer/cmake/a_cartographerConfig-version.cmake
[0.498s] -- Symlinking: /home/jsc/ros2_ws/install/a_cartographer/share/a_cartographer/package.xml
[0.507s] Invoked command in '/home/jsc/ros2_ws/build/a_cartographer' returned '0': CMAKE_PREFIX_PATH=${CMAKE_PREFIX_PATH}:/home/jsc/ros2_ws/install/robot_sensor_distance:/home/jsc/ros2_ws/install/robot_nav2:/home/jsc/ros2_ws/install/robot_distancia:/home/jsc/ros2_ws/install/robot_controller:/home/jsc/ros2_ws/install/motor_gui_pkg:/home/jsc/Aros2duino/install/aros2duino:/opt/ros/humble /usr/bin/cmake --install /home/jsc/ros2_ws/build/a_cartographer
