[1.138s] Invoking command in '/home/jsc/ros2_ws/build/robot_slam': CMAKE_PREFIX_PATH=${CMAKE_PREFIX_PATH}:/home/jsc/ros2_ws/install/robot_sensor_distance:/home/jsc/ros2_ws/install/robot_nav2:/home/jsc/ros2_ws/install/robot_distancia:/home/jsc/ros2_ws/install/robot_controller:/home/jsc/ros2_ws/install/motor_gui_pkg:/home/jsc/Aros2duino/install/aros2duino:/opt/ros/humble /usr/bin/cmake --build /home/jsc/ros2_ws/build/robot_slam -- -j12 -l12
[1.179s] Invoked command in '/home/jsc/ros2_ws/build/robot_slam' returned '0': CMAKE_PREFIX_PATH=${CMAKE_PREFIX_PATH}:/home/jsc/ros2_ws/install/robot_sensor_distance:/home/jsc/ros2_ws/install/robot_nav2:/home/jsc/ros2_ws/install/robot_distancia:/home/jsc/ros2_ws/install/robot_controller:/home/jsc/ros2_ws/install/motor_gui_pkg:/home/jsc/Aros2duino/install/aros2duino:/opt/ros/humble /usr/bin/cmake --build /home/jsc/ros2_ws/build/robot_slam -- -j12 -l12
[1.211s] Invoking command in '/home/jsc/ros2_ws/build/robot_slam': CMAKE_PREFIX_PATH=${CMAKE_PREFIX_PATH}:/home/jsc/ros2_ws/install/robot_sensor_distance:/home/jsc/ros2_ws/install/robot_nav2:/home/jsc/ros2_ws/install/robot_distancia:/home/jsc/ros2_ws/install/robot_controller:/home/jsc/ros2_ws/install/motor_gui_pkg:/home/jsc/Aros2duino/install/aros2duino:/opt/ros/humble /usr/bin/cmake --install /home/jsc/ros2_ws/build/robot_slam
[1.220s] -- Install configuration: ""
[1.221s] -- Up-to-date: /home/jsc/ros2_ws/install/robot_slam/share/robot_slam/launch
[1.221s] -- Up-to-date: /home/jsc/ros2_ws/install/robot_slam/share/robot_slam/launch/nav2_bringup_launch.py
[1.221s] -- Up-to-date: /home/jsc/ros2_ws/install/robot_slam/share/robot_slam/launch/slam_toolbox_launch.py
[1.221s] -- Up-to-date: /home/jsc/ros2_ws/install/robot_slam/share/robot_slam/config
[1.221s] -- Up-to-date: /home/jsc/ros2_ws/install/robot_slam/share/robot_slam/config/nav2_params.yaml
[1.222s] -- Up-to-date: /home/jsc/ros2_ws/install/robot_slam/share/robot_slam/config/slam_toolbox_config.yaml
[1.222s] -- Up-to-date: /home/jsc/ros2_ws/install/robot_slam/share/ament_index/resource_index/package_run_dependencies/robot_slam
[1.222s] -- Up-to-date: /home/jsc/ros2_ws/install/robot_slam/share/ament_index/resource_index/parent_prefix_path/robot_slam
[1.222s] -- Up-to-date: /home/jsc/ros2_ws/install/robot_slam/share/robot_slam/environment/ament_prefix_path.sh
[1.222s] -- Up-to-date: /home/jsc/ros2_ws/install/robot_slam/share/robot_slam/environment/ament_prefix_path.dsv
[1.223s] -- Up-to-date: /home/jsc/ros2_ws/install/robot_slam/share/robot_slam/environment/path.sh
[1.223s] -- Up-to-date: /home/jsc/ros2_ws/install/robot_slam/share/robot_slam/environment/path.dsv
[1.223s] -- Up-to-date: /home/jsc/ros2_ws/install/robot_slam/share/robot_slam/local_setup.bash
[1.223s] -- Up-to-date: /home/jsc/ros2_ws/install/robot_slam/share/robot_slam/local_setup.sh
[1.223s] -- Up-to-date: /home/jsc/ros2_ws/install/robot_slam/share/robot_slam/local_setup.zsh
[1.223s] -- Up-to-date: /home/jsc/ros2_ws/install/robot_slam/share/robot_slam/local_setup.dsv
[1.223s] -- Installing: /home/jsc/ros2_ws/install/robot_slam/share/robot_slam/package.dsv
[1.223s] -- Up-to-date: /home/jsc/ros2_ws/install/robot_slam/share/ament_index/resource_index/packages/robot_slam
[1.225s] -- Up-to-date: /home/jsc/ros2_ws/install/robot_slam/share/robot_slam/cmake/robot_slamConfig.cmake
[1.226s] -- Up-to-date: /home/jsc/ros2_ws/install/robot_slam/share/robot_slam/cmake/robot_slamConfig-version.cmake
[1.227s] -- Up-to-date: /home/jsc/ros2_ws/install/robot_slam/share/robot_slam/package.xml
[1.230s] Invoked command in '/home/jsc/ros2_ws/build/robot_slam' returned '0': CMAKE_PREFIX_PATH=${CMAKE_PREFIX_PATH}:/home/jsc/ros2_ws/install/robot_sensor_distance:/home/jsc/ros2_ws/install/robot_nav2:/home/jsc/ros2_ws/install/robot_distancia:/home/jsc/ros2_ws/install/robot_controller:/home/jsc/ros2_ws/install/motor_gui_pkg:/home/jsc/Aros2duino/install/aros2duino:/opt/ros/humble /usr/bin/cmake --install /home/jsc/ros2_ws/build/robot_slam
