[0.058s] Invoking command in '/home/jsc/ros2_ws/build/jsc_mecanum_controller': CMAKE_PREFIX_PATH=${CMAKE_PREFIX_PATH}:/home/jsc/ros2_ws/install/robot_sensor_distance:/home/jsc/ros2_ws/install/robot_nav2:/home/jsc/ros2_ws/install/robot_distancia:/home/jsc/ros2_ws/install/robot_controller:/home/jsc/ros2_ws/install/motor_gui_pkg:/home/jsc/Aros2duino/install/aros2duino:/opt/ros/humble /usr/bin/cmake --build /home/jsc/ros2_ws/build/jsc_mecanum_controller -- -j12 -l12
[0.389s] [35m[1mConsolidate compiler generated dependencies of target jsc_mecanum_controller[0m
[0.390s] [100%] Built target jsc_mecanum_controller
[0.405s] Invoked command in '/home/jsc/ros2_ws/build/jsc_mecanum_controller' returned '0': CMAKE_PREFIX_PATH=${CMAKE_PREFIX_PATH}:/home/jsc/ros2_ws/install/robot_sensor_distance:/home/jsc/ros2_ws/install/robot_nav2:/home/jsc/ros2_ws/install/robot_distancia:/home/jsc/ros2_ws/install/robot_controller:/home/jsc/ros2_ws/install/motor_gui_pkg:/home/jsc/Aros2duino/install/aros2duino:/opt/ros/humble /usr/bin/cmake --build /home/jsc/ros2_ws/build/jsc_mecanum_controller -- -j12 -l12
[0.504s] Invoking command in '/home/jsc/ros2_ws/build/jsc_mecanum_controller': CMAKE_PREFIX_PATH=${CMAKE_PREFIX_PATH}:/home/jsc/ros2_ws/install/robot_sensor_distance:/home/jsc/ros2_ws/install/robot_nav2:/home/jsc/ros2_ws/install/robot_distancia:/home/jsc/ros2_ws/install/robot_controller:/home/jsc/ros2_ws/install/motor_gui_pkg:/home/jsc/Aros2duino/install/aros2duino:/opt/ros/humble /usr/bin/cmake --install /home/jsc/ros2_ws/build/jsc_mecanum_controller
[0.535s] -- Install configuration: ""
[0.535s] -- Up-to-date: /home/jsc/ros2_ws/install/jsc_mecanum_controller/share/jsc_mecanum_controller/jsc_mecanum_controller.xml
[0.535s] -- Up-to-date: /home/jsc/ros2_ws/install/jsc_mecanum_controller/lib/libjsc_mecanum_controller.so
[0.535s] -- Up-to-date: /home/jsc/ros2_ws/install/jsc_mecanum_controller/include/include
[0.535s] -- Up-to-date: /home/jsc/ros2_ws/install/jsc_mecanum_controller/include/include/jsc_mecanum_controller
[0.535s] -- Up-to-date: /home/jsc/ros2_ws/install/jsc_mecanum_controller/include/include/jsc_mecanum_controller/jsc_mecanum_controller_compiler.h
[0.535s] -- Up-to-date: /home/jsc/ros2_ws/install/jsc_mecanum_controller/include/include/jsc_mecanum_controller/jsc_mecanum_wheel.hpp
[0.535s] -- Up-to-date: /home/jsc/ros2_ws/install/jsc_mecanum_controller/include/include/jsc_mecanum_controller/jsc_mecanum_drive_controller.hpp
[0.535s] -- Up-to-date: /home/jsc/ros2_ws/install/jsc_mecanum_controller/share/jsc_mecanum_controller/environment/library_path.sh
[0.535s] -- Up-to-date: /home/jsc/ros2_ws/install/jsc_mecanum_controller/share/jsc_mecanum_controller/environment/library_path.dsv
[0.536s] -- Up-to-date: /home/jsc/ros2_ws/install/jsc_mecanum_controller/share/ament_index/resource_index/package_run_dependencies/jsc_mecanum_controller
[0.536s] -- Up-to-date: /home/jsc/ros2_ws/install/jsc_mecanum_controller/share/ament_index/resource_index/parent_prefix_path/jsc_mecanum_controller
[0.537s] -- Up-to-date: /home/jsc/ros2_ws/install/jsc_mecanum_controller/share/jsc_mecanum_controller/environment/ament_prefix_path.sh
[0.537s] -- Up-to-date: /home/jsc/ros2_ws/install/jsc_mecanum_controller/share/jsc_mecanum_controller/environment/ament_prefix_path.dsv
[0.537s] -- Up-to-date: /home/jsc/ros2_ws/install/jsc_mecanum_controller/share/jsc_mecanum_controller/environment/path.sh
[0.537s] -- Up-to-date: /home/jsc/ros2_ws/install/jsc_mecanum_controller/share/jsc_mecanum_controller/environment/path.dsv
[0.537s] -- Up-to-date: /home/jsc/ros2_ws/install/jsc_mecanum_controller/share/jsc_mecanum_controller/local_setup.bash
[0.537s] -- Up-to-date: /home/jsc/ros2_ws/install/jsc_mecanum_controller/share/jsc_mecanum_controller/local_setup.sh
[0.537s] -- Up-to-date: /home/jsc/ros2_ws/install/jsc_mecanum_controller/share/jsc_mecanum_controller/local_setup.zsh
[0.538s] -- Up-to-date: /home/jsc/ros2_ws/install/jsc_mecanum_controller/share/jsc_mecanum_controller/local_setup.dsv
[0.538s] -- Installing: /home/jsc/ros2_ws/install/jsc_mecanum_controller/share/jsc_mecanum_controller/package.dsv
[0.538s] -- Up-to-date: /home/jsc/ros2_ws/install/jsc_mecanum_controller/share/ament_index/resource_index/packages/jsc_mecanum_controller
[0.538s] -- Up-to-date: /home/jsc/ros2_ws/install/jsc_mecanum_controller/share/ament_index/resource_index/controller_interface__pluginlib__plugin/jsc_mecanum_controller
[0.538s] -- Up-to-date: /home/jsc/ros2_ws/install/jsc_mecanum_controller/share/jsc_mecanum_controller/cmake/ament_cmake_export_include_directories-extras.cmake
[0.538s] -- Up-to-date: /home/jsc/ros2_ws/install/jsc_mecanum_controller/share/jsc_mecanum_controller/cmake/ament_cmake_export_libraries-extras.cmake
[0.538s] -- Up-to-date: /home/jsc/ros2_ws/install/jsc_mecanum_controller/share/jsc_mecanum_controller/cmake/ament_cmake_export_dependencies-extras.cmake
[0.538s] -- Up-to-date: /home/jsc/ros2_ws/install/jsc_mecanum_controller/share/jsc_mecanum_controller/cmake/jsc_mecanum_controllerConfig.cmake
[0.538s] -- Up-to-date: /home/jsc/ros2_ws/install/jsc_mecanum_controller/share/jsc_mecanum_controller/cmake/jsc_mecanum_controllerConfig-version.cmake
[0.538s] -- Up-to-date: /home/jsc/ros2_ws/install/jsc_mecanum_controller/share/jsc_mecanum_controller/package.xml
[0.590s] Invoked command in '/home/jsc/ros2_ws/build/jsc_mecanum_controller' returned '0': CMAKE_PREFIX_PATH=${CMAKE_PREFIX_PATH}:/home/jsc/ros2_ws/install/robot_sensor_distance:/home/jsc/ros2_ws/install/robot_nav2:/home/jsc/ros2_ws/install/robot_distancia:/home/jsc/ros2_ws/install/robot_controller:/home/jsc/ros2_ws/install/motor_gui_pkg:/home/jsc/Aros2duino/install/aros2duino:/opt/ros/humble /usr/bin/cmake --install /home/jsc/ros2_ws/build/jsc_mecanum_controller
