[2.385s] Invoking command in '/home/jsc/ros2_ws/build/robot_controller': PYTHONPATH=/home/jsc/ros2_ws/build/robot_controller/prefix_override:/usr/lib/python3/dist-packages/colcon_core/task/python/colcon_distutils_commands:/home/jsc/ros2_ws/install/robot_controller/lib/python3.10/site-packages:${PYTHONPATH} /usr/bin/python3 -W ignore:setup.py install is deprecated setup.py develop --editable --build-directory /home/jsc/ros2_ws/build/robot_controller/build --no-deps symlink_data --force
[2.877s] running develop
[3.163s] running egg_info
[3.163s] writing robot_controller.egg-info/PKG-INFO
[3.163s] writing dependency_links to robot_controller.egg-info/dependency_links.txt
[3.164s] writing entry points to robot_controller.egg-info/entry_points.txt
[3.164s] writing requirements to robot_controller.egg-info/requires.txt
[3.164s] writing top-level names to robot_controller.egg-info/top_level.txt
[3.167s] reading manifest file 'robot_controller.egg-info/SOURCES.txt'
[3.168s] writing manifest file 'robot_controller.egg-info/SOURCES.txt'
[3.171s] running build_ext
[3.171s] Creating /home/jsc/ros2_ws/install/robot_controller/lib/python3.10/site-packages/robot-controller.egg-link (link to .)
[3.172s] Installing find_ports script to /home/jsc/ros2_ws/install/robot_controller/lib/robot_controller
[3.172s] Installing text_node script to /home/jsc/ros2_ws/install/robot_controller/lib/robot_controller
[3.173s] 
[3.173s] Installed /home/jsc/ros2_ws/build/robot_controller
[3.173s] running symlink_data
[3.173s] symbolically linking /home/jsc/ros2_ws/build/robot_controller/resource/robot_controller -> /home/jsc/ros2_ws/install/robot_controller/share/ament_index/resource_index/packages
[3.173s] symbolically linking /home/jsc/ros2_ws/build/robot_controller/package.xml -> /home/jsc/ros2_ws/install/robot_controller/share/robot_controller
[3.263s] Invoked command in '/home/jsc/ros2_ws/build/robot_controller' returned '0': PYTHONPATH=/home/jsc/ros2_ws/build/robot_controller/prefix_override:/usr/lib/python3/dist-packages/colcon_core/task/python/colcon_distutils_commands:/home/jsc/ros2_ws/install/robot_controller/lib/python3.10/site-packages:${PYTHONPATH} /usr/bin/python3 -W ignore:setup.py install is deprecated setup.py develop --editable --build-directory /home/jsc/ros2_ws/build/robot_controller/build --no-deps symlink_data --force
